CRITICAL - 2022-12-28 14:31:13 --> Undefined variable: n
#0 C:\xampp\htdocs\arsip-cpanel\app\Views\daftar_naskah_masuk.php(91): CodeIgniter\Debug\Exceptions->errorHandler(8, 'Undefined varia...', 'C:\\xampp\\htdocs...', 91, Array)
#1 C:\xampp\htdocs\arsip-cpanel\vendor\codeigniter4\framework\system\View\View.php(214): include('C:\\xampp\\htdocs...')
#2 C:\xampp\htdocs\arsip-cpanel\vendor\codeigniter4\framework\system\View\View.php(217): CodeIgniter\View\View->CodeIgniter\View\{closure}()
#3 C:\xampp\htdocs\arsip-cpanel\vendor\codeigniter4\framework\system\Common.php(1092): CodeIgniter\View\View->render('daftar_naskah_m...', Array, true)
#4 C:\xampp\htdocs\arsip-cpanel\app\Controllers\Naskah.php(254): view('daftar_naskah_m...', Array)
#5 C:\xampp\htdocs\arsip-cpanel\vendor\codeigniter4\framework\system\CodeIgniter.php(802): App\Controllers\Naskah->naskah_masuk()
#6 C:\xampp\htdocs\arsip-cpanel\vendor\codeigniter4\framework\system\CodeIgniter.php(399): CodeIgniter\CodeIgniter->runController(Object(App\Controllers\Naskah))
#7 C:\xampp\htdocs\arsip-cpanel\vendor\codeigniter4\framework\system\CodeIgniter.php(317): CodeIgniter\CodeIgniter->handleRequest(NULL, Object(Config\Cache), false)
#8 C:\xampp\htdocs\arsip-cpanel\index.php(37): CodeIgniter\CodeIgniter->run()
#9 {main}
CRITICAL - 2022-12-28 14:31:36 --> Undefined variable: n
#0 C:\xampp\htdocs\arsip-cpanel\app\Views\daftar_naskah_masuk.php(91): CodeIgniter\Debug\Exceptions->errorHandler(8, 'Undefined varia...', 'C:\\xampp\\htdocs...', 91, Array)
#1 C:\xampp\htdocs\arsip-cpanel\vendor\codeigniter4\framework\system\View\View.php(214): include('C:\\xampp\\htdocs...')
#2 C:\xampp\htdocs\arsip-cpanel\vendor\codeigniter4\framework\system\View\View.php(217): CodeIgniter\View\View->CodeIgniter\View\{closure}()
#3 C:\xampp\htdocs\arsip-cpanel\vendor\codeigniter4\framework\system\Common.php(1092): CodeIgniter\View\View->render('daftar_naskah_m...', Array, true)
#4 C:\xampp\htdocs\arsip-cpanel\app\Controllers\Naskah.php(254): view('daftar_naskah_m...', Array)
#5 C:\xampp\htdocs\arsip-cpanel\vendor\codeigniter4\framework\system\CodeIgniter.php(802): App\Controllers\Naskah->naskah_masuk()
#6 C:\xampp\htdocs\arsip-cpanel\vendor\codeigniter4\framework\system\CodeIgniter.php(399): CodeIgniter\CodeIgniter->runController(Object(App\Controllers\Naskah))
#7 C:\xampp\htdocs\arsip-cpanel\vendor\codeigniter4\framework\system\CodeIgniter.php(317): CodeIgniter\CodeIgniter->handleRequest(NULL, Object(Config\Cache), false)
#8 C:\xampp\htdocs\arsip-cpanel\index.php(37): CodeIgniter\CodeIgniter->run()
#9 {main}
CRITICAL - 2022-12-28 14:31:44 --> Undefined variable: n
#0 C:\xampp\htdocs\arsip-cpanel\app\Views\daftar_naskah_masuk.php(91): CodeIgniter\Debug\Exceptions->errorHandler(8, 'Undefined varia...', 'C:\\xampp\\htdocs...', 91, Array)
#1 C:\xampp\htdocs\arsip-cpanel\vendor\codeigniter4\framework\system\View\View.php(214): include('C:\\xampp\\htdocs...')
#2 C:\xampp\htdocs\arsip-cpanel\vendor\codeigniter4\framework\system\View\View.php(217): CodeIgniter\View\View->CodeIgniter\View\{closure}()
#3 C:\xampp\htdocs\arsip-cpanel\vendor\codeigniter4\framework\system\Common.php(1092): CodeIgniter\View\View->render('daftar_naskah_m...', Array, true)
#4 C:\xampp\htdocs\arsip-cpanel\app\Controllers\Naskah.php(254): view('daftar_naskah_m...', Array)
#5 C:\xampp\htdocs\arsip-cpanel\vendor\codeigniter4\framework\system\CodeIgniter.php(802): App\Controllers\Naskah->naskah_masuk()
#6 C:\xampp\htdocs\arsip-cpanel\vendor\codeigniter4\framework\system\CodeIgniter.php(399): CodeIgniter\CodeIgniter->runController(Object(App\Controllers\Naskah))
#7 C:\xampp\htdocs\arsip-cpanel\vendor\codeigniter4\framework\system\CodeIgniter.php(317): CodeIgniter\CodeIgniter->handleRequest(NULL, Object(Config\Cache), false)
#8 C:\xampp\htdocs\arsip-cpanel\index.php(37): CodeIgniter\CodeIgniter->run()
#9 {main}
CRITICAL - 2022-12-28 14:48:26 --> Trying to get property 'indeks_bid' of non-object
#0 C:\xampp\htdocs\arsip-cpanel\app\Controllers\Naskah.php(421): CodeIgniter\Debug\Exceptions->errorHandler(8, 'Trying to get p...', 'C:\\xampp\\htdocs...', 421, Array)
#1 C:\xampp\htdocs\arsip-cpanel\vendor\codeigniter4\framework\system\CodeIgniter.php(802): App\Controllers\Naskah->getNomor('64513')
#2 C:\xampp\htdocs\arsip-cpanel\vendor\codeigniter4\framework\system\CodeIgniter.php(399): CodeIgniter\CodeIgniter->runController(Object(App\Controllers\Naskah))
#3 C:\xampp\htdocs\arsip-cpanel\vendor\codeigniter4\framework\system\CodeIgniter.php(317): CodeIgniter\CodeIgniter->handleRequest(NULL, Object(Config\Cache), false)
#4 C:\xampp\htdocs\arsip-cpanel\index.php(37): CodeIgniter\CodeIgniter->run()
#5 {main}
