ERROR - 2023-11-06 08:21:39 --> Table 'u8152743_semmakin.naskah_masuk' doesn't exist
CRITICAL - 2023-11-06 08:21:39 --> Table 'u8152743_semmakin.naskah_masuk' doesn't exist
#0 C:\xampp\htdocs\semmakin\vendor\codeigniter4\framework\system\Database\MySQLi\Connection.php(280): mysqli->query('SELECT COUNT(*)...')
#1 C:\xampp\htdocs\semmakin\vendor\codeigniter4\framework\system\Database\BaseConnection.php(663): CodeIgniter\Database\MySQLi\Connection->execute('SELECT COUNT(*)...')
#2 C:\xampp\htdocs\semmakin\vendor\codeigniter4\framework\system\Database\BaseConnection.php(591): CodeIgniter\Database\BaseConnection->simpleQuery('SELECT COUNT(*)...')
#3 C:\xampp\htdocs\semmakin\vendor\codeigniter4\framework\system\Database\BaseBuilder.php(1457): CodeIgniter\Database\BaseConnection->query('SELECT COUNT(*)...', NULL, false)
#4 C:\xampp\htdocs\semmakin\app\Models\HomeModel.php(52): CodeIgniter\Database\BaseBuilder->countAll()
#5 C:\xampp\htdocs\semmakin\app\Controllers\Home.php(20): App\Models\HomeModel->getJmlNaskahMasuk()
#6 C:\xampp\htdocs\semmakin\vendor\codeigniter4\framework\system\CodeIgniter.php(802): App\Controllers\Home->index()
#7 C:\xampp\htdocs\semmakin\vendor\codeigniter4\framework\system\CodeIgniter.php(399): CodeIgniter\CodeIgniter->runController(Object(App\Controllers\Home))
#8 C:\xampp\htdocs\semmakin\vendor\codeigniter4\framework\system\CodeIgniter.php(317): CodeIgniter\CodeIgniter->handleRequest(NULL, Object(Config\Cache), false)
#9 C:\xampp\htdocs\semmakin\index.php(37): CodeIgniter\CodeIgniter->run()
#10 {main}
ERROR - 2023-11-06 08:24:40 --> Table 'u8152743_semmakin.naskah_masuk' doesn't exist
CRITICAL - 2023-11-06 08:24:40 --> Table 'u8152743_semmakin.naskah_masuk' doesn't exist
#0 C:\xampp\htdocs\semmakin\vendor\codeigniter4\framework\system\Database\MySQLi\Connection.php(280): mysqli->query('SELECT COUNT(*)...')
#1 C:\xampp\htdocs\semmakin\vendor\codeigniter4\framework\system\Database\BaseConnection.php(663): CodeIgniter\Database\MySQLi\Connection->execute('SELECT COUNT(*)...')
#2 C:\xampp\htdocs\semmakin\vendor\codeigniter4\framework\system\Database\BaseConnection.php(591): CodeIgniter\Database\BaseConnection->simpleQuery('SELECT COUNT(*)...')
#3 C:\xampp\htdocs\semmakin\vendor\codeigniter4\framework\system\Database\BaseBuilder.php(1457): CodeIgniter\Database\BaseConnection->query('SELECT COUNT(*)...', NULL, false)
#4 C:\xampp\htdocs\semmakin\app\Models\HomeModel.php(52): CodeIgniter\Database\BaseBuilder->countAll()
#5 C:\xampp\htdocs\semmakin\app\Controllers\Home.php(20): App\Models\HomeModel->getJmlNaskahMasuk()
#6 C:\xampp\htdocs\semmakin\vendor\codeigniter4\framework\system\CodeIgniter.php(802): App\Controllers\Home->index()
#7 C:\xampp\htdocs\semmakin\vendor\codeigniter4\framework\system\CodeIgniter.php(399): CodeIgniter\CodeIgniter->runController(Object(App\Controllers\Home))
#8 C:\xampp\htdocs\semmakin\vendor\codeigniter4\framework\system\CodeIgniter.php(317): CodeIgniter\CodeIgniter->handleRequest(NULL, Object(Config\Cache), false)
#9 C:\xampp\htdocs\semmakin\index.php(37): CodeIgniter\CodeIgniter->run()
#10 {main}
ERROR - 2023-11-06 08:24:46 --> Table 'u8152743_semmakin.naskah_masuk' doesn't exist
CRITICAL - 2023-11-06 08:24:46 --> Table 'u8152743_semmakin.naskah_masuk' doesn't exist
#0 C:\xampp\htdocs\semmakin\vendor\codeigniter4\framework\system\Database\MySQLi\Connection.php(280): mysqli->query('SELECT COUNT(*)...')
#1 C:\xampp\htdocs\semmakin\vendor\codeigniter4\framework\system\Database\BaseConnection.php(663): CodeIgniter\Database\MySQLi\Connection->execute('SELECT COUNT(*)...')
#2 C:\xampp\htdocs\semmakin\vendor\codeigniter4\framework\system\Database\BaseConnection.php(591): CodeIgniter\Database\BaseConnection->simpleQuery('SELECT COUNT(*)...')
#3 C:\xampp\htdocs\semmakin\vendor\codeigniter4\framework\system\Database\BaseBuilder.php(1457): CodeIgniter\Database\BaseConnection->query('SELECT COUNT(*)...', NULL, false)
#4 C:\xampp\htdocs\semmakin\app\Models\HomeModel.php(52): CodeIgniter\Database\BaseBuilder->countAll()
#5 C:\xampp\htdocs\semmakin\app\Controllers\Home.php(20): App\Models\HomeModel->getJmlNaskahMasuk()
#6 C:\xampp\htdocs\semmakin\vendor\codeigniter4\framework\system\CodeIgniter.php(802): App\Controllers\Home->index()
#7 C:\xampp\htdocs\semmakin\vendor\codeigniter4\framework\system\CodeIgniter.php(399): CodeIgniter\CodeIgniter->runController(Object(App\Controllers\Home))
#8 C:\xampp\htdocs\semmakin\vendor\codeigniter4\framework\system\CodeIgniter.php(317): CodeIgniter\CodeIgniter->handleRequest(NULL, Object(Config\Cache), false)
#9 C:\xampp\htdocs\semmakin\index.php(37): CodeIgniter\CodeIgniter->run()
#10 {main}
