CRITICAL - 2021-11-10 11:52:15 --> require(vendor/autoload.php): failed to open stream: No such file or directory
#0 D:\AULIA\PROJECT 6400\monitoring-splf2020\app\Controllers\UploadKabkot.php(4): CodeIgniter\Debug\Exceptions->errorHandler(2, 'require(vendor/...', 'D:\\AULIA\\PROJEC...', 4, Array)
#1 D:\AULIA\PROJECT 6400\monitoring-splf2020\app\Controllers\UploadKabkot.php(4): require()
#2 D:\AULIA\PROJECT 6400\monitoring-splf2020\vendor\codeigniter4\framework\system\Autoloader\Autoloader.php(264): include_once('D:\\AULIA\\PROJEC...')
#3 D:\AULIA\PROJECT 6400\monitoring-splf2020\vendor\codeigniter4\framework\system\Autoloader\Autoloader.php(241): CodeIgniter\Autoloader\Autoloader->includeFile('D:\\AULIA\\PROJEC...')
#4 D:\AULIA\PROJECT 6400\monitoring-splf2020\vendor\codeigniter4\framework\system\Autoloader\Autoloader.php(219): CodeIgniter\Autoloader\Autoloader->loadInNamespace('App\\Controllers...')
#5 [internal function]: CodeIgniter\Autoloader\Autoloader->loadClass('App\\Controllers...')
#6 [internal function]: spl_autoload_call('App\\Controllers...')
#7 D:\AULIA\PROJECT 6400\monitoring-splf2020\vendor\codeigniter4\framework\system\CodeIgniter.php(767): class_exists('\\App\\Controller...', true)
#8 D:\AULIA\PROJECT 6400\monitoring-splf2020\vendor\codeigniter4\framework\system\CodeIgniter.php(386): CodeIgniter\CodeIgniter->startController()
#9 D:\AULIA\PROJECT 6400\monitoring-splf2020\vendor\codeigniter4\framework\system\CodeIgniter.php(317): CodeIgniter\CodeIgniter->handleRequest(NULL, Object(Config\Cache), false)
#10 D:\AULIA\PROJECT 6400\monitoring-splf2020\public\index.php(37): CodeIgniter\CodeIgniter->run()
#11 D:\AULIA\PROJECT 6400\monitoring-splf2020\vendor\codeigniter4\framework\system\Commands\Server\rewrite.php(43): require_once('D:\\AULIA\\PROJEC...')
#12 {main}
CRITICAL - 2021-11-10 11:54:46 --> require(vendor/autoload.php): failed to open stream: No such file or directory
#0 D:\AULIA\PROJECT 6400\monitoring-splf2020\app\Controllers\UploadKabkot.php(4): CodeIgniter\Debug\Exceptions->errorHandler(2, 'require(vendor/...', 'D:\\AULIA\\PROJEC...', 4, Array)
#1 D:\AULIA\PROJECT 6400\monitoring-splf2020\app\Controllers\UploadKabkot.php(4): require()
#2 D:\AULIA\PROJECT 6400\monitoring-splf2020\vendor\codeigniter4\framework\system\Autoloader\Autoloader.php(264): include_once('D:\\AULIA\\PROJEC...')
#3 D:\AULIA\PROJECT 6400\monitoring-splf2020\vendor\codeigniter4\framework\system\Autoloader\Autoloader.php(241): CodeIgniter\Autoloader\Autoloader->includeFile('D:\\AULIA\\PROJEC...')
#4 D:\AULIA\PROJECT 6400\monitoring-splf2020\vendor\codeigniter4\framework\system\Autoloader\Autoloader.php(219): CodeIgniter\Autoloader\Autoloader->loadInNamespace('App\\Controllers...')
#5 [internal function]: CodeIgniter\Autoloader\Autoloader->loadClass('App\\Controllers...')
#6 [internal function]: spl_autoload_call('App\\Controllers...')
#7 D:\AULIA\PROJECT 6400\monitoring-splf2020\vendor\codeigniter4\framework\system\CodeIgniter.php(767): class_exists('\\App\\Controller...', true)
#8 D:\AULIA\PROJECT 6400\monitoring-splf2020\vendor\codeigniter4\framework\system\CodeIgniter.php(386): CodeIgniter\CodeIgniter->startController()
#9 D:\AULIA\PROJECT 6400\monitoring-splf2020\vendor\codeigniter4\framework\system\CodeIgniter.php(317): CodeIgniter\CodeIgniter->handleRequest(NULL, Object(Config\Cache), false)
#10 D:\AULIA\PROJECT 6400\monitoring-splf2020\public\index.php(37): CodeIgniter\CodeIgniter->run()
#11 D:\AULIA\PROJECT 6400\monitoring-splf2020\vendor\codeigniter4\framework\system\Commands\Server\rewrite.php(43): require_once('D:\\AULIA\\PROJEC...')
#12 {main}
CRITICAL - 2021-11-10 11:55:10 --> require(): http:// wrapper is disabled in the server configuration by allow_url_include=0
#0 D:\AULIA\PROJECT 6400\monitoring-splf2020\app\Controllers\UploadKabkot.php(4): CodeIgniter\Debug\Exceptions->errorHandler(2, 'require(): http...', 'D:\\AULIA\\PROJEC...', 4, Array)
#1 D:\AULIA\PROJECT 6400\monitoring-splf2020\app\Controllers\UploadKabkot.php(4): require()
#2 D:\AULIA\PROJECT 6400\monitoring-splf2020\vendor\codeigniter4\framework\system\Autoloader\Autoloader.php(264): include_once('D:\\AULIA\\PROJEC...')
#3 D:\AULIA\PROJECT 6400\monitoring-splf2020\vendor\codeigniter4\framework\system\Autoloader\Autoloader.php(241): CodeIgniter\Autoloader\Autoloader->includeFile('D:\\AULIA\\PROJEC...')
#4 D:\AULIA\PROJECT 6400\monitoring-splf2020\vendor\codeigniter4\framework\system\Autoloader\Autoloader.php(219): CodeIgniter\Autoloader\Autoloader->loadInNamespace('App\\Controllers...')
#5 [internal function]: CodeIgniter\Autoloader\Autoloader->loadClass('App\\Controllers...')
#6 [internal function]: spl_autoload_call('App\\Controllers...')
#7 D:\AULIA\PROJECT 6400\monitoring-splf2020\vendor\codeigniter4\framework\system\CodeIgniter.php(767): class_exists('\\App\\Controller...', true)
#8 D:\AULIA\PROJECT 6400\monitoring-splf2020\vendor\codeigniter4\framework\system\CodeIgniter.php(386): CodeIgniter\CodeIgniter->startController()
#9 D:\AULIA\PROJECT 6400\monitoring-splf2020\vendor\codeigniter4\framework\system\CodeIgniter.php(317): CodeIgniter\CodeIgniter->handleRequest(NULL, Object(Config\Cache), false)
#10 D:\AULIA\PROJECT 6400\monitoring-splf2020\public\index.php(37): CodeIgniter\CodeIgniter->run()
#11 D:\AULIA\PROJECT 6400\monitoring-splf2020\vendor\codeigniter4\framework\system\Commands\Server\rewrite.php(43): require_once('D:\\AULIA\\PROJEC...')
#12 {main}
CRITICAL - 2021-11-10 11:55:29 --> require(base_url() .'/vendor/autoload.php'): failed to open stream: No such file or directory
#0 D:\AULIA\PROJECT 6400\monitoring-splf2020\app\Controllers\UploadKabkot.php(4): CodeIgniter\Debug\Exceptions->errorHandler(2, 'require(base_ur...', 'D:\\AULIA\\PROJEC...', 4, Array)
#1 D:\AULIA\PROJECT 6400\monitoring-splf2020\app\Controllers\UploadKabkot.php(4): require()
#2 D:\AULIA\PROJECT 6400\monitoring-splf2020\vendor\codeigniter4\framework\system\Autoloader\Autoloader.php(264): include_once('D:\\AULIA\\PROJEC...')
#3 D:\AULIA\PROJECT 6400\monitoring-splf2020\vendor\codeigniter4\framework\system\Autoloader\Autoloader.php(241): CodeIgniter\Autoloader\Autoloader->includeFile('D:\\AULIA\\PROJEC...')
#4 D:\AULIA\PROJECT 6400\monitoring-splf2020\vendor\codeigniter4\framework\system\Autoloader\Autoloader.php(219): CodeIgniter\Autoloader\Autoloader->loadInNamespace('App\\Controllers...')
#5 [internal function]: CodeIgniter\Autoloader\Autoloader->loadClass('App\\Controllers...')
#6 [internal function]: spl_autoload_call('App\\Controllers...')
#7 D:\AULIA\PROJECT 6400\monitoring-splf2020\vendor\codeigniter4\framework\system\CodeIgniter.php(767): class_exists('\\App\\Controller...', true)
#8 D:\AULIA\PROJECT 6400\monitoring-splf2020\vendor\codeigniter4\framework\system\CodeIgniter.php(386): CodeIgniter\CodeIgniter->startController()
#9 D:\AULIA\PROJECT 6400\monitoring-splf2020\vendor\codeigniter4\framework\system\CodeIgniter.php(317): CodeIgniter\CodeIgniter->handleRequest(NULL, Object(Config\Cache), false)
#10 D:\AULIA\PROJECT 6400\monitoring-splf2020\public\index.php(37): CodeIgniter\CodeIgniter->run()
#11 D:\AULIA\PROJECT 6400\monitoring-splf2020\vendor\codeigniter4\framework\system\Commands\Server\rewrite.php(43): require_once('D:\\AULIA\\PROJEC...')
#12 {main}
CRITICAL - 2021-11-10 11:55:42 --> require(): http:// wrapper is disabled in the server configuration by allow_url_include=0
#0 D:\AULIA\PROJECT 6400\monitoring-splf2020\app\Controllers\UploadKabkot.php(4): CodeIgniter\Debug\Exceptions->errorHandler(2, 'require(): http...', 'D:\\AULIA\\PROJEC...', 4, Array)
#1 D:\AULIA\PROJECT 6400\monitoring-splf2020\app\Controllers\UploadKabkot.php(4): require()
#2 D:\AULIA\PROJECT 6400\monitoring-splf2020\vendor\codeigniter4\framework\system\Autoloader\Autoloader.php(264): include_once('D:\\AULIA\\PROJEC...')
#3 D:\AULIA\PROJECT 6400\monitoring-splf2020\vendor\codeigniter4\framework\system\Autoloader\Autoloader.php(241): CodeIgniter\Autoloader\Autoloader->includeFile('D:\\AULIA\\PROJEC...')
#4 D:\AULIA\PROJECT 6400\monitoring-splf2020\vendor\codeigniter4\framework\system\Autoloader\Autoloader.php(219): CodeIgniter\Autoloader\Autoloader->loadInNamespace('App\\Controllers...')
#5 [internal function]: CodeIgniter\Autoloader\Autoloader->loadClass('App\\Controllers...')
#6 [internal function]: spl_autoload_call('App\\Controllers...')
#7 D:\AULIA\PROJECT 6400\monitoring-splf2020\vendor\codeigniter4\framework\system\CodeIgniter.php(767): class_exists('\\App\\Controller...', true)
#8 D:\AULIA\PROJECT 6400\monitoring-splf2020\vendor\codeigniter4\framework\system\CodeIgniter.php(386): CodeIgniter\CodeIgniter->startController()
#9 D:\AULIA\PROJECT 6400\monitoring-splf2020\vendor\codeigniter4\framework\system\CodeIgniter.php(317): CodeIgniter\CodeIgniter->handleRequest(NULL, Object(Config\Cache), false)
#10 D:\AULIA\PROJECT 6400\monitoring-splf2020\public\index.php(37): CodeIgniter\CodeIgniter->run()
#11 D:\AULIA\PROJECT 6400\monitoring-splf2020\vendor\codeigniter4\framework\system\Commands\Server\rewrite.php(43): require_once('D:\\AULIA\\PROJEC...')
#12 {main}
CRITICAL - 2021-11-10 11:55:57 --> require(vendor/autoload.php): failed to open stream: No such file or directory
#0 D:\AULIA\PROJECT 6400\monitoring-splf2020\app\Controllers\UploadKabkot.php(4): CodeIgniter\Debug\Exceptions->errorHandler(2, 'require(vendor/...', 'D:\\AULIA\\PROJEC...', 4, Array)
#1 D:\AULIA\PROJECT 6400\monitoring-splf2020\app\Controllers\UploadKabkot.php(4): require()
#2 D:\AULIA\PROJECT 6400\monitoring-splf2020\vendor\codeigniter4\framework\system\Autoloader\Autoloader.php(264): include_once('D:\\AULIA\\PROJEC...')
#3 D:\AULIA\PROJECT 6400\monitoring-splf2020\vendor\codeigniter4\framework\system\Autoloader\Autoloader.php(241): CodeIgniter\Autoloader\Autoloader->includeFile('D:\\AULIA\\PROJEC...')
#4 D:\AULIA\PROJECT 6400\monitoring-splf2020\vendor\codeigniter4\framework\system\Autoloader\Autoloader.php(219): CodeIgniter\Autoloader\Autoloader->loadInNamespace('App\\Controllers...')
#5 [internal function]: CodeIgniter\Autoloader\Autoloader->loadClass('App\\Controllers...')
#6 [internal function]: spl_autoload_call('App\\Controllers...')
#7 D:\AULIA\PROJECT 6400\monitoring-splf2020\vendor\codeigniter4\framework\system\CodeIgniter.php(767): class_exists('\\App\\Controller...', true)
#8 D:\AULIA\PROJECT 6400\monitoring-splf2020\vendor\codeigniter4\framework\system\CodeIgniter.php(386): CodeIgniter\CodeIgniter->startController()
#9 D:\AULIA\PROJECT 6400\monitoring-splf2020\vendor\codeigniter4\framework\system\CodeIgniter.php(317): CodeIgniter\CodeIgniter->handleRequest(NULL, Object(Config\Cache), false)
#10 D:\AULIA\PROJECT 6400\monitoring-splf2020\public\index.php(37): CodeIgniter\CodeIgniter->run()
#11 D:\AULIA\PROJECT 6400\monitoring-splf2020\vendor\codeigniter4\framework\system\Commands\Server\rewrite.php(43): require_once('D:\\AULIA\\PROJEC...')
#12 {main}
CRITICAL - 2021-11-10 11:57:53 --> File not found: template_monitoring6400.xlsx
#0 D:\AULIA\PROJECT 6400\monitoring-splf2020\vendor\codeigniter4\framework\system\Files\File.php(46): CodeIgniter\Files\Exceptions\FileNotFoundException::forFileNotFound('template_monito...')
#1 D:\AULIA\PROJECT 6400\monitoring-splf2020\vendor\codeigniter4\framework\system\HTTP\DownloadResponse.php(107): CodeIgniter\Files\File->__construct('template_monito...', true)
#2 D:\AULIA\PROJECT 6400\monitoring-splf2020\vendor\codeigniter4\framework\system\HTTP\ResponseTrait.php(723): CodeIgniter\HTTP\DownloadResponse->setFilePath('template_monito...')
#3 D:\AULIA\PROJECT 6400\monitoring-splf2020\app\Controllers\Download.php(13): CodeIgniter\HTTP\Response->download('template_monito...', NULL)
#4 D:\AULIA\PROJECT 6400\monitoring-splf2020\vendor\codeigniter4\framework\system\CodeIgniter.php(802): App\Controllers\Download->index()
#5 D:\AULIA\PROJECT 6400\monitoring-splf2020\vendor\codeigniter4\framework\system\CodeIgniter.php(399): CodeIgniter\CodeIgniter->runController(Object(App\Controllers\Download))
#6 D:\AULIA\PROJECT 6400\monitoring-splf2020\vendor\codeigniter4\framework\system\CodeIgniter.php(317): CodeIgniter\CodeIgniter->handleRequest(NULL, Object(Config\Cache), false)
#7 D:\AULIA\PROJECT 6400\monitoring-splf2020\public\index.php(37): CodeIgniter\CodeIgniter->run()
#8 D:\AULIA\PROJECT 6400\monitoring-splf2020\vendor\codeigniter4\framework\system\Commands\Server\rewrite.php(43): require_once('D:\\AULIA\\PROJEC...')
#9 {main}
