ERROR - 2023-12-09 12:37:25 --> Error connecting to the database: A socket operation was attempted to an unreachable host.

CRITICAL - 2023-12-09 12:37:25 --> Unable to connect to the database.
Main connection [MySQLi]: A socket operation was attempted to an unreachable host.

#0 C:\xampp\htdocs\semmakin\vendor\codeigniter4\framework\system\Database\BaseConnection.php(570): CodeIgniter\Database\BaseConnection->initialize()
#1 C:\xampp\htdocs\semmakin\app\Controllers\Auth.php(33): CodeIgniter\Database\BaseConnection->query('SELECT *  FROM ...')
#2 C:\xampp\htdocs\semmakin\vendor\codeigniter4\framework\system\CodeIgniter.php(802): App\Controllers\Auth->valid_login()
#3 C:\xampp\htdocs\semmakin\vendor\codeigniter4\framework\system\CodeIgniter.php(399): CodeIgniter\CodeIgniter->runController(Object(App\Controllers\Auth))
#4 C:\xampp\htdocs\semmakin\vendor\codeigniter4\framework\system\CodeIgniter.php(317): CodeIgniter\CodeIgniter->handleRequest(NULL, Object(Config\Cache), false)
#5 C:\xampp\htdocs\semmakin\index.php(37): CodeIgniter\CodeIgniter->run()
#6 {main}
ERROR - 2023-12-09 12:37:32 --> Error connecting to the database: A socket operation was attempted to an unreachable host.

CRITICAL - 2023-12-09 12:37:32 --> Unable to connect to the database.
Main connection [MySQLi]: A socket operation was attempted to an unreachable host.

#0 C:\xampp\htdocs\semmakin\vendor\codeigniter4\framework\system\Database\BaseConnection.php(570): CodeIgniter\Database\BaseConnection->initialize()
#1 C:\xampp\htdocs\semmakin\app\Controllers\Auth.php(33): CodeIgniter\Database\BaseConnection->query('SELECT *  FROM ...')
#2 C:\xampp\htdocs\semmakin\vendor\codeigniter4\framework\system\CodeIgniter.php(802): App\Controllers\Auth->valid_login()
#3 C:\xampp\htdocs\semmakin\vendor\codeigniter4\framework\system\CodeIgniter.php(399): CodeIgniter\CodeIgniter->runController(Object(App\Controllers\Auth))
#4 C:\xampp\htdocs\semmakin\vendor\codeigniter4\framework\system\CodeIgniter.php(317): CodeIgniter\CodeIgniter->handleRequest(NULL, Object(Config\Cache), false)
#5 C:\xampp\htdocs\semmakin\index.php(37): CodeIgniter\CodeIgniter->run()
#6 {main}
