CRITICAL - 2023-01-09 10:22:31 --> Undefined variable: jenis
#0 C:\xampp\htdocs\arsip-cpanel\app\Views\edit_naskah_masuk.php(61): CodeIgniter\Debug\Exceptions->errorHandler(8, 'Undefined varia...', 'C:\\xampp\\htdocs...', 61, Array)
#1 C:\xampp\htdocs\arsip-cpanel\vendor\codeigniter4\framework\system\View\View.php(214): include('C:\\xampp\\htdocs...')
#2 C:\xampp\htdocs\arsip-cpanel\vendor\codeigniter4\framework\system\View\View.php(217): CodeIgniter\View\View->CodeIgniter\View\{closure}()
#3 C:\xampp\htdocs\arsip-cpanel\vendor\codeigniter4\framework\system\Common.php(1092): CodeIgniter\View\View->render('edit_naskah_mas...', Array, true)
#4 C:\xampp\htdocs\arsip-cpanel\app\Controllers\Naskah.php(472): view('edit_naskah_mas...', Array)
#5 C:\xampp\htdocs\arsip-cpanel\vendor\codeigniter4\framework\system\CodeIgniter.php(802): App\Controllers\Naskah->edit_naskah_masuk_form('')
#6 C:\xampp\htdocs\arsip-cpanel\vendor\codeigniter4\framework\system\CodeIgniter.php(399): CodeIgniter\CodeIgniter->runController(Object(App\Controllers\Naskah))
#7 C:\xampp\htdocs\arsip-cpanel\vendor\codeigniter4\framework\system\CodeIgniter.php(317): CodeIgniter\CodeIgniter->handleRequest(NULL, Object(Config\Cache), false)
#8 C:\xampp\htdocs\arsip-cpanel\index.php(37): CodeIgniter\CodeIgniter->run()
#9 {main}
CRITICAL - 2023-01-09 12:29:25 --> Undefined property: stdClass::$pengirim
#0 C:\xampp\htdocs\arsip-cpanel\app\Views\edit_naskah_masuk.php(24): CodeIgniter\Debug\Exceptions->errorHandler(8, 'Undefined prope...', 'C:\\xampp\\htdocs...', 24, Array)
#1 C:\xampp\htdocs\arsip-cpanel\vendor\codeigniter4\framework\system\View\View.php(214): include('C:\\xampp\\htdocs...')
#2 C:\xampp\htdocs\arsip-cpanel\vendor\codeigniter4\framework\system\View\View.php(217): CodeIgniter\View\View->CodeIgniter\View\{closure}()
#3 C:\xampp\htdocs\arsip-cpanel\vendor\codeigniter4\framework\system\Common.php(1092): CodeIgniter\View\View->render('edit_naskah_mas...', Array, true)
#4 C:\xampp\htdocs\arsip-cpanel\app\Controllers\Naskah.php(487): view('edit_naskah_mas...', Array)
#5 C:\xampp\htdocs\arsip-cpanel\vendor\codeigniter4\framework\system\CodeIgniter.php(802): App\Controllers\Naskah->edit_naskah_keluar_form('')
#6 C:\xampp\htdocs\arsip-cpanel\vendor\codeigniter4\framework\system\CodeIgniter.php(399): CodeIgniter\CodeIgniter->runController(Object(App\Controllers\Naskah))
#7 C:\xampp\htdocs\arsip-cpanel\vendor\codeigniter4\framework\system\CodeIgniter.php(317): CodeIgniter\CodeIgniter->handleRequest(NULL, Object(Config\Cache), false)
#8 C:\xampp\htdocs\arsip-cpanel\index.php(37): CodeIgniter\CodeIgniter->run()
#9 {main}
CRITICAL - 2023-01-09 16:01:25 --> lk is not a valid database connection group.
#0 C:\xampp\htdocs\arsip-cpanel\vendor\codeigniter4\framework\system\Common.php(311): CodeIgniter\Database\Config::connect('lk', true)
#1 C:\xampp\htdocs\arsip-cpanel\app\Models\NaskahModel.php(49): db_connect('lk')
#2 C:\xampp\htdocs\arsip-cpanel\app\Controllers\Naskah.php(22): App\Models\NaskahModel->__construct()
#3 C:\xampp\htdocs\arsip-cpanel\vendor\codeigniter4\framework\system\CodeIgniter.php(779): App\Controllers\Naskah->__construct()
#4 C:\xampp\htdocs\arsip-cpanel\vendor\codeigniter4\framework\system\CodeIgniter.php(390): CodeIgniter\CodeIgniter->createController()
#5 C:\xampp\htdocs\arsip-cpanel\vendor\codeigniter4\framework\system\CodeIgniter.php(317): CodeIgniter\CodeIgniter->handleRequest(NULL, Object(Config\Cache), false)
#6 C:\xampp\htdocs\arsip-cpanel\index.php(37): CodeIgniter\CodeIgniter->run()
#7 {main}
CRITICAL - 2023-01-09 16:02:00 --> lk is not a valid database connection group.
#0 C:\xampp\htdocs\arsip-cpanel\vendor\codeigniter4\framework\system\Common.php(311): CodeIgniter\Database\Config::connect('lk', true)
#1 C:\xampp\htdocs\arsip-cpanel\app\Models\NaskahModel.php(49): db_connect('lk')
#2 C:\xampp\htdocs\arsip-cpanel\app\Controllers\Naskah.php(22): App\Models\NaskahModel->__construct()
#3 C:\xampp\htdocs\arsip-cpanel\vendor\codeigniter4\framework\system\CodeIgniter.php(779): App\Controllers\Naskah->__construct()
#4 C:\xampp\htdocs\arsip-cpanel\vendor\codeigniter4\framework\system\CodeIgniter.php(390): CodeIgniter\CodeIgniter->createController()
#5 C:\xampp\htdocs\arsip-cpanel\vendor\codeigniter4\framework\system\CodeIgniter.php(317): CodeIgniter\CodeIgniter->handleRequest(NULL, Object(Config\Cache), false)
#6 C:\xampp\htdocs\arsip-cpanel\index.php(37): CodeIgniter\CodeIgniter->run()
#7 {main}
CRITICAL - 2023-01-09 16:02:20 --> You must set the database table to be used with your query.
#0 C:\xampp\htdocs\arsip-cpanel\vendor\codeigniter4\framework\system\Model.php(545): CodeIgniter\Database\BaseConnection->table(NULL)
#1 C:\xampp\htdocs\arsip-cpanel\vendor\codeigniter4\framework\system\Model.php(719): CodeIgniter\Model->builder()
#2 C:\xampp\htdocs\arsip-cpanel\app\Controllers\Naskah.php(44): CodeIgniter\Model->__call('getNama', Array)
#3 C:\xampp\htdocs\arsip-cpanel\vendor\codeigniter4\framework\system\CodeIgniter.php(802): App\Controllers\Naskah->reg_masuk()
#4 C:\xampp\htdocs\arsip-cpanel\vendor\codeigniter4\framework\system\CodeIgniter.php(399): CodeIgniter\CodeIgniter->runController(Object(App\Controllers\Naskah))
#5 C:\xampp\htdocs\arsip-cpanel\vendor\codeigniter4\framework\system\CodeIgniter.php(317): CodeIgniter\CodeIgniter->handleRequest(NULL, Object(Config\Cache), false)
#6 C:\xampp\htdocs\arsip-cpanel\index.php(37): CodeIgniter\CodeIgniter->run()
#7 {main}
CRITICAL - 2023-01-09 16:03:10 --> You must set the database table to be used with your query.
#0 C:\xampp\htdocs\arsip-cpanel\vendor\codeigniter4\framework\system\Model.php(545): CodeIgniter\Database\BaseConnection->table(NULL)
#1 C:\xampp\htdocs\arsip-cpanel\vendor\codeigniter4\framework\system\Model.php(719): CodeIgniter\Model->builder()
#2 C:\xampp\htdocs\arsip-cpanel\app\Controllers\Naskah.php(44): CodeIgniter\Model->__call('getNama', Array)
#3 C:\xampp\htdocs\arsip-cpanel\vendor\codeigniter4\framework\system\CodeIgniter.php(802): App\Controllers\Naskah->reg_masuk()
#4 C:\xampp\htdocs\arsip-cpanel\vendor\codeigniter4\framework\system\CodeIgniter.php(399): CodeIgniter\CodeIgniter->runController(Object(App\Controllers\Naskah))
#5 C:\xampp\htdocs\arsip-cpanel\vendor\codeigniter4\framework\system\CodeIgniter.php(317): CodeIgniter\CodeIgniter->handleRequest(NULL, Object(Config\Cache), false)
#6 C:\xampp\htdocs\arsip-cpanel\index.php(37): CodeIgniter\CodeIgniter->run()
#7 {main}
ERROR - 2023-01-09 23:51:29 --> Operand should contain 1 column(s)
CRITICAL - 2023-01-09 23:51:29 --> Operand should contain 1 column(s)
#0 C:\xampp\htdocs\arsip-cpanel\vendor\codeigniter4\framework\system\Database\MySQLi\Connection.php(280): mysqli->query('INSERT INTO `na...')
#1 C:\xampp\htdocs\arsip-cpanel\vendor\codeigniter4\framework\system\Database\BaseConnection.php(663): CodeIgniter\Database\MySQLi\Connection->execute('INSERT INTO `na...')
#2 C:\xampp\htdocs\arsip-cpanel\vendor\codeigniter4\framework\system\Database\BaseConnection.php(591): CodeIgniter\Database\BaseConnection->simpleQuery('INSERT INTO `na...')
#3 C:\xampp\htdocs\arsip-cpanel\vendor\codeigniter4\framework\system\Database\BaseBuilder.php(1733): CodeIgniter\Database\BaseConnection->query('INSERT INTO `na...', Array, false)
#4 C:\xampp\htdocs\arsip-cpanel\app\Models\NaskahModel.php(52): CodeIgniter\Database\BaseBuilder->insert(Array)
#5 C:\xampp\htdocs\arsip-cpanel\app\Controllers\Naskah.php(143): App\Models\NaskahModel->insertNaskahMasuk(Array)
#6 C:\xampp\htdocs\arsip-cpanel\vendor\codeigniter4\framework\system\CodeIgniter.php(802): App\Controllers\Naskah->submit_masuk()
#7 C:\xampp\htdocs\arsip-cpanel\vendor\codeigniter4\framework\system\CodeIgniter.php(399): CodeIgniter\CodeIgniter->runController(Object(App\Controllers\Naskah))
#8 C:\xampp\htdocs\arsip-cpanel\vendor\codeigniter4\framework\system\CodeIgniter.php(317): CodeIgniter\CodeIgniter->handleRequest(NULL, Object(Config\Cache), false)
#9 C:\xampp\htdocs\arsip-cpanel\index.php(37): CodeIgniter\CodeIgniter->run()
#10 {main}
ERROR - 2023-01-09 23:53:00 --> Operand should contain 1 column(s)
CRITICAL - 2023-01-09 23:53:00 --> Operand should contain 1 column(s)
#0 C:\xampp\htdocs\arsip-cpanel\vendor\codeigniter4\framework\system\Database\MySQLi\Connection.php(280): mysqli->query('INSERT INTO `na...')
#1 C:\xampp\htdocs\arsip-cpanel\vendor\codeigniter4\framework\system\Database\BaseConnection.php(663): CodeIgniter\Database\MySQLi\Connection->execute('INSERT INTO `na...')
#2 C:\xampp\htdocs\arsip-cpanel\vendor\codeigniter4\framework\system\Database\BaseConnection.php(591): CodeIgniter\Database\BaseConnection->simpleQuery('INSERT INTO `na...')
#3 C:\xampp\htdocs\arsip-cpanel\vendor\codeigniter4\framework\system\Database\BaseBuilder.php(1733): CodeIgniter\Database\BaseConnection->query('INSERT INTO `na...', Array, false)
#4 C:\xampp\htdocs\arsip-cpanel\app\Models\NaskahModel.php(52): CodeIgniter\Database\BaseBuilder->insert(Array)
#5 C:\xampp\htdocs\arsip-cpanel\app\Controllers\Naskah.php(143): App\Models\NaskahModel->insertNaskahMasuk(Array)
#6 C:\xampp\htdocs\arsip-cpanel\vendor\codeigniter4\framework\system\CodeIgniter.php(802): App\Controllers\Naskah->submit_masuk()
#7 C:\xampp\htdocs\arsip-cpanel\vendor\codeigniter4\framework\system\CodeIgniter.php(399): CodeIgniter\CodeIgniter->runController(Object(App\Controllers\Naskah))
#8 C:\xampp\htdocs\arsip-cpanel\vendor\codeigniter4\framework\system\CodeIgniter.php(317): CodeIgniter\CodeIgniter->handleRequest(NULL, Object(Config\Cache), false)
#9 C:\xampp\htdocs\arsip-cpanel\index.php(37): CodeIgniter\CodeIgniter->run()
#10 {main}
