CRITICAL - 2023-01-24 15:47:06 --> Undefined variable: file_naskah_name
#0 C:\xampp\htdocs\arsip-cpanel\app\Controllers\Naskah.php(1048): CodeIgniter\Debug\Exceptions->errorHandler(8, 'Undefined varia...', 'C:\\xampp\\htdocs...', 1048, Array)
#1 C:\xampp\htdocs\arsip-cpanel\vendor\codeigniter4\framework\system\CodeIgniter.php(802): App\Controllers\Naskah->edit_naskah_masuk()
#2 C:\xampp\htdocs\arsip-cpanel\vendor\codeigniter4\framework\system\CodeIgniter.php(399): CodeIgniter\CodeIgniter->runController(Object(App\Controllers\Naskah))
#3 C:\xampp\htdocs\arsip-cpanel\vendor\codeigniter4\framework\system\CodeIgniter.php(317): CodeIgniter\CodeIgniter->handleRequest(NULL, Object(Config\Cache), false)
#4 C:\xampp\htdocs\arsip-cpanel\index.php(37): CodeIgniter\CodeIgniter->run()
#5 {main}
ERROR - 2023-01-24 15:49:50 --> Operand should contain 1 column(s)
CRITICAL - 2023-01-24 15:49:50 --> Operand should contain 1 column(s)
#0 C:\xampp\htdocs\arsip-cpanel\vendor\codeigniter4\framework\system\Database\MySQLi\Connection.php(280): mysqli->query('UPDATE `naskah_...')
#1 C:\xampp\htdocs\arsip-cpanel\vendor\codeigniter4\framework\system\Database\BaseConnection.php(663): CodeIgniter\Database\MySQLi\Connection->execute('UPDATE `naskah_...')
#2 C:\xampp\htdocs\arsip-cpanel\vendor\codeigniter4\framework\system\Database\BaseConnection.php(591): CodeIgniter\Database\BaseConnection->simpleQuery('UPDATE `naskah_...')
#3 C:\xampp\htdocs\arsip-cpanel\vendor\codeigniter4\framework\system\Database\BaseBuilder.php(1875): CodeIgniter\Database\BaseConnection->query('UPDATE `naskah_...', Array, false)
#4 C:\xampp\htdocs\arsip-cpanel\app\Models\NaskahModel.php(166): CodeIgniter\Database\BaseBuilder->update(Array)
#5 C:\xampp\htdocs\arsip-cpanel\app\Controllers\Naskah.php(816): App\Models\NaskahModel->editData('23', Array)
#6 C:\xampp\htdocs\arsip-cpanel\vendor\codeigniter4\framework\system\CodeIgniter.php(802): App\Controllers\Naskah->edit_naskah_masuk()
#7 C:\xampp\htdocs\arsip-cpanel\vendor\codeigniter4\framework\system\CodeIgniter.php(399): CodeIgniter\CodeIgniter->runController(Object(App\Controllers\Naskah))
#8 C:\xampp\htdocs\arsip-cpanel\vendor\codeigniter4\framework\system\CodeIgniter.php(317): CodeIgniter\CodeIgniter->handleRequest(NULL, Object(Config\Cache), false)
#9 C:\xampp\htdocs\arsip-cpanel\index.php(37): CodeIgniter\CodeIgniter->run()
#10 {main}
ERROR - 2023-01-24 15:52:02 --> Operand should contain 1 column(s)
CRITICAL - 2023-01-24 15:52:02 --> Operand should contain 1 column(s)
#0 C:\xampp\htdocs\arsip-cpanel\vendor\codeigniter4\framework\system\Database\MySQLi\Connection.php(280): mysqli->query('UPDATE `naskah_...')
#1 C:\xampp\htdocs\arsip-cpanel\vendor\codeigniter4\framework\system\Database\BaseConnection.php(663): CodeIgniter\Database\MySQLi\Connection->execute('UPDATE `naskah_...')
#2 C:\xampp\htdocs\arsip-cpanel\vendor\codeigniter4\framework\system\Database\BaseConnection.php(591): CodeIgniter\Database\BaseConnection->simpleQuery('UPDATE `naskah_...')
#3 C:\xampp\htdocs\arsip-cpanel\vendor\codeigniter4\framework\system\Database\BaseBuilder.php(1875): CodeIgniter\Database\BaseConnection->query('UPDATE `naskah_...', Array, false)
#4 C:\xampp\htdocs\arsip-cpanel\app\Models\NaskahModel.php(166): CodeIgniter\Database\BaseBuilder->update(Array)
#5 C:\xampp\htdocs\arsip-cpanel\app\Controllers\Naskah.php(816): App\Models\NaskahModel->editData('23', Array)
#6 C:\xampp\htdocs\arsip-cpanel\vendor\codeigniter4\framework\system\CodeIgniter.php(802): App\Controllers\Naskah->edit_naskah_masuk()
#7 C:\xampp\htdocs\arsip-cpanel\vendor\codeigniter4\framework\system\CodeIgniter.php(399): CodeIgniter\CodeIgniter->runController(Object(App\Controllers\Naskah))
#8 C:\xampp\htdocs\arsip-cpanel\vendor\codeigniter4\framework\system\CodeIgniter.php(317): CodeIgniter\CodeIgniter->handleRequest(NULL, Object(Config\Cache), false)
#9 C:\xampp\htdocs\arsip-cpanel\index.php(37): CodeIgniter\CodeIgniter->run()
#10 {main}
ERROR - 2023-01-24 15:57:34 --> Operand should contain 1 column(s)
CRITICAL - 2023-01-24 15:57:34 --> Operand should contain 1 column(s)
#0 C:\xampp\htdocs\arsip-cpanel\vendor\codeigniter4\framework\system\Database\MySQLi\Connection.php(280): mysqli->query('UPDATE `naskah_...')
#1 C:\xampp\htdocs\arsip-cpanel\vendor\codeigniter4\framework\system\Database\BaseConnection.php(663): CodeIgniter\Database\MySQLi\Connection->execute('UPDATE `naskah_...')
#2 C:\xampp\htdocs\arsip-cpanel\vendor\codeigniter4\framework\system\Database\BaseConnection.php(591): CodeIgniter\Database\BaseConnection->simpleQuery('UPDATE `naskah_...')
#3 C:\xampp\htdocs\arsip-cpanel\vendor\codeigniter4\framework\system\Database\BaseBuilder.php(1875): CodeIgniter\Database\BaseConnection->query('UPDATE `naskah_...', Array, false)
#4 C:\xampp\htdocs\arsip-cpanel\app\Models\NaskahModel.php(166): CodeIgniter\Database\BaseBuilder->update(Array)
#5 C:\xampp\htdocs\arsip-cpanel\app\Controllers\Naskah.php(804): App\Models\NaskahModel->editData('23', Array)
#6 C:\xampp\htdocs\arsip-cpanel\vendor\codeigniter4\framework\system\CodeIgniter.php(802): App\Controllers\Naskah->edit_naskah_masuk()
#7 C:\xampp\htdocs\arsip-cpanel\vendor\codeigniter4\framework\system\CodeIgniter.php(399): CodeIgniter\CodeIgniter->runController(Object(App\Controllers\Naskah))
#8 C:\xampp\htdocs\arsip-cpanel\vendor\codeigniter4\framework\system\CodeIgniter.php(317): CodeIgniter\CodeIgniter->handleRequest(NULL, Object(Config\Cache), false)
#9 C:\xampp\htdocs\arsip-cpanel\index.php(37): CodeIgniter\CodeIgniter->run()
#10 {main}
ERROR - 2023-01-24 16:44:12 --> Operand should contain 1 column(s)
CRITICAL - 2023-01-24 16:44:12 --> Operand should contain 1 column(s)
#0 C:\xampp\htdocs\arsip-cpanel\vendor\codeigniter4\framework\system\Database\MySQLi\Connection.php(280): mysqli->query('UPDATE `naskah_...')
#1 C:\xampp\htdocs\arsip-cpanel\vendor\codeigniter4\framework\system\Database\BaseConnection.php(663): CodeIgniter\Database\MySQLi\Connection->execute('UPDATE `naskah_...')
#2 C:\xampp\htdocs\arsip-cpanel\vendor\codeigniter4\framework\system\Database\BaseConnection.php(591): CodeIgniter\Database\BaseConnection->simpleQuery('UPDATE `naskah_...')
#3 C:\xampp\htdocs\arsip-cpanel\vendor\codeigniter4\framework\system\Database\BaseBuilder.php(1875): CodeIgniter\Database\BaseConnection->query('UPDATE `naskah_...', Array, false)
#4 C:\xampp\htdocs\arsip-cpanel\app\Models\NaskahModel.php(166): CodeIgniter\Database\BaseBuilder->update(Array)
#5 C:\xampp\htdocs\arsip-cpanel\app\Controllers\Naskah.php(804): App\Models\NaskahModel->editData('23', Array)
#6 C:\xampp\htdocs\arsip-cpanel\vendor\codeigniter4\framework\system\CodeIgniter.php(802): App\Controllers\Naskah->edit_naskah_masuk()
#7 C:\xampp\htdocs\arsip-cpanel\vendor\codeigniter4\framework\system\CodeIgniter.php(399): CodeIgniter\CodeIgniter->runController(Object(App\Controllers\Naskah))
#8 C:\xampp\htdocs\arsip-cpanel\vendor\codeigniter4\framework\system\CodeIgniter.php(317): CodeIgniter\CodeIgniter->handleRequest(NULL, Object(Config\Cache), false)
#9 C:\xampp\htdocs\arsip-cpanel\index.php(37): CodeIgniter\CodeIgniter->run()
#10 {main}
