CRITICAL - 2021-10-26 10:10:38 --> Argument 1 passed to CodeIgniter\Database\BaseBuilder::get() must be of the type int or null, string given, called in C:\xampp\htdocs\monitoring-splf2020\vendor\codeigniter4\framework\system\Model.php on line 720
#0 C:\xampp\htdocs\monitoring-splf2020\vendor\codeigniter4\framework\system\Model.php(720): CodeIgniter\Database\BaseBuilder->get('id')
#1 C:\xampp\htdocs\monitoring-splf2020\app\Controllers\UploadKabkot.php(127): CodeIgniter\Model->__call('get', Array)
#2 C:\xampp\htdocs\monitoring-splf2020\vendor\codeigniter4\framework\system\CodeIgniter.php(802): App\Controllers\UploadKabkot->importCsvToDb()
#3 C:\xampp\htdocs\monitoring-splf2020\vendor\codeigniter4\framework\system\CodeIgniter.php(399): CodeIgniter\CodeIgniter->runController(Object(App\Controllers\UploadKabkot))
#4 C:\xampp\htdocs\monitoring-splf2020\vendor\codeigniter4\framework\system\CodeIgniter.php(317): CodeIgniter\CodeIgniter->handleRequest(NULL, Object(Config\Cache), false)
#5 C:\xampp\htdocs\monitoring-splf2020\index.php(37): CodeIgniter\CodeIgniter->run()
#6 {main}
CRITICAL - 2021-10-26 10:11:47 --> Argument 1 passed to CodeIgniter\Database\BaseBuilder::get() must be of the type int or null, string given, called in C:\xampp\htdocs\monitoring-splf2020\vendor\codeigniter4\framework\system\Model.php on line 720
#0 C:\xampp\htdocs\monitoring-splf2020\vendor\codeigniter4\framework\system\Model.php(720): CodeIgniter\Database\BaseBuilder->get('id')
#1 C:\xampp\htdocs\monitoring-splf2020\app\Controllers\UploadKabkot.php(127): CodeIgniter\Model->__call('get', Array)
#2 C:\xampp\htdocs\monitoring-splf2020\vendor\codeigniter4\framework\system\CodeIgniter.php(802): App\Controllers\UploadKabkot->importCsvToDb()
#3 C:\xampp\htdocs\monitoring-splf2020\vendor\codeigniter4\framework\system\CodeIgniter.php(399): CodeIgniter\CodeIgniter->runController(Object(App\Controllers\UploadKabkot))
#4 C:\xampp\htdocs\monitoring-splf2020\vendor\codeigniter4\framework\system\CodeIgniter.php(317): CodeIgniter\CodeIgniter->handleRequest(NULL, Object(Config\Cache), false)
#5 C:\xampp\htdocs\monitoring-splf2020\index.php(37): CodeIgniter\CodeIgniter->run()
#6 {main}
CRITICAL - 2021-10-26 10:12:38 --> Argument 1 passed to CodeIgniter\Database\BaseBuilder::get() must be of the type int or null, string given, called in C:\xampp\htdocs\monitoring-splf2020\vendor\codeigniter4\framework\system\Model.php on line 720
#0 C:\xampp\htdocs\monitoring-splf2020\vendor\codeigniter4\framework\system\Model.php(720): CodeIgniter\Database\BaseBuilder->get('id')
#1 C:\xampp\htdocs\monitoring-splf2020\app\Controllers\UploadKabkot.php(124): CodeIgniter\Model->__call('get', Array)
#2 C:\xampp\htdocs\monitoring-splf2020\vendor\codeigniter4\framework\system\CodeIgniter.php(802): App\Controllers\UploadKabkot->importCsvToDb()
#3 C:\xampp\htdocs\monitoring-splf2020\vendor\codeigniter4\framework\system\CodeIgniter.php(399): CodeIgniter\CodeIgniter->runController(Object(App\Controllers\UploadKabkot))
#4 C:\xampp\htdocs\monitoring-splf2020\vendor\codeigniter4\framework\system\CodeIgniter.php(317): CodeIgniter\CodeIgniter->handleRequest(NULL, Object(Config\Cache), false)
#5 C:\xampp\htdocs\monitoring-splf2020\index.php(37): CodeIgniter\CodeIgniter->run()
#6 {main}
ERROR - 2021-10-26 10:15:42 --> Duplicate entry '0' for key 'FOREIGN_ID'
CRITICAL - 2021-10-26 10:15:42 --> Duplicate entry '0' for key 'FOREIGN_ID'
#0 C:\xampp\htdocs\monitoring-splf2020\vendor\codeigniter4\framework\system\Database\MySQLi\Connection.php(280): mysqli->query('INSERT INTO `up...')
#1 C:\xampp\htdocs\monitoring-splf2020\vendor\codeigniter4\framework\system\Database\BaseConnection.php(663): CodeIgniter\Database\MySQLi\Connection->execute('INSERT INTO `up...')
#2 C:\xampp\htdocs\monitoring-splf2020\vendor\codeigniter4\framework\system\Database\BaseConnection.php(591): CodeIgniter\Database\BaseConnection->simpleQuery('INSERT INTO `up...')
#3 C:\xampp\htdocs\monitoring-splf2020\vendor\codeigniter4\framework\system\Database\BaseBuilder.php(1733): CodeIgniter\Database\BaseConnection->query('INSERT INTO `up...', Array, false)
#4 C:\xampp\htdocs\monitoring-splf2020\vendor\codeigniter4\framework\system\Model.php(239): CodeIgniter\Database\BaseBuilder->insert()
#5 C:\xampp\htdocs\monitoring-splf2020\vendor\codeigniter4\framework\system\BaseModel.php(738): CodeIgniter\Model->doInsert(Array)
#6 C:\xampp\htdocs\monitoring-splf2020\vendor\codeigniter4\framework\system\Model.php(620): CodeIgniter\BaseModel->insert(Array, true)
#7 C:\xampp\htdocs\monitoring-splf2020\app\Controllers\UploadKabkot.php(130): CodeIgniter\Model->insert(Array)
#8 C:\xampp\htdocs\monitoring-splf2020\vendor\codeigniter4\framework\system\CodeIgniter.php(802): App\Controllers\UploadKabkot->importCsvToDb()
#9 C:\xampp\htdocs\monitoring-splf2020\vendor\codeigniter4\framework\system\CodeIgniter.php(399): CodeIgniter\CodeIgniter->runController(Object(App\Controllers\UploadKabkot))
#10 C:\xampp\htdocs\monitoring-splf2020\vendor\codeigniter4\framework\system\CodeIgniter.php(317): CodeIgniter\CodeIgniter->handleRequest(NULL, Object(Config\Cache), false)
#11 C:\xampp\htdocs\monitoring-splf2020\index.php(37): CodeIgniter\CodeIgniter->run()
#12 {main}
CRITICAL - 2021-10-26 10:19:10 --> Argument 1 passed to CodeIgniter\Database\BaseBuilder::get() must be of the type int or null, string given, called in C:\xampp\htdocs\monitoring-splf2020\vendor\codeigniter4\framework\system\Model.php on line 720
#0 C:\xampp\htdocs\monitoring-splf2020\vendor\codeigniter4\framework\system\Model.php(720): CodeIgniter\Database\BaseBuilder->get('id')
#1 C:\xampp\htdocs\monitoring-splf2020\app\Controllers\UploadKabkot.php(124): CodeIgniter\Model->__call('get', Array)
#2 C:\xampp\htdocs\monitoring-splf2020\vendor\codeigniter4\framework\system\CodeIgniter.php(802): App\Controllers\UploadKabkot->importCsvToDb()
#3 C:\xampp\htdocs\monitoring-splf2020\vendor\codeigniter4\framework\system\CodeIgniter.php(399): CodeIgniter\CodeIgniter->runController(Object(App\Controllers\UploadKabkot))
#4 C:\xampp\htdocs\monitoring-splf2020\vendor\codeigniter4\framework\system\CodeIgniter.php(317): CodeIgniter\CodeIgniter->handleRequest(NULL, Object(Config\Cache), false)
#5 C:\xampp\htdocs\monitoring-splf2020\index.php(37): CodeIgniter\CodeIgniter->run()
#6 {main}
ERROR - 2021-10-26 11:04:37 --> Unknown column 'username' in 'where clause'
CRITICAL - 2021-10-26 11:04:37 --> Unknown column 'username' in 'where clause'
#0 C:\xampp\htdocs\monitoring-splf2020\vendor\codeigniter4\framework\system\Database\MySQLi\Connection.php(280): mysqli->query('SELECT *\nFROM `...')
#1 C:\xampp\htdocs\monitoring-splf2020\vendor\codeigniter4\framework\system\Database\BaseConnection.php(663): CodeIgniter\Database\MySQLi\Connection->execute('SELECT *\nFROM `...')
#2 C:\xampp\htdocs\monitoring-splf2020\vendor\codeigniter4\framework\system\Database\BaseConnection.php(591): CodeIgniter\Database\BaseConnection->simpleQuery('SELECT *\nFROM `...')
#3 C:\xampp\htdocs\monitoring-splf2020\vendor\codeigniter4\framework\system\Database\BaseBuilder.php(1428): CodeIgniter\Database\BaseConnection->query('SELECT *\nFROM `...', Array, false)
#4 C:\xampp\htdocs\monitoring-splf2020\vendor\codeigniter4\framework\system\Model.php(183): CodeIgniter\Database\BaseBuilder->get()
#5 C:\xampp\htdocs\monitoring-splf2020\vendor\codeigniter4\framework\system\BaseModel.php(584): CodeIgniter\Model->doFindAll(0, 0)
#6 C:\xampp\htdocs\monitoring-splf2020\app\Controllers\Home.php(16): CodeIgniter\BaseModel->findAll()
#7 C:\xampp\htdocs\monitoring-splf2020\vendor\codeigniter4\framework\system\CodeIgniter.php(802): App\Controllers\Home->index()
#8 C:\xampp\htdocs\monitoring-splf2020\vendor\codeigniter4\framework\system\CodeIgniter.php(399): CodeIgniter\CodeIgniter->runController(Object(App\Controllers\Home))
#9 C:\xampp\htdocs\monitoring-splf2020\vendor\codeigniter4\framework\system\CodeIgniter.php(317): CodeIgniter\CodeIgniter->handleRequest(NULL, Object(Config\Cache), false)
#10 C:\xampp\htdocs\monitoring-splf2020\index.php(37): CodeIgniter\CodeIgniter->run()
#11 {main}
CRITICAL - 2021-10-26 13:32:50 --> Invalid file: index.php
#0 C:\xampp\htdocs\monitoring-splf2020\vendor\codeigniter4\framework\system\View\View.php(198): CodeIgniter\Exceptions\FrameworkException::forInvalidFile('index.php')
#1 C:\xampp\htdocs\monitoring-splf2020\vendor\codeigniter4\framework\system\Common.php(1092): CodeIgniter\View\View->render('index', Array, true)
#2 C:\xampp\htdocs\monitoring-splf2020\app\Controllers\UploadKabkot.php(38): view('index', Array)
#3 C:\xampp\htdocs\monitoring-splf2020\vendor\codeigniter4\framework\system\CodeIgniter.php(802): App\Controllers\UploadKabkot->importCsvToDb()
#4 C:\xampp\htdocs\monitoring-splf2020\vendor\codeigniter4\framework\system\CodeIgniter.php(399): CodeIgniter\CodeIgniter->runController(Object(App\Controllers\UploadKabkot))
#5 C:\xampp\htdocs\monitoring-splf2020\vendor\codeigniter4\framework\system\CodeIgniter.php(317): CodeIgniter\CodeIgniter->handleRequest(NULL, Object(Config\Cache), false)
#6 C:\xampp\htdocs\monitoring-splf2020\index.php(37): CodeIgniter\CodeIgniter->run()
#7 {main}
