CRITICAL - 2023-12-28 08:11:10 --> Illegal string offset 'userid'
#0 C:\xampp\htdocs\semmakin\app\Views\admin\kelola_user.php(34): CodeIgniter\Debug\Exceptions->errorHandler(2, 'Illegal string ...', 'C:\\xampp\\htdocs...', 34, Array)
#1 C:\xampp\htdocs\semmakin\vendor\codeigniter4\framework\system\View\View.php(214): include('C:\\xampp\\htdocs...')
#2 C:\xampp\htdocs\semmakin\vendor\codeigniter4\framework\system\View\View.php(217): CodeIgniter\View\View->CodeIgniter\View\{closure}()
#3 C:\xampp\htdocs\semmakin\vendor\codeigniter4\framework\system\Common.php(1092): CodeIgniter\View\View->render('admin/kelola_us...', Array, true)
#4 C:\xampp\htdocs\semmakin\app\Controllers\AdminController.php(34): view('admin/kelola_us...', Array)
#5 C:\xampp\htdocs\semmakin\vendor\codeigniter4\framework\system\CodeIgniter.php(802): App\Controllers\AdminController->kelolaUser()
#6 C:\xampp\htdocs\semmakin\vendor\codeigniter4\framework\system\CodeIgniter.php(399): CodeIgniter\CodeIgniter->runController(Object(App\Controllers\AdminController))
#7 C:\xampp\htdocs\semmakin\vendor\codeigniter4\framework\system\CodeIgniter.php(317): CodeIgniter\CodeIgniter->handleRequest(NULL, Object(Config\Cache), false)
#8 C:\xampp\htdocs\semmakin\index.php(37): CodeIgniter\CodeIgniter->run()
#9 {main}
CRITICAL - 2023-12-28 08:11:23 --> Illegal string offset 'userid'
#0 C:\xampp\htdocs\semmakin\app\Views\admin\kelola_user.php(34): CodeIgniter\Debug\Exceptions->errorHandler(2, 'Illegal string ...', 'C:\\xampp\\htdocs...', 34, Array)
#1 C:\xampp\htdocs\semmakin\vendor\codeigniter4\framework\system\View\View.php(214): include('C:\\xampp\\htdocs...')
#2 C:\xampp\htdocs\semmakin\vendor\codeigniter4\framework\system\View\View.php(217): CodeIgniter\View\View->CodeIgniter\View\{closure}()
#3 C:\xampp\htdocs\semmakin\vendor\codeigniter4\framework\system\Common.php(1092): CodeIgniter\View\View->render('admin/kelola_us...', Array, true)
#4 C:\xampp\htdocs\semmakin\app\Controllers\AdminController.php(34): view('admin/kelola_us...', Array)
#5 C:\xampp\htdocs\semmakin\vendor\codeigniter4\framework\system\CodeIgniter.php(802): App\Controllers\AdminController->kelolaUser()
#6 C:\xampp\htdocs\semmakin\vendor\codeigniter4\framework\system\CodeIgniter.php(399): CodeIgniter\CodeIgniter->runController(Object(App\Controllers\AdminController))
#7 C:\xampp\htdocs\semmakin\vendor\codeigniter4\framework\system\CodeIgniter.php(317): CodeIgniter\CodeIgniter->handleRequest(NULL, Object(Config\Cache), false)
#8 C:\xampp\htdocs\semmakin\index.php(37): CodeIgniter\CodeIgniter->run()
#9 {main}
CRITICAL - 2023-12-28 08:11:29 --> Illegal string offset 'userid'
#0 C:\xampp\htdocs\semmakin\app\Views\admin\kelola_user.php(34): CodeIgniter\Debug\Exceptions->errorHandler(2, 'Illegal string ...', 'C:\\xampp\\htdocs...', 34, Array)
#1 C:\xampp\htdocs\semmakin\vendor\codeigniter4\framework\system\View\View.php(214): include('C:\\xampp\\htdocs...')
#2 C:\xampp\htdocs\semmakin\vendor\codeigniter4\framework\system\View\View.php(217): CodeIgniter\View\View->CodeIgniter\View\{closure}()
#3 C:\xampp\htdocs\semmakin\vendor\codeigniter4\framework\system\Common.php(1092): CodeIgniter\View\View->render('admin/kelola_us...', Array, true)
#4 C:\xampp\htdocs\semmakin\app\Controllers\AdminController.php(34): view('admin/kelola_us...', Array)
#5 C:\xampp\htdocs\semmakin\vendor\codeigniter4\framework\system\CodeIgniter.php(802): App\Controllers\AdminController->kelolaUser()
#6 C:\xampp\htdocs\semmakin\vendor\codeigniter4\framework\system\CodeIgniter.php(399): CodeIgniter\CodeIgniter->runController(Object(App\Controllers\AdminController))
#7 C:\xampp\htdocs\semmakin\vendor\codeigniter4\framework\system\CodeIgniter.php(317): CodeIgniter\CodeIgniter->handleRequest(NULL, Object(Config\Cache), false)
#8 C:\xampp\htdocs\semmakin\index.php(37): CodeIgniter\CodeIgniter->run()
#9 {main}
CRITICAL - 2023-12-28 08:12:33 --> Illegal string offset 'userid'
#0 C:\xampp\htdocs\semmakin\app\Views\admin\kelola_user.php(34): CodeIgniter\Debug\Exceptions->errorHandler(2, 'Illegal string ...', 'C:\\xampp\\htdocs...', 34, Array)
#1 C:\xampp\htdocs\semmakin\vendor\codeigniter4\framework\system\View\View.php(214): include('C:\\xampp\\htdocs...')
#2 C:\xampp\htdocs\semmakin\vendor\codeigniter4\framework\system\View\View.php(217): CodeIgniter\View\View->CodeIgniter\View\{closure}()
#3 C:\xampp\htdocs\semmakin\vendor\codeigniter4\framework\system\Common.php(1092): CodeIgniter\View\View->render('admin/kelola_us...', Array, true)
#4 C:\xampp\htdocs\semmakin\app\Controllers\AdminController.php(34): view('admin/kelola_us...', Array)
#5 C:\xampp\htdocs\semmakin\vendor\codeigniter4\framework\system\CodeIgniter.php(802): App\Controllers\AdminController->kelolaUser()
#6 C:\xampp\htdocs\semmakin\vendor\codeigniter4\framework\system\CodeIgniter.php(399): CodeIgniter\CodeIgniter->runController(Object(App\Controllers\AdminController))
#7 C:\xampp\htdocs\semmakin\vendor\codeigniter4\framework\system\CodeIgniter.php(317): CodeIgniter\CodeIgniter->handleRequest(NULL, Object(Config\Cache), false)
#8 C:\xampp\htdocs\semmakin\index.php(37): CodeIgniter\CodeIgniter->run()
#9 {main}
CRITICAL - 2023-12-28 08:13:18 --> Illegal string offset 'userid'
#0 C:\xampp\htdocs\semmakin\app\Views\admin\kelola_user.php(24): CodeIgniter\Debug\Exceptions->errorHandler(2, 'Illegal string ...', 'C:\\xampp\\htdocs...', 24, Array)
#1 C:\xampp\htdocs\semmakin\vendor\codeigniter4\framework\system\View\View.php(214): include('C:\\xampp\\htdocs...')
#2 C:\xampp\htdocs\semmakin\vendor\codeigniter4\framework\system\View\View.php(217): CodeIgniter\View\View->CodeIgniter\View\{closure}()
#3 C:\xampp\htdocs\semmakin\vendor\codeigniter4\framework\system\Common.php(1092): CodeIgniter\View\View->render('admin/kelola_us...', Array, true)
#4 C:\xampp\htdocs\semmakin\app\Controllers\AdminController.php(34): view('admin/kelola_us...', Array)
#5 C:\xampp\htdocs\semmakin\vendor\codeigniter4\framework\system\CodeIgniter.php(802): App\Controllers\AdminController->kelolaUser()
#6 C:\xampp\htdocs\semmakin\vendor\codeigniter4\framework\system\CodeIgniter.php(399): CodeIgniter\CodeIgniter->runController(Object(App\Controllers\AdminController))
#7 C:\xampp\htdocs\semmakin\vendor\codeigniter4\framework\system\CodeIgniter.php(317): CodeIgniter\CodeIgniter->handleRequest(NULL, Object(Config\Cache), false)
#8 C:\xampp\htdocs\semmakin\index.php(37): CodeIgniter\CodeIgniter->run()
#9 {main}
CRITICAL - 2023-12-28 08:14:57 --> Illegal string offset 'userid'
#0 C:\xampp\htdocs\semmakin\app\Views\admin\kelola_user.php(26): CodeIgniter\Debug\Exceptions->errorHandler(2, 'Illegal string ...', 'C:\\xampp\\htdocs...', 26, Array)
#1 C:\xampp\htdocs\semmakin\vendor\codeigniter4\framework\system\View\View.php(214): include('C:\\xampp\\htdocs...')
#2 C:\xampp\htdocs\semmakin\vendor\codeigniter4\framework\system\View\View.php(217): CodeIgniter\View\View->CodeIgniter\View\{closure}()
#3 C:\xampp\htdocs\semmakin\vendor\codeigniter4\framework\system\Common.php(1092): CodeIgniter\View\View->render('admin/kelola_us...', Array, true)
#4 C:\xampp\htdocs\semmakin\app\Controllers\AdminController.php(34): view('admin/kelola_us...', Array)
#5 C:\xampp\htdocs\semmakin\vendor\codeigniter4\framework\system\CodeIgniter.php(802): App\Controllers\AdminController->kelolaUser()
#6 C:\xampp\htdocs\semmakin\vendor\codeigniter4\framework\system\CodeIgniter.php(399): CodeIgniter\CodeIgniter->runController(Object(App\Controllers\AdminController))
#7 C:\xampp\htdocs\semmakin\vendor\codeigniter4\framework\system\CodeIgniter.php(317): CodeIgniter\CodeIgniter->handleRequest(NULL, Object(Config\Cache), false)
#8 C:\xampp\htdocs\semmakin\index.php(37): CodeIgniter\CodeIgniter->run()
#9 {main}
CRITICAL - 2023-12-28 08:15:35 --> Undefined index: userid
#0 C:\xampp\htdocs\semmakin\app\Views\admin\kelola_user.php(26): CodeIgniter\Debug\Exceptions->errorHandler(8, 'Undefined index...', 'C:\\xampp\\htdocs...', 26, Array)
#1 C:\xampp\htdocs\semmakin\vendor\codeigniter4\framework\system\View\View.php(214): include('C:\\xampp\\htdocs...')
#2 C:\xampp\htdocs\semmakin\vendor\codeigniter4\framework\system\View\View.php(217): CodeIgniter\View\View->CodeIgniter\View\{closure}()
#3 C:\xampp\htdocs\semmakin\vendor\codeigniter4\framework\system\Common.php(1092): CodeIgniter\View\View->render('admin/kelola_us...', Array, true)
#4 C:\xampp\htdocs\semmakin\app\Controllers\AdminController.php(34): view('admin/kelola_us...', Array)
#5 C:\xampp\htdocs\semmakin\vendor\codeigniter4\framework\system\CodeIgniter.php(802): App\Controllers\AdminController->kelolaUser()
#6 C:\xampp\htdocs\semmakin\vendor\codeigniter4\framework\system\CodeIgniter.php(399): CodeIgniter\CodeIgniter->runController(Object(App\Controllers\AdminController))
#7 C:\xampp\htdocs\semmakin\vendor\codeigniter4\framework\system\CodeIgniter.php(317): CodeIgniter\CodeIgniter->handleRequest(NULL, Object(Config\Cache), false)
#8 C:\xampp\htdocs\semmakin\index.php(37): CodeIgniter\CodeIgniter->run()
#9 {main}
CRITICAL - 2023-12-28 08:16:35 --> Undefined index: password
#0 C:\xampp\htdocs\semmakin\app\Views\admin\kelola_user.php(26): CodeIgniter\Debug\Exceptions->errorHandler(8, 'Undefined index...', 'C:\\xampp\\htdocs...', 26, Array)
#1 C:\xampp\htdocs\semmakin\vendor\codeigniter4\framework\system\View\View.php(214): include('C:\\xampp\\htdocs...')
#2 C:\xampp\htdocs\semmakin\vendor\codeigniter4\framework\system\View\View.php(217): CodeIgniter\View\View->CodeIgniter\View\{closure}()
#3 C:\xampp\htdocs\semmakin\vendor\codeigniter4\framework\system\Common.php(1092): CodeIgniter\View\View->render('admin/kelola_us...', Array, true)
#4 C:\xampp\htdocs\semmakin\app\Controllers\AdminController.php(34): view('admin/kelola_us...', Array)
#5 C:\xampp\htdocs\semmakin\vendor\codeigniter4\framework\system\CodeIgniter.php(802): App\Controllers\AdminController->kelolaUser()
#6 C:\xampp\htdocs\semmakin\vendor\codeigniter4\framework\system\CodeIgniter.php(399): CodeIgniter\CodeIgniter->runController(Object(App\Controllers\AdminController))
#7 C:\xampp\htdocs\semmakin\vendor\codeigniter4\framework\system\CodeIgniter.php(317): CodeIgniter\CodeIgniter->handleRequest(NULL, Object(Config\Cache), false)
#8 C:\xampp\htdocs\semmakin\index.php(37): CodeIgniter\CodeIgniter->run()
#9 {main}
CRITICAL - 2023-12-28 08:17:53 --> Object of class CodeIgniter\HTTP\RedirectResponse could not be converted to string
#0 C:\xampp\htdocs\semmakin\vendor\codeigniter4\framework\system\CodeIgniter.php(331): CodeIgniter\CodeIgniter->display404errors(Object(CodeIgniter\Exceptions\PageNotFoundException))
#1 C:\xampp\htdocs\semmakin\index.php(37): CodeIgniter\CodeIgniter->run()
#2 {main}
CRITICAL - 2023-12-28 08:24:33 --> Object of class CodeIgniter\HTTP\RedirectResponse could not be converted to string
#0 C:\xampp\htdocs\semmakin\vendor\codeigniter4\framework\system\CodeIgniter.php(331): CodeIgniter\CodeIgniter->display404errors(Object(CodeIgniter\Exceptions\PageNotFoundException))
#1 C:\xampp\htdocs\semmakin\index.php(37): CodeIgniter\CodeIgniter->run()
#2 {main}
CRITICAL - 2023-12-28 08:27:14 --> Object of class CodeIgniter\HTTP\RedirectResponse could not be converted to string
#0 C:\xampp\htdocs\semmakin\vendor\codeigniter4\framework\system\CodeIgniter.php(331): CodeIgniter\CodeIgniter->display404errors(Object(CodeIgniter\Exceptions\PageNotFoundException))
#1 C:\xampp\htdocs\semmakin\index.php(37): CodeIgniter\CodeIgniter->run()
#2 {main}
CRITICAL - 2023-12-28 08:30:04 --> Object of class CodeIgniter\HTTP\RedirectResponse could not be converted to string
#0 C:\xampp\htdocs\semmakin\vendor\codeigniter4\framework\system\CodeIgniter.php(331): CodeIgniter\CodeIgniter->display404errors(Object(CodeIgniter\Exceptions\PageNotFoundException))
#1 C:\xampp\htdocs\semmakin\index.php(37): CodeIgniter\CodeIgniter->run()
#2 {main}
CRITICAL - 2023-12-28 08:32:43 --> Object of class CodeIgniter\HTTP\RedirectResponse could not be converted to string
#0 C:\xampp\htdocs\semmakin\vendor\codeigniter4\framework\system\CodeIgniter.php(331): CodeIgniter\CodeIgniter->display404errors(Object(CodeIgniter\Exceptions\PageNotFoundException))
#1 C:\xampp\htdocs\semmakin\index.php(37): CodeIgniter\CodeIgniter->run()
#2 {main}
CRITICAL - 2023-12-28 08:42:29 --> Object of class CodeIgniter\HTTP\RedirectResponse could not be converted to string
#0 C:\xampp\htdocs\semmakin\vendor\codeigniter4\framework\system\CodeIgniter.php(331): CodeIgniter\CodeIgniter->display404errors(Object(CodeIgniter\Exceptions\PageNotFoundException))
#1 C:\xampp\htdocs\semmakin\index.php(37): CodeIgniter\CodeIgniter->run()
#2 {main}
CRITICAL - 2023-12-28 08:44:02 --> Object of class CodeIgniter\HTTP\RedirectResponse could not be converted to string
#0 C:\xampp\htdocs\semmakin\vendor\codeigniter4\framework\system\CodeIgniter.php(331): CodeIgniter\CodeIgniter->display404errors(Object(CodeIgniter\Exceptions\PageNotFoundException))
#1 C:\xampp\htdocs\semmakin\index.php(37): CodeIgniter\CodeIgniter->run()
#2 {main}
CRITICAL - 2023-12-28 08:48:19 --> Object of class CodeIgniter\HTTP\RedirectResponse could not be converted to string
#0 C:\xampp\htdocs\semmakin\vendor\codeigniter4\framework\system\CodeIgniter.php(331): CodeIgniter\CodeIgniter->display404errors(Object(CodeIgniter\Exceptions\PageNotFoundException))
#1 C:\xampp\htdocs\semmakin\index.php(37): CodeIgniter\CodeIgniter->run()
#2 {main}
CRITICAL - 2023-12-28 09:18:43 --> Undefined index: password
#0 C:\xampp\htdocs\semmakin\app\Models\UserModel.php(60): CodeIgniter\Debug\Exceptions->errorHandler(8, 'Undefined index...', 'C:\\xampp\\htdocs...', 60, Array)
#1 C:\xampp\htdocs\semmakin\app\Controllers\AdminController.php(51): App\Models\UserModel->updateUser('1088', Array)
#2 C:\xampp\htdocs\semmakin\vendor\codeigniter4\framework\system\CodeIgniter.php(802): App\Controllers\AdminController->editUser()
#3 C:\xampp\htdocs\semmakin\vendor\codeigniter4\framework\system\CodeIgniter.php(399): CodeIgniter\CodeIgniter->runController(Object(App\Controllers\AdminController))
#4 C:\xampp\htdocs\semmakin\vendor\codeigniter4\framework\system\CodeIgniter.php(317): CodeIgniter\CodeIgniter->handleRequest(NULL, Object(Config\Cache), false)
#5 C:\xampp\htdocs\semmakin\index.php(37): CodeIgniter\CodeIgniter->run()
#6 {main}
CRITICAL - 2023-12-28 10:02:30 --> Call to undefined method CodeIgniter\Database\MySQLi\Builder::getRow()
#0 C:\xampp\htdocs\semmakin\app\Controllers\AdminController.php(60): App\Models\UserModel->addUser(Array)
#1 C:\xampp\htdocs\semmakin\vendor\codeigniter4\framework\system\CodeIgniter.php(802): App\Controllers\AdminController->addUser()
#2 C:\xampp\htdocs\semmakin\vendor\codeigniter4\framework\system\CodeIgniter.php(399): CodeIgniter\CodeIgniter->runController(Object(App\Controllers\AdminController))
#3 C:\xampp\htdocs\semmakin\vendor\codeigniter4\framework\system\CodeIgniter.php(317): CodeIgniter\CodeIgniter->handleRequest(NULL, Object(Config\Cache), false)
#4 C:\xampp\htdocs\semmakin\index.php(37): CodeIgniter\CodeIgniter->run()
#5 {main}
CRITICAL - 2023-12-28 10:02:55 --> Object of class CodeIgniter\HTTP\RedirectResponse could not be converted to string
#0 C:\xampp\htdocs\semmakin\vendor\codeigniter4\framework\system\CodeIgniter.php(331): CodeIgniter\CodeIgniter->display404errors(Object(CodeIgniter\Exceptions\PageNotFoundException))
#1 C:\xampp\htdocs\semmakin\index.php(37): CodeIgniter\CodeIgniter->run()
#2 {main}
CRITICAL - 2023-12-28 10:30:57 --> Object of class CodeIgniter\HTTP\RedirectResponse could not be converted to string
#0 C:\xampp\htdocs\semmakin\vendor\codeigniter4\framework\system\CodeIgniter.php(331): CodeIgniter\CodeIgniter->display404errors(Object(CodeIgniter\Exceptions\PageNotFoundException))
#1 C:\xampp\htdocs\semmakin\index.php(37): CodeIgniter\CodeIgniter->run()
#2 {main}
CRITICAL - 2023-12-28 10:33:35 --> Object of class CodeIgniter\HTTP\RedirectResponse could not be converted to string
#0 C:\xampp\htdocs\semmakin\vendor\codeigniter4\framework\system\CodeIgniter.php(331): CodeIgniter\CodeIgniter->display404errors(Object(CodeIgniter\Exceptions\PageNotFoundException))
#1 C:\xampp\htdocs\semmakin\index.php(37): CodeIgniter\CodeIgniter->run()
#2 {main}
CRITICAL - 2023-12-28 10:35:00 --> Object of class CodeIgniter\HTTP\RedirectResponse could not be converted to string
#0 C:\xampp\htdocs\semmakin\vendor\codeigniter4\framework\system\CodeIgniter.php(331): CodeIgniter\CodeIgniter->display404errors(Object(CodeIgniter\Exceptions\PageNotFoundException))
#1 C:\xampp\htdocs\semmakin\index.php(37): CodeIgniter\CodeIgniter->run()
#2 {main}
CRITICAL - 2023-12-28 10:38:10 --> Object of class CodeIgniter\HTTP\RedirectResponse could not be converted to string
#0 C:\xampp\htdocs\semmakin\vendor\codeigniter4\framework\system\CodeIgniter.php(331): CodeIgniter\CodeIgniter->display404errors(Object(CodeIgniter\Exceptions\PageNotFoundException))
#1 C:\xampp\htdocs\semmakin\index.php(37): CodeIgniter\CodeIgniter->run()
#2 {main}
CRITICAL - 2023-12-28 10:43:44 --> Object of class CodeIgniter\HTTP\RedirectResponse could not be converted to string
#0 C:\xampp\htdocs\semmakin\vendor\codeigniter4\framework\system\CodeIgniter.php(331): CodeIgniter\CodeIgniter->display404errors(Object(CodeIgniter\Exceptions\PageNotFoundException))
#1 C:\xampp\htdocs\semmakin\index.php(37): CodeIgniter\CodeIgniter->run()
#2 {main}
CRITICAL - 2023-12-28 10:48:32 --> Object of class CodeIgniter\HTTP\RedirectResponse could not be converted to string
#0 C:\xampp\htdocs\semmakin\vendor\codeigniter4\framework\system\CodeIgniter.php(331): CodeIgniter\CodeIgniter->display404errors(Object(CodeIgniter\Exceptions\PageNotFoundException))
#1 C:\xampp\htdocs\semmakin\index.php(37): CodeIgniter\CodeIgniter->run()
#2 {main}
CRITICAL - 2023-12-28 10:48:42 --> Object of class CodeIgniter\HTTP\RedirectResponse could not be converted to string
#0 C:\xampp\htdocs\semmakin\vendor\codeigniter4\framework\system\CodeIgniter.php(331): CodeIgniter\CodeIgniter->display404errors(Object(CodeIgniter\Exceptions\PageNotFoundException))
#1 C:\xampp\htdocs\semmakin\index.php(37): CodeIgniter\CodeIgniter->run()
#2 {main}
CRITICAL - 2023-12-28 10:49:24 --> Undefined variable: jmltot
#0 C:\xampp\htdocs\semmakin\app\Views\home_p3ke.php(43): CodeIgniter\Debug\Exceptions->errorHandler(8, 'Undefined varia...', 'C:\\xampp\\htdocs...', 43, Array)
#1 C:\xampp\htdocs\semmakin\vendor\codeigniter4\framework\system\View\View.php(214): include('C:\\xampp\\htdocs...')
#2 C:\xampp\htdocs\semmakin\vendor\codeigniter4\framework\system\View\View.php(217): CodeIgniter\View\View->CodeIgniter\View\{closure}()
#3 C:\xampp\htdocs\semmakin\vendor\codeigniter4\framework\system\Common.php(1092): CodeIgniter\View\View->render('home_p3ke', Array, true)
#4 C:\xampp\htdocs\semmakin\app\Controllers\Home.php(34): view('home_p3ke')
#5 C:\xampp\htdocs\semmakin\vendor\codeigniter4\framework\system\CodeIgniter.php(802): App\Controllers\Home->getP3keHome()
#6 C:\xampp\htdocs\semmakin\vendor\codeigniter4\framework\system\CodeIgniter.php(399): CodeIgniter\CodeIgniter->runController(Object(App\Controllers\Home))
#7 C:\xampp\htdocs\semmakin\vendor\codeigniter4\framework\system\CodeIgniter.php(317): CodeIgniter\CodeIgniter->handleRequest(NULL, Object(Config\Cache), false)
#8 C:\xampp\htdocs\semmakin\index.php(37): CodeIgniter\CodeIgniter->run()
#9 {main}
CRITICAL - 2023-12-28 10:49:25 --> Object of class CodeIgniter\HTTP\RedirectResponse could not be converted to string
#0 C:\xampp\htdocs\semmakin\vendor\codeigniter4\framework\system\CodeIgniter.php(331): CodeIgniter\CodeIgniter->display404errors(Object(CodeIgniter\Exceptions\PageNotFoundException))
#1 C:\xampp\htdocs\semmakin\index.php(37): CodeIgniter\CodeIgniter->run()
#2 {main}
CRITICAL - 2023-12-28 10:49:59 --> Object of class CodeIgniter\HTTP\RedirectResponse could not be converted to string
#0 C:\xampp\htdocs\semmakin\vendor\codeigniter4\framework\system\CodeIgniter.php(331): CodeIgniter\CodeIgniter->display404errors(Object(CodeIgniter\Exceptions\PageNotFoundException))
#1 C:\xampp\htdocs\semmakin\index.php(37): CodeIgniter\CodeIgniter->run()
#2 {main}
CRITICAL - 2023-12-28 10:50:17 --> Object of class CodeIgniter\HTTP\RedirectResponse could not be converted to string
#0 C:\xampp\htdocs\semmakin\vendor\codeigniter4\framework\system\CodeIgniter.php(331): CodeIgniter\CodeIgniter->display404errors(Object(CodeIgniter\Exceptions\PageNotFoundException))
#1 C:\xampp\htdocs\semmakin\index.php(37): CodeIgniter\CodeIgniter->run()
#2 {main}
CRITICAL - 2023-12-28 15:11:25 --> Object of class CodeIgniter\HTTP\RedirectResponse could not be converted to string
#0 C:\xampp\htdocs\semmakin\vendor\codeigniter4\framework\system\CodeIgniter.php(331): CodeIgniter\CodeIgniter->display404errors(Object(CodeIgniter\Exceptions\PageNotFoundException))
#1 C:\xampp\htdocs\semmakin\index.php(37): CodeIgniter\CodeIgniter->run()
#2 {main}
CRITICAL - 2023-12-28 15:35:29 --> Object of class CodeIgniter\HTTP\RedirectResponse could not be converted to string
#0 C:\xampp\htdocs\semmakin\vendor\codeigniter4\framework\system\CodeIgniter.php(331): CodeIgniter\CodeIgniter->display404errors(Object(CodeIgniter\Exceptions\PageNotFoundException))
#1 C:\xampp\htdocs\semmakin\index.php(37): CodeIgniter\CodeIgniter->run()
#2 {main}
CRITICAL - 2023-12-28 15:52:18 --> You must set the database table to be used with your query.
#0 C:\xampp\htdocs\semmakin\vendor\codeigniter4\framework\system\Model.php(545): CodeIgniter\Database\BaseConnection->table(NULL)
#1 C:\xampp\htdocs\semmakin\vendor\codeigniter4\framework\system\Model.php(688): CodeIgniter\Model->builder()
#2 C:\xampp\htdocs\semmakin\app\Models\PodesModel.php(31): CodeIgniter\Model->__get('detailMenus')
#3 C:\xampp\htdocs\semmakin\app\Controllers\LaporanController.php(383): App\Models\PodesModel->getDescById('37', '2021')
#4 C:\xampp\htdocs\semmakin\vendor\codeigniter4\framework\system\CodeIgniter.php(802): App\Controllers\LaporanController->getDataPodes()
#5 C:\xampp\htdocs\semmakin\vendor\codeigniter4\framework\system\CodeIgniter.php(399): CodeIgniter\CodeIgniter->runController(Object(App\Controllers\LaporanController))
#6 C:\xampp\htdocs\semmakin\vendor\codeigniter4\framework\system\CodeIgniter.php(317): CodeIgniter\CodeIgniter->handleRequest(NULL, Object(Config\Cache), false)
#7 C:\xampp\htdocs\semmakin\index.php(37): CodeIgniter\CodeIgniter->run()
#8 {main}
CRITICAL - 2023-12-28 15:53:05 --> Unparenthesized `a ? b : c ? d : e` is deprecated. Use either `(a ? b : c) ? d : e` or `a ? b : (c ? d : e)`
#0 C:\xampp\htdocs\semmakin\vendor\codeigniter4\framework\system\Autoloader\Autoloader.php(264): CodeIgniter\Debug\Exceptions->errorHandler(8192, 'Unparenthesized...', 'C:\\xampp\\htdocs...', 400, Array)
#1 C:\xampp\htdocs\semmakin\vendor\codeigniter4\framework\system\Autoloader\Autoloader.php(264): include_once()
#2 C:\xampp\htdocs\semmakin\vendor\codeigniter4\framework\system\Autoloader\Autoloader.php(241): CodeIgniter\Autoloader\Autoloader->includeFile('C:\\xampp\\htdocs...')
#3 C:\xampp\htdocs\semmakin\vendor\codeigniter4\framework\system\Autoloader\Autoloader.php(219): CodeIgniter\Autoloader\Autoloader->loadInNamespace('App\\Controllers...')
#4 [internal function]: CodeIgniter\Autoloader\Autoloader->loadClass('App\\Controllers...')
#5 [internal function]: spl_autoload_call('App\\Controllers...')
#6 C:\xampp\htdocs\semmakin\vendor\codeigniter4\framework\system\CodeIgniter.php(767): class_exists('\\App\\Controller...', true)
#7 C:\xampp\htdocs\semmakin\vendor\codeigniter4\framework\system\CodeIgniter.php(386): CodeIgniter\CodeIgniter->startController()
#8 C:\xampp\htdocs\semmakin\vendor\codeigniter4\framework\system\CodeIgniter.php(317): CodeIgniter\CodeIgniter->handleRequest(NULL, Object(Config\Cache), false)
#9 C:\xampp\htdocs\semmakin\index.php(37): CodeIgniter\CodeIgniter->run()
#10 {main}
CRITICAL - 2023-12-28 15:56:09 --> You must set the database table to be used with your query.
#0 C:\xampp\htdocs\semmakin\vendor\codeigniter4\framework\system\Model.php(545): CodeIgniter\Database\BaseConnection->table(NULL)
#1 C:\xampp\htdocs\semmakin\vendor\codeigniter4\framework\system\Model.php(688): CodeIgniter\Model->builder()
#2 C:\xampp\htdocs\semmakin\app\Models\PodesModel.php(31): CodeIgniter\Model->__get('detailMenus')
#3 C:\xampp\htdocs\semmakin\app\Controllers\LaporanController.php(383): App\Models\PodesModel->getDescById('39', '2021')
#4 C:\xampp\htdocs\semmakin\vendor\codeigniter4\framework\system\CodeIgniter.php(802): App\Controllers\LaporanController->getDataPodes()
#5 C:\xampp\htdocs\semmakin\vendor\codeigniter4\framework\system\CodeIgniter.php(399): CodeIgniter\CodeIgniter->runController(Object(App\Controllers\LaporanController))
#6 C:\xampp\htdocs\semmakin\vendor\codeigniter4\framework\system\CodeIgniter.php(317): CodeIgniter\CodeIgniter->handleRequest(NULL, Object(Config\Cache), false)
#7 C:\xampp\htdocs\semmakin\index.php(37): CodeIgniter\CodeIgniter->run()
#8 {main}
CRITICAL - 2023-12-28 15:58:51 --> You must set the database table to be used with your query.
#0 C:\xampp\htdocs\semmakin\vendor\codeigniter4\framework\system\Model.php(545): CodeIgniter\Database\BaseConnection->table(NULL)
#1 C:\xampp\htdocs\semmakin\vendor\codeigniter4\framework\system\Model.php(688): CodeIgniter\Model->builder()
#2 C:\xampp\htdocs\semmakin\app\Models\PodesModel.php(31): CodeIgniter\Model->__get('detailMenus')
#3 C:\xampp\htdocs\semmakin\app\Controllers\LaporanController.php(383): App\Models\PodesModel->getDescById('40', '2021')
#4 C:\xampp\htdocs\semmakin\vendor\codeigniter4\framework\system\CodeIgniter.php(802): App\Controllers\LaporanController->getDataPodes()
#5 C:\xampp\htdocs\semmakin\vendor\codeigniter4\framework\system\CodeIgniter.php(399): CodeIgniter\CodeIgniter->runController(Object(App\Controllers\LaporanController))
#6 C:\xampp\htdocs\semmakin\vendor\codeigniter4\framework\system\CodeIgniter.php(317): CodeIgniter\CodeIgniter->handleRequest(NULL, Object(Config\Cache), false)
#7 C:\xampp\htdocs\semmakin\index.php(37): CodeIgniter\CodeIgniter->run()
#8 {main}
CRITICAL - 2023-12-28 16:00:32 --> You must set the database table to be used with your query.
#0 C:\xampp\htdocs\semmakin\vendor\codeigniter4\framework\system\Model.php(545): CodeIgniter\Database\BaseConnection->table(NULL)
#1 C:\xampp\htdocs\semmakin\vendor\codeigniter4\framework\system\Model.php(719): CodeIgniter\Model->builder()
#2 C:\xampp\htdocs\semmakin\app\Controllers\LaporanController.php(398): CodeIgniter\Model->__call('getTabel1', Array)
#3 C:\xampp\htdocs\semmakin\vendor\codeigniter4\framework\system\CodeIgniter.php(802): App\Controllers\LaporanController->getDataPodes()
#4 C:\xampp\htdocs\semmakin\vendor\codeigniter4\framework\system\CodeIgniter.php(399): CodeIgniter\CodeIgniter->runController(Object(App\Controllers\LaporanController))
#5 C:\xampp\htdocs\semmakin\vendor\codeigniter4\framework\system\CodeIgniter.php(317): CodeIgniter\CodeIgniter->handleRequest(NULL, Object(Config\Cache), false)
#6 C:\xampp\htdocs\semmakin\index.php(37): CodeIgniter\CodeIgniter->run()
#7 {main}
ERROR - 2023-12-28 16:02:30 --> Unknown column 'tahun' in 'where clause'
CRITICAL - 2023-12-28 16:02:30 --> Unknown column 'tahun' in 'where clause'
#0 C:\xampp\htdocs\semmakin\vendor\codeigniter4\framework\system\Database\MySQLi\Connection.php(280): mysqli->query('SELECT r403a, C...')
#1 C:\xampp\htdocs\semmakin\vendor\codeigniter4\framework\system\Database\BaseConnection.php(663): CodeIgniter\Database\MySQLi\Connection->execute('SELECT r403a, C...')
#2 C:\xampp\htdocs\semmakin\vendor\codeigniter4\framework\system\Database\BaseConnection.php(591): CodeIgniter\Database\BaseConnection->simpleQuery('SELECT r403a, C...')
#3 C:\xampp\htdocs\semmakin\app\Models\PodesModel.php(44): CodeIgniter\Database\BaseConnection->query('SELECT r403a, C...')
#4 C:\xampp\htdocs\semmakin\app\Controllers\LaporanController.php(398): App\Models\PodesModel->getTabel1('2021')
#5 C:\xampp\htdocs\semmakin\vendor\codeigniter4\framework\system\CodeIgniter.php(802): App\Controllers\LaporanController->getDataPodes()
#6 C:\xampp\htdocs\semmakin\vendor\codeigniter4\framework\system\CodeIgniter.php(399): CodeIgniter\CodeIgniter->runController(Object(App\Controllers\LaporanController))
#7 C:\xampp\htdocs\semmakin\vendor\codeigniter4\framework\system\CodeIgniter.php(317): CodeIgniter\CodeIgniter->handleRequest(NULL, Object(Config\Cache), false)
#8 C:\xampp\htdocs\semmakin\index.php(37): CodeIgniter\CodeIgniter->run()
#9 {main}
CRITICAL - 2023-12-28 16:02:41 --> Undefined variable: judul
#0 C:\xampp\htdocs\semmakin\app\Controllers\LaporanController.php(406): CodeIgniter\Debug\Exceptions->errorHandler(8, 'Undefined varia...', 'C:\\xampp\\htdocs...', 406, Array)
#1 C:\xampp\htdocs\semmakin\vendor\codeigniter4\framework\system\CodeIgniter.php(802): App\Controllers\LaporanController->getDataPodes()
#2 C:\xampp\htdocs\semmakin\vendor\codeigniter4\framework\system\CodeIgniter.php(399): CodeIgniter\CodeIgniter->runController(Object(App\Controllers\LaporanController))
#3 C:\xampp\htdocs\semmakin\vendor\codeigniter4\framework\system\CodeIgniter.php(317): CodeIgniter\CodeIgniter->handleRequest(NULL, Object(Config\Cache), false)
#4 C:\xampp\htdocs\semmakin\index.php(37): CodeIgniter\CodeIgniter->run()
#5 {main}
CRITICAL - 2023-12-28 16:03:29 --> Undefined variable: judul
#0 C:\xampp\htdocs\semmakin\app\Controllers\LaporanController.php(407): CodeIgniter\Debug\Exceptions->errorHandler(8, 'Undefined varia...', 'C:\\xampp\\htdocs...', 407, Array)
#1 C:\xampp\htdocs\semmakin\vendor\codeigniter4\framework\system\CodeIgniter.php(802): App\Controllers\LaporanController->getDataPodes()
#2 C:\xampp\htdocs\semmakin\vendor\codeigniter4\framework\system\CodeIgniter.php(399): CodeIgniter\CodeIgniter->runController(Object(App\Controllers\LaporanController))
#3 C:\xampp\htdocs\semmakin\vendor\codeigniter4\framework\system\CodeIgniter.php(317): CodeIgniter\CodeIgniter->handleRequest(NULL, Object(Config\Cache), false)
#4 C:\xampp\htdocs\semmakin\index.php(37): CodeIgniter\CodeIgniter->run()
#5 {main}
CRITICAL - 2023-12-28 16:03:37 --> Undefined variable: judul
#0 C:\xampp\htdocs\semmakin\app\Controllers\LaporanController.php(406): CodeIgniter\Debug\Exceptions->errorHandler(8, 'Undefined varia...', 'C:\\xampp\\htdocs...', 406, Array)
#1 C:\xampp\htdocs\semmakin\vendor\codeigniter4\framework\system\CodeIgniter.php(802): App\Controllers\LaporanController->getDataPodes()
#2 C:\xampp\htdocs\semmakin\vendor\codeigniter4\framework\system\CodeIgniter.php(399): CodeIgniter\CodeIgniter->runController(Object(App\Controllers\LaporanController))
#3 C:\xampp\htdocs\semmakin\vendor\codeigniter4\framework\system\CodeIgniter.php(317): CodeIgniter\CodeIgniter->handleRequest(NULL, Object(Config\Cache), false)
#4 C:\xampp\htdocs\semmakin\index.php(37): CodeIgniter\CodeIgniter->run()
#5 {main}
ERROR - 2023-12-28 16:04:25 --> Unknown column 'tahun' in 'where clause'
CRITICAL - 2023-12-28 16:04:25 --> Unknown column 'tahun' in 'where clause'
#0 C:\xampp\htdocs\semmakin\vendor\codeigniter4\framework\system\Database\MySQLi\Connection.php(280): mysqli->query('SELECT r403a, C...')
#1 C:\xampp\htdocs\semmakin\vendor\codeigniter4\framework\system\Database\BaseConnection.php(663): CodeIgniter\Database\MySQLi\Connection->execute('SELECT r403a, C...')
#2 C:\xampp\htdocs\semmakin\vendor\codeigniter4\framework\system\Database\BaseConnection.php(591): CodeIgniter\Database\BaseConnection->simpleQuery('SELECT r403a, C...')
#3 C:\xampp\htdocs\semmakin\app\Models\PodesModel.php(44): CodeIgniter\Database\BaseConnection->query('SELECT r403a, C...')
#4 C:\xampp\htdocs\semmakin\app\Controllers\LaporanController.php(398): App\Models\PodesModel->getTabel1('2021')
#5 C:\xampp\htdocs\semmakin\vendor\codeigniter4\framework\system\CodeIgniter.php(802): App\Controllers\LaporanController->getDataPodes()
#6 C:\xampp\htdocs\semmakin\vendor\codeigniter4\framework\system\CodeIgniter.php(399): CodeIgniter\CodeIgniter->runController(Object(App\Controllers\LaporanController))
#7 C:\xampp\htdocs\semmakin\vendor\codeigniter4\framework\system\CodeIgniter.php(317): CodeIgniter\CodeIgniter->handleRequest(NULL, Object(Config\Cache), false)
#8 C:\xampp\htdocs\semmakin\index.php(37): CodeIgniter\CodeIgniter->run()
#9 {main}
ERROR - 2023-12-28 16:04:47 --> Unknown column 'tahun' in 'where clause'
CRITICAL - 2023-12-28 16:04:47 --> Unknown column 'tahun' in 'where clause'
#0 C:\xampp\htdocs\semmakin\vendor\codeigniter4\framework\system\Database\MySQLi\Connection.php(280): mysqli->query('SELECT r403a, C...')
#1 C:\xampp\htdocs\semmakin\vendor\codeigniter4\framework\system\Database\BaseConnection.php(663): CodeIgniter\Database\MySQLi\Connection->execute('SELECT r403a, C...')
#2 C:\xampp\htdocs\semmakin\vendor\codeigniter4\framework\system\Database\BaseConnection.php(591): CodeIgniter\Database\BaseConnection->simpleQuery('SELECT r403a, C...')
#3 C:\xampp\htdocs\semmakin\app\Models\PodesModel.php(44): CodeIgniter\Database\BaseConnection->query('SELECT r403a, C...')
#4 C:\xampp\htdocs\semmakin\app\Controllers\LaporanController.php(398): App\Models\PodesModel->getTabel1('2021')
#5 C:\xampp\htdocs\semmakin\vendor\codeigniter4\framework\system\CodeIgniter.php(802): App\Controllers\LaporanController->getDataPodes()
#6 C:\xampp\htdocs\semmakin\vendor\codeigniter4\framework\system\CodeIgniter.php(399): CodeIgniter\CodeIgniter->runController(Object(App\Controllers\LaporanController))
#7 C:\xampp\htdocs\semmakin\vendor\codeigniter4\framework\system\CodeIgniter.php(317): CodeIgniter\CodeIgniter->handleRequest(NULL, Object(Config\Cache), false)
#8 C:\xampp\htdocs\semmakin\index.php(37): CodeIgniter\CodeIgniter->run()
#9 {main}
