CRITICAL - 2023-11-09 16:11:13 --> Undefined variable: master
#0 C:\xampp\htdocs\semmakin\app\Views\admin\master.php(58): CodeIgniter\Debug\Exceptions->errorHandler(8, 'Undefined varia...', 'C:\\xampp\\htdocs...', 58, Array)
#1 C:\xampp\htdocs\semmakin\vendor\codeigniter4\framework\system\View\View.php(214): include('C:\\xampp\\htdocs...')
#2 C:\xampp\htdocs\semmakin\vendor\codeigniter4\framework\system\View\View.php(217): CodeIgniter\View\View->CodeIgniter\View\{closure}()
#3 C:\xampp\htdocs\semmakin\vendor\codeigniter4\framework\system\Common.php(1092): CodeIgniter\View\View->render('admin/master', Array, true)
#4 C:\xampp\htdocs\semmakin\app\Controllers\AdminController.php(27): view('admin/master')
#5 C:\xampp\htdocs\semmakin\vendor\codeigniter4\framework\system\CodeIgniter.php(802): App\Controllers\AdminController->master()
#6 C:\xampp\htdocs\semmakin\vendor\codeigniter4\framework\system\CodeIgniter.php(399): CodeIgniter\CodeIgniter->runController(Object(App\Controllers\AdminController))
#7 C:\xampp\htdocs\semmakin\vendor\codeigniter4\framework\system\CodeIgniter.php(317): CodeIgniter\CodeIgniter->handleRequest(NULL, Object(Config\Cache), false)
#8 C:\xampp\htdocs\semmakin\index.php(37): CodeIgniter\CodeIgniter->run()
#9 {main}
CRITICAL - 2023-11-09 16:11:36 --> Undefined variable: master
#0 C:\xampp\htdocs\semmakin\app\Views\admin\master.php(58): CodeIgniter\Debug\Exceptions->errorHandler(8, 'Undefined varia...', 'C:\\xampp\\htdocs...', 58, Array)
#1 C:\xampp\htdocs\semmakin\vendor\codeigniter4\framework\system\View\View.php(214): include('C:\\xampp\\htdocs...')
#2 C:\xampp\htdocs\semmakin\vendor\codeigniter4\framework\system\View\View.php(217): CodeIgniter\View\View->CodeIgniter\View\{closure}()
#3 C:\xampp\htdocs\semmakin\vendor\codeigniter4\framework\system\Common.php(1092): CodeIgniter\View\View->render('admin/master', Array, true)
#4 C:\xampp\htdocs\semmakin\app\Controllers\AdminController.php(27): view('admin/master')
#5 C:\xampp\htdocs\semmakin\vendor\codeigniter4\framework\system\CodeIgniter.php(802): App\Controllers\AdminController->master()
#6 C:\xampp\htdocs\semmakin\vendor\codeigniter4\framework\system\CodeIgniter.php(399): CodeIgniter\CodeIgniter->runController(Object(App\Controllers\AdminController))
#7 C:\xampp\htdocs\semmakin\vendor\codeigniter4\framework\system\CodeIgniter.php(317): CodeIgniter\CodeIgniter->handleRequest(NULL, Object(Config\Cache), false)
#8 C:\xampp\htdocs\semmakin\index.php(37): CodeIgniter\CodeIgniter->run()
#9 {main}
