CRITICAL - 2022-12-06 11:16:18 --> Trying to get property 'indeks_bid' of non-object
#0 C:\xampp\htdocs\arsip\app\Controllers\Naskah.php(417): CodeIgniter\Debug\Exceptions->errorHandler(8, 'Trying to get p...', 'C:\\xampp\\htdocs...', 417, Array)
#1 C:\xampp\htdocs\arsip\vendor\codeigniter4\framework\system\CodeIgniter.php(802): App\Controllers\Naskah->getNomor('64515')
#2 C:\xampp\htdocs\arsip\vendor\codeigniter4\framework\system\CodeIgniter.php(399): CodeIgniter\CodeIgniter->runController(Object(App\Controllers\Naskah))
#3 C:\xampp\htdocs\arsip\vendor\codeigniter4\framework\system\CodeIgniter.php(317): CodeIgniter\CodeIgniter->handleRequest(NULL, Object(Config\Cache), false)
#4 C:\xampp\htdocs\arsip\index.php(37): CodeIgniter\CodeIgniter->run()
#5 {main}
CRITICAL - 2022-12-06 11:16:32 --> Trying to get property 'indeks_bid' of non-object
#0 C:\xampp\htdocs\arsip\app\Controllers\Naskah.php(417): CodeIgniter\Debug\Exceptions->errorHandler(8, 'Trying to get p...', 'C:\\xampp\\htdocs...', 417, Array)
#1 C:\xampp\htdocs\arsip\vendor\codeigniter4\framework\system\CodeIgniter.php(802): App\Controllers\Naskah->getNomor('64560')
#2 C:\xampp\htdocs\arsip\vendor\codeigniter4\framework\system\CodeIgniter.php(399): CodeIgniter\CodeIgniter->runController(Object(App\Controllers\Naskah))
#3 C:\xampp\htdocs\arsip\vendor\codeigniter4\framework\system\CodeIgniter.php(317): CodeIgniter\CodeIgniter->handleRequest(NULL, Object(Config\Cache), false)
#4 C:\xampp\htdocs\arsip\index.php(37): CodeIgniter\CodeIgniter->run()
#5 {main}
CRITICAL - 2022-12-06 11:18:36 --> Trying to get property 'indeks_bid' of non-object
#0 C:\xampp\htdocs\arsip\app\Controllers\Naskah.php(417): CodeIgniter\Debug\Exceptions->errorHandler(8, 'Trying to get p...', 'C:\\xampp\\htdocs...', 417, Array)
#1 C:\xampp\htdocs\arsip\vendor\codeigniter4\framework\system\CodeIgniter.php(802): App\Controllers\Naskah->getNomor('64563')
#2 C:\xampp\htdocs\arsip\vendor\codeigniter4\framework\system\CodeIgniter.php(399): CodeIgniter\CodeIgniter->runController(Object(App\Controllers\Naskah))
#3 C:\xampp\htdocs\arsip\vendor\codeigniter4\framework\system\CodeIgniter.php(317): CodeIgniter\CodeIgniter->handleRequest(NULL, Object(Config\Cache), false)
#4 C:\xampp\htdocs\arsip\index.php(37): CodeIgniter\CodeIgniter->run()
#5 {main}
CRITICAL - 2022-12-06 11:55:25 --> Trying to get property 'indeks_bid' of non-object
#0 C:\xampp\htdocs\arsip\app\Controllers\Naskah.php(417): CodeIgniter\Debug\Exceptions->errorHandler(8, 'Trying to get p...', 'C:\\xampp\\htdocs...', 417, Array)
#1 C:\xampp\htdocs\arsip\vendor\codeigniter4\framework\system\CodeIgniter.php(802): App\Controllers\Naskah->getNomor('64522')
#2 C:\xampp\htdocs\arsip\vendor\codeigniter4\framework\system\CodeIgniter.php(399): CodeIgniter\CodeIgniter->runController(Object(App\Controllers\Naskah))
#3 C:\xampp\htdocs\arsip\vendor\codeigniter4\framework\system\CodeIgniter.php(317): CodeIgniter\CodeIgniter->handleRequest(NULL, Object(Config\Cache), false)
#4 C:\xampp\htdocs\arsip\index.php(37): CodeIgniter\CodeIgniter->run()
#5 {main}
CRITICAL - 2022-12-06 11:55:50 --> Trying to get property 'indeks_bid' of non-object
#0 C:\xampp\htdocs\arsip\app\Controllers\Naskah.php(417): CodeIgniter\Debug\Exceptions->errorHandler(8, 'Trying to get p...', 'C:\\xampp\\htdocs...', 417, Array)
#1 C:\xampp\htdocs\arsip\vendor\codeigniter4\framework\system\CodeIgniter.php(802): App\Controllers\Naskah->getNomor('64512')
#2 C:\xampp\htdocs\arsip\vendor\codeigniter4\framework\system\CodeIgniter.php(399): CodeIgniter\CodeIgniter->runController(Object(App\Controllers\Naskah))
#3 C:\xampp\htdocs\arsip\vendor\codeigniter4\framework\system\CodeIgniter.php(317): CodeIgniter\CodeIgniter->handleRequest(NULL, Object(Config\Cache), false)
#4 C:\xampp\htdocs\arsip\index.php(37): CodeIgniter\CodeIgniter->run()
#5 {main}
CRITICAL - 2022-12-06 11:58:49 --> Trying to get property 'indeks_bid' of non-object
#0 C:\xampp\htdocs\arsip\app\Controllers\Naskah.php(417): CodeIgniter\Debug\Exceptions->errorHandler(8, 'Trying to get p...', 'C:\\xampp\\htdocs...', 417, Array)
#1 C:\xampp\htdocs\arsip\vendor\codeigniter4\framework\system\CodeIgniter.php(802): App\Controllers\Naskah->getNomor('64560')
#2 C:\xampp\htdocs\arsip\vendor\codeigniter4\framework\system\CodeIgniter.php(399): CodeIgniter\CodeIgniter->runController(Object(App\Controllers\Naskah))
#3 C:\xampp\htdocs\arsip\vendor\codeigniter4\framework\system\CodeIgniter.php(317): CodeIgniter\CodeIgniter->handleRequest(NULL, Object(Config\Cache), false)
#4 C:\xampp\htdocs\arsip\index.php(37): CodeIgniter\CodeIgniter->run()
#5 {main}
CRITICAL - 2022-12-06 12:01:51 --> Trying to get property 'indeks_bid' of non-object
#0 C:\xampp\htdocs\arsip\app\Controllers\Naskah.php(417): CodeIgniter\Debug\Exceptions->errorHandler(8, 'Trying to get p...', 'C:\\xampp\\htdocs...', 417, Array)
#1 C:\xampp\htdocs\arsip\vendor\codeigniter4\framework\system\CodeIgniter.php(802): App\Controllers\Naskah->getNomor('64521')
#2 C:\xampp\htdocs\arsip\vendor\codeigniter4\framework\system\CodeIgniter.php(399): CodeIgniter\CodeIgniter->runController(Object(App\Controllers\Naskah))
#3 C:\xampp\htdocs\arsip\vendor\codeigniter4\framework\system\CodeIgniter.php(317): CodeIgniter\CodeIgniter->handleRequest(NULL, Object(Config\Cache), false)
#4 C:\xampp\htdocs\arsip\index.php(37): CodeIgniter\CodeIgniter->run()
#5 {main}
CRITICAL - 2022-12-06 12:20:16 --> Trying to get property 'indeks_bid' of non-object
#0 C:\xampp\htdocs\arsip\app\Controllers\Naskah.php(417): CodeIgniter\Debug\Exceptions->errorHandler(8, 'Trying to get p...', 'C:\\xampp\\htdocs...', 417, Array)
#1 C:\xampp\htdocs\arsip\vendor\codeigniter4\framework\system\CodeIgniter.php(802): App\Controllers\Naskah->getNomor('64552')
#2 C:\xampp\htdocs\arsip\vendor\codeigniter4\framework\system\CodeIgniter.php(399): CodeIgniter\CodeIgniter->runController(Object(App\Controllers\Naskah))
#3 C:\xampp\htdocs\arsip\vendor\codeigniter4\framework\system\CodeIgniter.php(317): CodeIgniter\CodeIgniter->handleRequest(NULL, Object(Config\Cache), false)
#4 C:\xampp\htdocs\arsip\index.php(37): CodeIgniter\CodeIgniter->run()
#5 {main}
CRITICAL - 2022-12-06 12:23:22 --> Trying to get property 'indeks_bid' of non-object
#0 C:\xampp\htdocs\arsip\app\Controllers\Naskah.php(417): CodeIgniter\Debug\Exceptions->errorHandler(8, 'Trying to get p...', 'C:\\xampp\\htdocs...', 417, Array)
#1 C:\xampp\htdocs\arsip\vendor\codeigniter4\framework\system\CodeIgniter.php(802): App\Controllers\Naskah->getNomor('64560')
#2 C:\xampp\htdocs\arsip\vendor\codeigniter4\framework\system\CodeIgniter.php(399): CodeIgniter\CodeIgniter->runController(Object(App\Controllers\Naskah))
#3 C:\xampp\htdocs\arsip\vendor\codeigniter4\framework\system\CodeIgniter.php(317): CodeIgniter\CodeIgniter->handleRequest(NULL, Object(Config\Cache), false)
#4 C:\xampp\htdocs\arsip\index.php(37): CodeIgniter\CodeIgniter->run()
#5 {main}
CRITICAL - 2022-12-06 14:46:43 --> Call to a member function getRow() on int
#0 C:\xampp\htdocs\arsip\vendor\codeigniter4\framework\system\CodeIgniter.php(802): App\Controllers\Naskah->getNomor('64563')
#1 C:\xampp\htdocs\arsip\vendor\codeigniter4\framework\system\CodeIgniter.php(399): CodeIgniter\CodeIgniter->runController(Object(App\Controllers\Naskah))
#2 C:\xampp\htdocs\arsip\vendor\codeigniter4\framework\system\CodeIgniter.php(317): CodeIgniter\CodeIgniter->handleRequest(NULL, Object(Config\Cache), false)
#3 C:\xampp\htdocs\arsip\index.php(37): CodeIgniter\CodeIgniter->run()
#4 {main}
CRITICAL - 2022-12-06 14:47:02 --> Trying to get property 'indeks_bid' of non-object
#0 C:\xampp\htdocs\arsip\app\Controllers\Naskah.php(417): CodeIgniter\Debug\Exceptions->errorHandler(8, 'Trying to get p...', 'C:\\xampp\\htdocs...', 417, Array)
#1 C:\xampp\htdocs\arsip\vendor\codeigniter4\framework\system\CodeIgniter.php(802): App\Controllers\Naskah->getNomor('64563')
#2 C:\xampp\htdocs\arsip\vendor\codeigniter4\framework\system\CodeIgniter.php(399): CodeIgniter\CodeIgniter->runController(Object(App\Controllers\Naskah))
#3 C:\xampp\htdocs\arsip\vendor\codeigniter4\framework\system\CodeIgniter.php(317): CodeIgniter\CodeIgniter->handleRequest(NULL, Object(Config\Cache), false)
#4 C:\xampp\htdocs\arsip\index.php(37): CodeIgniter\CodeIgniter->run()
#5 {main}
CRITICAL - 2022-12-06 14:47:15 --> Trying to get property 'indeks_bid' of non-object
#0 C:\xampp\htdocs\arsip\app\Controllers\Naskah.php(417): CodeIgniter\Debug\Exceptions->errorHandler(8, 'Trying to get p...', 'C:\\xampp\\htdocs...', 417, Array)
#1 C:\xampp\htdocs\arsip\vendor\codeigniter4\framework\system\CodeIgniter.php(802): App\Controllers\Naskah->getNomor('64563')
#2 C:\xampp\htdocs\arsip\vendor\codeigniter4\framework\system\CodeIgniter.php(399): CodeIgniter\CodeIgniter->runController(Object(App\Controllers\Naskah))
#3 C:\xampp\htdocs\arsip\vendor\codeigniter4\framework\system\CodeIgniter.php(317): CodeIgniter\CodeIgniter->handleRequest(NULL, Object(Config\Cache), false)
#4 C:\xampp\htdocs\arsip\index.php(37): CodeIgniter\CodeIgniter->run()
#5 {main}
CRITICAL - 2022-12-06 14:47:58 --> Trying to get property 'indeks_bid' of non-object
#0 C:\xampp\htdocs\arsip\app\Controllers\Naskah.php(417): CodeIgniter\Debug\Exceptions->errorHandler(8, 'Trying to get p...', 'C:\\xampp\\htdocs...', 417, Array)
#1 C:\xampp\htdocs\arsip\vendor\codeigniter4\framework\system\CodeIgniter.php(802): App\Controllers\Naskah->getNomor('64563')
#2 C:\xampp\htdocs\arsip\vendor\codeigniter4\framework\system\CodeIgniter.php(399): CodeIgniter\CodeIgniter->runController(Object(App\Controllers\Naskah))
#3 C:\xampp\htdocs\arsip\vendor\codeigniter4\framework\system\CodeIgniter.php(317): CodeIgniter\CodeIgniter->handleRequest(NULL, Object(Config\Cache), false)
#4 C:\xampp\htdocs\arsip\index.php(37): CodeIgniter\CodeIgniter->run()
#5 {main}
