ERROR - 2023-12-11 08:26:55 --> You have an error in your SQL syntax; check the manual that corresponds to your MariaDB server version for the right syntax to use near ''''' at line 1
CRITICAL - 2023-12-11 08:26:55 --> You have an error in your SQL syntax; check the manual that corresponds to your MariaDB server version for the right syntax to use near ''''' at line 1
#0 C:\xampp\htdocs\semmakin\vendor\codeigniter4\framework\system\Database\MySQLi\Connection.php(280): mysqli->query('SELECT *  FROM ...')
#1 C:\xampp\htdocs\semmakin\vendor\codeigniter4\framework\system\Database\BaseConnection.php(663): CodeIgniter\Database\MySQLi\Connection->execute('SELECT *  FROM ...')
#2 C:\xampp\htdocs\semmakin\vendor\codeigniter4\framework\system\Database\BaseConnection.php(591): CodeIgniter\Database\BaseConnection->simpleQuery('SELECT *  FROM ...')
#3 C:\xampp\htdocs\semmakin\app\Controllers\Auth.php(33): CodeIgniter\Database\BaseConnection->query('SELECT *  FROM ...')
#4 C:\xampp\htdocs\semmakin\vendor\codeigniter4\framework\system\CodeIgniter.php(802): App\Controllers\Auth->valid_login()
#5 C:\xampp\htdocs\semmakin\vendor\codeigniter4\framework\system\CodeIgniter.php(399): CodeIgniter\CodeIgniter->runController(Object(App\Controllers\Auth))
#6 C:\xampp\htdocs\semmakin\vendor\codeigniter4\framework\system\CodeIgniter.php(317): CodeIgniter\CodeIgniter->handleRequest(NULL, Object(Config\Cache), false)
#7 C:\xampp\htdocs\semmakin\index.php(37): CodeIgniter\CodeIgniter->run()
#8 {main}
CRITICAL - 2023-12-11 08:32:49 --> You must set the database table to be used with your query.
#0 C:\xampp\htdocs\semmakin\vendor\codeigniter4\framework\system\Model.php(545): CodeIgniter\Database\BaseConnection->table(NULL)
#1 C:\xampp\htdocs\semmakin\vendor\codeigniter4\framework\system\Model.php(688): CodeIgniter\Model->builder()
#2 C:\xampp\htdocs\semmakin\app\Models\UserModel.php(22): CodeIgniter\Model->__get('mastertabel')
#3 C:\xampp\htdocs\semmakin\app\Controllers\Auth.php(34): App\Models\UserModel->login(''')
#4 C:\xampp\htdocs\semmakin\vendor\codeigniter4\framework\system\CodeIgniter.php(802): App\Controllers\Auth->valid_login()
#5 C:\xampp\htdocs\semmakin\vendor\codeigniter4\framework\system\CodeIgniter.php(399): CodeIgniter\CodeIgniter->runController(Object(App\Controllers\Auth))
#6 C:\xampp\htdocs\semmakin\vendor\codeigniter4\framework\system\CodeIgniter.php(317): CodeIgniter\CodeIgniter->handleRequest(NULL, Object(Config\Cache), false)
#7 C:\xampp\htdocs\semmakin\index.php(37): CodeIgniter\CodeIgniter->run()
#8 {main}
CRITICAL - 2023-12-11 15:15:51 --> Undefined property: CodeIgniter\Database\MySQLi\Builder::$salt
#0 C:\xampp\htdocs\semmakin\app\Models\UserModel.php(23): CodeIgniter\Debug\Exceptions->errorHandler(8, 'Undefined prope...', 'C:\\xampp\\htdocs...', 23, Array)
#1 C:\xampp\htdocs\semmakin\app\Controllers\Auth.php(33): App\Models\UserModel->login('super', '123456')
#2 C:\xampp\htdocs\semmakin\vendor\codeigniter4\framework\system\CodeIgniter.php(802): App\Controllers\Auth->valid_login()
#3 C:\xampp\htdocs\semmakin\vendor\codeigniter4\framework\system\CodeIgniter.php(399): CodeIgniter\CodeIgniter->runController(Object(App\Controllers\Auth))
#4 C:\xampp\htdocs\semmakin\vendor\codeigniter4\framework\system\CodeIgniter.php(317): CodeIgniter\CodeIgniter->handleRequest(NULL, Object(Config\Cache), false)
#5 C:\xampp\htdocs\semmakin\index.php(37): CodeIgniter\CodeIgniter->run()
#6 {main}
