CRITICAL - 2022-06-04 01:59:46 --> Call to undefined method CodeIgniter\Database\MySQLi\Builder::getResultArray()
#0 C:\xampp\htdocs\monitoring-splf2020\vendor\codeigniter4\framework\system\CodeIgniter.php(802): App\Controllers\Lfsp2020c2->entry()
#1 C:\xampp\htdocs\monitoring-splf2020\vendor\codeigniter4\framework\system\CodeIgniter.php(399): CodeIgniter\CodeIgniter->runController(Object(App\Controllers\Lfsp2020c2))
#2 C:\xampp\htdocs\monitoring-splf2020\vendor\codeigniter4\framework\system\CodeIgniter.php(317): CodeIgniter\CodeIgniter->handleRequest(NULL, Object(Config\Cache), false)
#3 C:\xampp\htdocs\monitoring-splf2020\index.php(37): CodeIgniter\CodeIgniter->run()
#4 {main}
CRITICAL - 2022-06-04 02:02:09 --> Call to undefined method CodeIgniter\Database\MySQLi\Builder::getResultArray()
#0 C:\xampp\htdocs\monitoring-splf2020\vendor\codeigniter4\framework\system\CodeIgniter.php(802): App\Controllers\Lfsp2020c2->entry()
#1 C:\xampp\htdocs\monitoring-splf2020\vendor\codeigniter4\framework\system\CodeIgniter.php(399): CodeIgniter\CodeIgniter->runController(Object(App\Controllers\Lfsp2020c2))
#2 C:\xampp\htdocs\monitoring-splf2020\vendor\codeigniter4\framework\system\CodeIgniter.php(317): CodeIgniter\CodeIgniter->handleRequest(NULL, Object(Config\Cache), false)
#3 C:\xampp\htdocs\monitoring-splf2020\index.php(37): CodeIgniter\CodeIgniter->run()
#4 {main}
ERROR - 2022-06-04 02:02:48 --> Unknown column 'email' in 'where clause'
CRITICAL - 2022-06-04 02:02:48 --> Unknown column 'email' in 'where clause'
#0 C:\xampp\htdocs\monitoring-splf2020\vendor\codeigniter4\framework\system\Database\MySQLi\Connection.php(280): mysqli->query('SELECT *\nFROM `...')
#1 C:\xampp\htdocs\monitoring-splf2020\vendor\codeigniter4\framework\system\Database\BaseConnection.php(663): CodeIgniter\Database\MySQLi\Connection->execute('SELECT *\nFROM `...')
#2 C:\xampp\htdocs\monitoring-splf2020\vendor\codeigniter4\framework\system\Database\BaseConnection.php(591): CodeIgniter\Database\BaseConnection->simpleQuery('SELECT *\nFROM `...')
#3 C:\xampp\htdocs\monitoring-splf2020\vendor\codeigniter4\framework\system\Database\BaseBuilder.php(1428): CodeIgniter\Database\BaseConnection->query('SELECT *\nFROM `...', Array, false)
#4 C:\xampp\htdocs\monitoring-splf2020\app\Controllers\Lfsp2020c2.php(32): CodeIgniter\Database\BaseBuilder->get()
#5 C:\xampp\htdocs\monitoring-splf2020\vendor\codeigniter4\framework\system\CodeIgniter.php(802): App\Controllers\Lfsp2020c2->entry()
#6 C:\xampp\htdocs\monitoring-splf2020\vendor\codeigniter4\framework\system\CodeIgniter.php(399): CodeIgniter\CodeIgniter->runController(Object(App\Controllers\Lfsp2020c2))
#7 C:\xampp\htdocs\monitoring-splf2020\vendor\codeigniter4\framework\system\CodeIgniter.php(317): CodeIgniter\CodeIgniter->handleRequest(NULL, Object(Config\Cache), false)
#8 C:\xampp\htdocs\monitoring-splf2020\index.php(37): CodeIgniter\CodeIgniter->run()
#9 {main}
CRITICAL - 2022-06-04 02:06:39 --> Undefined variable: session
#0 C:\xampp\htdocs\monitoring-splf2020\app\Views\show_entry.php(33): CodeIgniter\Debug\Exceptions->errorHandler(8, 'Undefined varia...', 'C:\\xampp\\htdocs...', 33, Array)
#1 C:\xampp\htdocs\monitoring-splf2020\vendor\codeigniter4\framework\system\View\View.php(214): include('C:\\xampp\\htdocs...')
#2 C:\xampp\htdocs\monitoring-splf2020\vendor\codeigniter4\framework\system\View\View.php(217): CodeIgniter\View\View->CodeIgniter\View\{closure}()
#3 C:\xampp\htdocs\monitoring-splf2020\vendor\codeigniter4\framework\system\Common.php(1092): CodeIgniter\View\View->render('show_entry', Array, true)
#4 C:\xampp\htdocs\monitoring-splf2020\app\Controllers\Lfsp2020c2.php(38): view('show_entry')
#5 C:\xampp\htdocs\monitoring-splf2020\vendor\codeigniter4\framework\system\CodeIgniter.php(802): App\Controllers\Lfsp2020c2->entry()
#6 C:\xampp\htdocs\monitoring-splf2020\vendor\codeigniter4\framework\system\CodeIgniter.php(399): CodeIgniter\CodeIgniter->runController(Object(App\Controllers\Lfsp2020c2))
#7 C:\xampp\htdocs\monitoring-splf2020\vendor\codeigniter4\framework\system\CodeIgniter.php(317): CodeIgniter\CodeIgniter->handleRequest(NULL, Object(Config\Cache), false)
#8 C:\xampp\htdocs\monitoring-splf2020\index.php(37): CodeIgniter\CodeIgniter->run()
#9 {main}
ERROR - 2022-06-04 04:08:07 --> You have an error in your SQL syntax; check the manual that corresponds to your MariaDB server version for the right syntax to use near 'NURLITAWATI AND p.bs = 005B' at line 3
CRITICAL - 2022-06-04 04:08:07 --> You have an error in your SQL syntax; check the manual that corresponds to your MariaDB server version for the right syntax to use near 'NURLITAWATI AND p.bs = 005B' at line 3
#0 C:\xampp\htdocs\monitoring-splf2020\vendor\codeigniter4\framework\system\Database\MySQLi\Connection.php(280): mysqli->query(' UPDATE monitor...')
#1 C:\xampp\htdocs\monitoring-splf2020\vendor\codeigniter4\framework\system\Database\BaseConnection.php(663): CodeIgniter\Database\MySQLi\Connection->execute(' UPDATE monitor...')
#2 C:\xampp\htdocs\monitoring-splf2020\vendor\codeigniter4\framework\system\Database\BaseConnection.php(591): CodeIgniter\Database\BaseConnection->simpleQuery(' UPDATE monitor...')
#3 C:\xampp\htdocs\monitoring-splf2020\app\Controllers\Lfsp2020c2.php(58): CodeIgniter\Database\BaseConnection->query(' UPDATE monitor...')
#4 C:\xampp\htdocs\monitoring-splf2020\vendor\codeigniter4\framework\system\CodeIgniter.php(802): App\Controllers\Lfsp2020c2->update()
#5 C:\xampp\htdocs\monitoring-splf2020\vendor\codeigniter4\framework\system\CodeIgniter.php(399): CodeIgniter\CodeIgniter->runController(Object(App\Controllers\Lfsp2020c2))
#6 C:\xampp\htdocs\monitoring-splf2020\vendor\codeigniter4\framework\system\CodeIgniter.php(317): CodeIgniter\CodeIgniter->handleRequest(NULL, Object(Config\Cache), false)
#7 C:\xampp\htdocs\monitoring-splf2020\index.php(37): CodeIgniter\CodeIgniter->run()
#8 {main}
ERROR - 2022-06-04 04:09:41 --> You have an error in your SQL syntax; check the manual that corresponds to your MariaDB server version for the right syntax to use near 'NURLITAWATI AND p.bs = '005B'' at line 3
CRITICAL - 2022-06-04 04:09:41 --> You have an error in your SQL syntax; check the manual that corresponds to your MariaDB server version for the right syntax to use near 'NURLITAWATI AND p.bs = '005B'' at line 3
#0 C:\xampp\htdocs\monitoring-splf2020\vendor\codeigniter4\framework\system\Database\MySQLi\Connection.php(280): mysqli->query(' UPDATE monitor...')
#1 C:\xampp\htdocs\monitoring-splf2020\vendor\codeigniter4\framework\system\Database\BaseConnection.php(663): CodeIgniter\Database\MySQLi\Connection->execute(' UPDATE monitor...')
#2 C:\xampp\htdocs\monitoring-splf2020\vendor\codeigniter4\framework\system\Database\BaseConnection.php(591): CodeIgniter\Database\BaseConnection->simpleQuery(' UPDATE monitor...')
#3 C:\xampp\htdocs\monitoring-splf2020\app\Controllers\Lfsp2020c2.php(58): CodeIgniter\Database\BaseConnection->query(' UPDATE monitor...')
#4 C:\xampp\htdocs\monitoring-splf2020\vendor\codeigniter4\framework\system\CodeIgniter.php(802): App\Controllers\Lfsp2020c2->update()
#5 C:\xampp\htdocs\monitoring-splf2020\vendor\codeigniter4\framework\system\CodeIgniter.php(399): CodeIgniter\CodeIgniter->runController(Object(App\Controllers\Lfsp2020c2))
#6 C:\xampp\htdocs\monitoring-splf2020\vendor\codeigniter4\framework\system\CodeIgniter.php(317): CodeIgniter\CodeIgniter->handleRequest(NULL, Object(Config\Cache), false)
#7 C:\xampp\htdocs\monitoring-splf2020\index.php(37): CodeIgniter\CodeIgniter->run()
#8 {main}
ERROR - 2022-06-04 04:16:29 --> You have an error in your SQL syntax; check the manual that corresponds to your MariaDB server version for the right syntax to use near 'NURLITAWATI
                                    WHERE p.nama_ppl = 'MAYA NURL...' at line 2
CRITICAL - 2022-06-04 04:16:29 --> You have an error in your SQL syntax; check the manual that corresponds to your MariaDB server version for the right syntax to use near 'NURLITAWATI
                                    WHERE p.nama_ppl = 'MAYA NURL...' at line 2
#0 C:\xampp\htdocs\monitoring-splf2020\vendor\codeigniter4\framework\system\Database\MySQLi\Connection.php(280): mysqli->query(' UPDATE monitor...')
#1 C:\xampp\htdocs\monitoring-splf2020\vendor\codeigniter4\framework\system\Database\BaseConnection.php(663): CodeIgniter\Database\MySQLi\Connection->execute(' UPDATE monitor...')
#2 C:\xampp\htdocs\monitoring-splf2020\vendor\codeigniter4\framework\system\Database\BaseConnection.php(591): CodeIgniter\Database\BaseConnection->simpleQuery(' UPDATE monitor...')
#3 C:\xampp\htdocs\monitoring-splf2020\app\Controllers\Lfsp2020c2.php(58): CodeIgniter\Database\BaseConnection->query(' UPDATE monitor...')
#4 C:\xampp\htdocs\monitoring-splf2020\vendor\codeigniter4\framework\system\CodeIgniter.php(802): App\Controllers\Lfsp2020c2->update()
#5 C:\xampp\htdocs\monitoring-splf2020\vendor\codeigniter4\framework\system\CodeIgniter.php(399): CodeIgniter\CodeIgniter->runController(Object(App\Controllers\Lfsp2020c2))
#6 C:\xampp\htdocs\monitoring-splf2020\vendor\codeigniter4\framework\system\CodeIgniter.php(317): CodeIgniter\CodeIgniter->handleRequest(NULL, Object(Config\Cache), false)
#7 C:\xampp\htdocs\monitoring-splf2020\index.php(37): CodeIgniter\CodeIgniter->run()
#8 {main}
