CRITICAL - 2022-06-10 10:41:34 --> Call to undefined function App\Controllers\now()
#0 C:\xampp\htdocs\monitoring-splf2020\vendor\codeigniter4\framework\system\CodeIgniter.php(802): App\Controllers\Lfsp2020c2->update()
#1 C:\xampp\htdocs\monitoring-splf2020\vendor\codeigniter4\framework\system\CodeIgniter.php(399): CodeIgniter\CodeIgniter->runController(Object(App\Controllers\Lfsp2020c2))
#2 C:\xampp\htdocs\monitoring-splf2020\vendor\codeigniter4\framework\system\CodeIgniter.php(317): CodeIgniter\CodeIgniter->handleRequest(NULL, Object(Config\Cache), false)
#3 C:\xampp\htdocs\monitoring-splf2020\index.php(37): CodeIgniter\CodeIgniter->run()
#4 {main}
CRITICAL - 2022-06-10 10:46:32 --> Call to undefined function App\Controllers\now()
#0 C:\xampp\htdocs\monitoring-splf2020\vendor\codeigniter4\framework\system\CodeIgniter.php(802): App\Controllers\Lfsp2020c2->update()
#1 C:\xampp\htdocs\monitoring-splf2020\vendor\codeigniter4\framework\system\CodeIgniter.php(399): CodeIgniter\CodeIgniter->runController(Object(App\Controllers\Lfsp2020c2))
#2 C:\xampp\htdocs\monitoring-splf2020\vendor\codeigniter4\framework\system\CodeIgniter.php(317): CodeIgniter\CodeIgniter->handleRequest(NULL, Object(Config\Cache), false)
#3 C:\xampp\htdocs\monitoring-splf2020\index.php(37): CodeIgniter\CodeIgniter->run()
#4 {main}
ERROR - 2022-06-10 10:53:29 --> Unknown column 'kode_kabkot' in 'field list'
CRITICAL - 2022-06-10 10:53:29 --> Unknown column 'kode_kabkot' in 'field list'
#0 C:\xampp\htdocs\monitoring-splf2020\vendor\codeigniter4\framework\system\Database\MySQLi\Connection.php(280): mysqli->query('INSERT INTO `mo...')
#1 C:\xampp\htdocs\monitoring-splf2020\vendor\codeigniter4\framework\system\Database\BaseConnection.php(663): CodeIgniter\Database\MySQLi\Connection->execute('INSERT INTO `mo...')
#2 C:\xampp\htdocs\monitoring-splf2020\vendor\codeigniter4\framework\system\Database\BaseConnection.php(591): CodeIgniter\Database\BaseConnection->simpleQuery('INSERT INTO `mo...')
#3 C:\xampp\htdocs\monitoring-splf2020\vendor\codeigniter4\framework\system\Database\BaseBuilder.php(1733): CodeIgniter\Database\BaseConnection->query('INSERT INTO `mo...', Array, false)
#4 C:\xampp\htdocs\monitoring-splf2020\app\Controllers\Lfsp2020c2.php(93): CodeIgniter\Database\BaseBuilder->insert(Array)
#5 C:\xampp\htdocs\monitoring-splf2020\vendor\codeigniter4\framework\system\CodeIgniter.php(802): App\Controllers\Lfsp2020c2->update()
#6 C:\xampp\htdocs\monitoring-splf2020\vendor\codeigniter4\framework\system\CodeIgniter.php(399): CodeIgniter\CodeIgniter->runController(Object(App\Controllers\Lfsp2020c2))
#7 C:\xampp\htdocs\monitoring-splf2020\vendor\codeigniter4\framework\system\CodeIgniter.php(317): CodeIgniter\CodeIgniter->handleRequest(NULL, Object(Config\Cache), false)
#8 C:\xampp\htdocs\monitoring-splf2020\index.php(37): CodeIgniter\CodeIgniter->run()
#9 {main}
CRITICAL - 2022-06-10 11:26:33 --> Call to undefined method CodeIgniter\Database\MySQLi\Result::num_rows()
#0 C:\xampp\htdocs\monitoring-splf2020\vendor\codeigniter4\framework\system\CodeIgniter.php(802): App\Controllers\Lfsp2020c2->update()
#1 C:\xampp\htdocs\monitoring-splf2020\vendor\codeigniter4\framework\system\CodeIgniter.php(399): CodeIgniter\CodeIgniter->runController(Object(App\Controllers\Lfsp2020c2))
#2 C:\xampp\htdocs\monitoring-splf2020\vendor\codeigniter4\framework\system\CodeIgniter.php(317): CodeIgniter\CodeIgniter->handleRequest(NULL, Object(Config\Cache), false)
#3 C:\xampp\htdocs\monitoring-splf2020\index.php(37): CodeIgniter\CodeIgniter->run()
#4 {main}
CRITICAL - 2022-06-10 11:36:32 --> Trying to get property 'nama_kabkot' of non-object
#0 C:\xampp\htdocs\monitoring-splf2020\app\Controllers\Lfsp2020c2.php(74): CodeIgniter\Debug\Exceptions->errorHandler(8, 'Trying to get p...', 'C:\\xampp\\htdocs...', 74, Array)
#1 C:\xampp\htdocs\monitoring-splf2020\vendor\codeigniter4\framework\system\CodeIgniter.php(802): App\Controllers\Lfsp2020c2->update()
#2 C:\xampp\htdocs\monitoring-splf2020\vendor\codeigniter4\framework\system\CodeIgniter.php(399): CodeIgniter\CodeIgniter->runController(Object(App\Controllers\Lfsp2020c2))
#3 C:\xampp\htdocs\monitoring-splf2020\vendor\codeigniter4\framework\system\CodeIgniter.php(317): CodeIgniter\CodeIgniter->handleRequest(NULL, Object(Config\Cache), false)
#4 C:\xampp\htdocs\monitoring-splf2020\index.php(37): CodeIgniter\CodeIgniter->run()
#5 {main}
CRITICAL - 2022-06-10 11:37:42 --> Trying to get property 'nama_kabkot' of non-object
#0 C:\xampp\htdocs\monitoring-splf2020\app\Controllers\Lfsp2020c2.php(77): CodeIgniter\Debug\Exceptions->errorHandler(8, 'Trying to get p...', 'C:\\xampp\\htdocs...', 77, Array)
#1 C:\xampp\htdocs\monitoring-splf2020\vendor\codeigniter4\framework\system\CodeIgniter.php(802): App\Controllers\Lfsp2020c2->update()
#2 C:\xampp\htdocs\monitoring-splf2020\vendor\codeigniter4\framework\system\CodeIgniter.php(399): CodeIgniter\CodeIgniter->runController(Object(App\Controllers\Lfsp2020c2))
#3 C:\xampp\htdocs\monitoring-splf2020\vendor\codeigniter4\framework\system\CodeIgniter.php(317): CodeIgniter\CodeIgniter->handleRequest(NULL, Object(Config\Cache), false)
#4 C:\xampp\htdocs\monitoring-splf2020\index.php(37): CodeIgniter\CodeIgniter->run()
#5 {main}
CRITICAL - 2022-06-10 11:38:04 --> Trying to get property 'nama_kabkot' of non-object
#0 C:\xampp\htdocs\monitoring-splf2020\app\Controllers\Lfsp2020c2.php(77): CodeIgniter\Debug\Exceptions->errorHandler(8, 'Trying to get p...', 'C:\\xampp\\htdocs...', 77, Array)
#1 C:\xampp\htdocs\monitoring-splf2020\vendor\codeigniter4\framework\system\CodeIgniter.php(802): App\Controllers\Lfsp2020c2->update()
#2 C:\xampp\htdocs\monitoring-splf2020\vendor\codeigniter4\framework\system\CodeIgniter.php(399): CodeIgniter\CodeIgniter->runController(Object(App\Controllers\Lfsp2020c2))
#3 C:\xampp\htdocs\monitoring-splf2020\vendor\codeigniter4\framework\system\CodeIgniter.php(317): CodeIgniter\CodeIgniter->handleRequest(NULL, Object(Config\Cache), false)
#4 C:\xampp\htdocs\monitoring-splf2020\index.php(37): CodeIgniter\CodeIgniter->run()
#5 {main}
CRITICAL - 2022-06-10 11:39:42 --> Trying to get property 'nama_kabkot' of non-object
#0 C:\xampp\htdocs\monitoring-splf2020\app\Controllers\Lfsp2020c2.php(77): CodeIgniter\Debug\Exceptions->errorHandler(8, 'Trying to get p...', 'C:\\xampp\\htdocs...', 77, Array)
#1 C:\xampp\htdocs\monitoring-splf2020\vendor\codeigniter4\framework\system\CodeIgniter.php(802): App\Controllers\Lfsp2020c2->update()
#2 C:\xampp\htdocs\monitoring-splf2020\vendor\codeigniter4\framework\system\CodeIgniter.php(399): CodeIgniter\CodeIgniter->runController(Object(App\Controllers\Lfsp2020c2))
#3 C:\xampp\htdocs\monitoring-splf2020\vendor\codeigniter4\framework\system\CodeIgniter.php(317): CodeIgniter\CodeIgniter->handleRequest(NULL, Object(Config\Cache), false)
#4 C:\xampp\htdocs\monitoring-splf2020\index.php(37): CodeIgniter\CodeIgniter->run()
#5 {main}
CRITICAL - 2022-06-10 11:41:35 --> Call to undefined method CodeIgniter\Session\Session::set_Flashdata()
#0 C:\xampp\htdocs\monitoring-splf2020\vendor\codeigniter4\framework\system\CodeIgniter.php(802): App\Controllers\Lfsp2020c2->update()
#1 C:\xampp\htdocs\monitoring-splf2020\vendor\codeigniter4\framework\system\CodeIgniter.php(399): CodeIgniter\CodeIgniter->runController(Object(App\Controllers\Lfsp2020c2))
#2 C:\xampp\htdocs\monitoring-splf2020\vendor\codeigniter4\framework\system\CodeIgniter.php(317): CodeIgniter\CodeIgniter->handleRequest(NULL, Object(Config\Cache), false)
#3 C:\xampp\htdocs\monitoring-splf2020\index.php(37): CodeIgniter\CodeIgniter->run()
#4 {main}
ERROR - 2022-06-10 13:27:09 --> Unknown column 'kode_kabkot' in 'where clause'
CRITICAL - 2022-06-10 13:27:09 --> Unknown column 'kode_kabkot' in 'where clause'
#0 C:\xampp\htdocs\monitoring-splf2020\vendor\codeigniter4\framework\system\Database\MySQLi\Connection.php(280): mysqli->query('SELECT COUNT(*)...')
#1 C:\xampp\htdocs\monitoring-splf2020\vendor\codeigniter4\framework\system\Database\BaseConnection.php(663): CodeIgniter\Database\MySQLi\Connection->execute('SELECT COUNT(*)...')
#2 C:\xampp\htdocs\monitoring-splf2020\vendor\codeigniter4\framework\system\Database\BaseConnection.php(591): CodeIgniter\Database\BaseConnection->simpleQuery('SELECT COUNT(*)...')
#3 C:\xampp\htdocs\monitoring-splf2020\vendor\codeigniter4\framework\system\Database\BaseBuilder.php(1512): CodeIgniter\Database\BaseConnection->query('SELECT COUNT(*)...', Array, false)
#4 C:\xampp\htdocs\monitoring-splf2020\app\Controllers\Lfsp2020c2.php(92): CodeIgniter\Database\BaseBuilder->countAllResults()
#5 C:\xampp\htdocs\monitoring-splf2020\vendor\codeigniter4\framework\system\CodeIgniter.php(802): App\Controllers\Lfsp2020c2->update()
#6 C:\xampp\htdocs\monitoring-splf2020\vendor\codeigniter4\framework\system\CodeIgniter.php(399): CodeIgniter\CodeIgniter->runController(Object(App\Controllers\Lfsp2020c2))
#7 C:\xampp\htdocs\monitoring-splf2020\vendor\codeigniter4\framework\system\CodeIgniter.php(317): CodeIgniter\CodeIgniter->handleRequest(NULL, Object(Config\Cache), false)
#8 C:\xampp\htdocs\monitoring-splf2020\index.php(37): CodeIgniter\CodeIgniter->run()
#9 {main}
