CRITICAL - 2022-09-28 09:27:46 --> You must set the database table to be used with your query.
#0 C:\xampp\htdocs\arsip\vendor\codeigniter4\framework\system\Model.php(545): CodeIgniter\Database\BaseConnection->table(NULL)
#1 C:\xampp\htdocs\arsip\vendor\codeigniter4\framework\system\Model.php(176): CodeIgniter\Model->builder()
#2 C:\xampp\htdocs\arsip\vendor\codeigniter4\framework\system\BaseModel.php(584): CodeIgniter\Model->doFindAll(0, 0)
#3 C:\xampp\htdocs\arsip\app\Models\NaskahMasukModel.php(61): CodeIgniter\BaseModel->findAll()
#4 C:\xampp\htdocs\arsip\app\Controllers\Naskah.php(202): App\Models\NaskahMasukModel->getData()
#5 C:\xampp\htdocs\arsip\vendor\codeigniter4\framework\system\CodeIgniter.php(802): App\Controllers\Naskah->naskah_masuk()
#6 C:\xampp\htdocs\arsip\vendor\codeigniter4\framework\system\CodeIgniter.php(399): CodeIgniter\CodeIgniter->runController(Object(App\Controllers\Naskah))
#7 C:\xampp\htdocs\arsip\vendor\codeigniter4\framework\system\CodeIgniter.php(317): CodeIgniter\CodeIgniter->handleRequest(NULL, Object(Config\Cache), false)
#8 C:\xampp\htdocs\arsip\index.php(37): CodeIgniter\CodeIgniter->run()
#9 {main}
CRITICAL - 2022-09-28 09:28:55 --> The original file is not a valid file.
#0 C:\xampp\htdocs\arsip\vendor\codeigniter4\framework\system\HTTP\Files\UploadedFile.php(137): CodeIgniter\HTTP\Exceptions\HTTPException::forInvalidFile()
#1 C:\xampp\htdocs\arsip\app\Controllers\Naskah.php(104): CodeIgniter\HTTP\Files\UploadedFile->move('uploads/surat_m...', '')
#2 C:\xampp\htdocs\arsip\vendor\codeigniter4\framework\system\CodeIgniter.php(802): App\Controllers\Naskah->submit_masuk()
#3 C:\xampp\htdocs\arsip\vendor\codeigniter4\framework\system\CodeIgniter.php(399): CodeIgniter\CodeIgniter->runController(Object(App\Controllers\Naskah))
#4 C:\xampp\htdocs\arsip\vendor\codeigniter4\framework\system\CodeIgniter.php(317): CodeIgniter\CodeIgniter->handleRequest(NULL, Object(Config\Cache), false)
#5 C:\xampp\htdocs\arsip\index.php(37): CodeIgniter\CodeIgniter->run()
#6 {main}
CRITICAL - 2022-09-28 09:29:11 --> The original file is not a valid file.
#0 C:\xampp\htdocs\arsip\vendor\codeigniter4\framework\system\HTTP\Files\UploadedFile.php(137): CodeIgniter\HTTP\Exceptions\HTTPException::forInvalidFile()
#1 C:\xampp\htdocs\arsip\app\Controllers\Naskah.php(104): CodeIgniter\HTTP\Files\UploadedFile->move('uploads/surat_m...', '')
#2 C:\xampp\htdocs\arsip\vendor\codeigniter4\framework\system\CodeIgniter.php(802): App\Controllers\Naskah->submit_masuk()
#3 C:\xampp\htdocs\arsip\vendor\codeigniter4\framework\system\CodeIgniter.php(399): CodeIgniter\CodeIgniter->runController(Object(App\Controllers\Naskah))
#4 C:\xampp\htdocs\arsip\vendor\codeigniter4\framework\system\CodeIgniter.php(317): CodeIgniter\CodeIgniter->handleRequest(NULL, Object(Config\Cache), false)
#5 C:\xampp\htdocs\arsip\index.php(37): CodeIgniter\CodeIgniter->run()
#6 {main}
CRITICAL - 2022-09-28 09:29:29 --> The original file is not a valid file.
#0 C:\xampp\htdocs\arsip\vendor\codeigniter4\framework\system\HTTP\Files\UploadedFile.php(137): CodeIgniter\HTTP\Exceptions\HTTPException::forInvalidFile()
#1 C:\xampp\htdocs\arsip\app\Controllers\Naskah.php(104): CodeIgniter\HTTP\Files\UploadedFile->move('uploads/surat_m...', '')
#2 C:\xampp\htdocs\arsip\vendor\codeigniter4\framework\system\CodeIgniter.php(802): App\Controllers\Naskah->submit_masuk()
#3 C:\xampp\htdocs\arsip\vendor\codeigniter4\framework\system\CodeIgniter.php(399): CodeIgniter\CodeIgniter->runController(Object(App\Controllers\Naskah))
#4 C:\xampp\htdocs\arsip\vendor\codeigniter4\framework\system\CodeIgniter.php(317): CodeIgniter\CodeIgniter->handleRequest(NULL, Object(Config\Cache), false)
#5 C:\xampp\htdocs\arsip\index.php(37): CodeIgniter\CodeIgniter->run()
#6 {main}
CRITICAL - 2022-09-28 09:30:43 --> The original file is not a valid file.
#0 C:\xampp\htdocs\arsip\vendor\codeigniter4\framework\system\HTTP\Files\UploadedFile.php(137): CodeIgniter\HTTP\Exceptions\HTTPException::forInvalidFile()
#1 C:\xampp\htdocs\arsip\app\Controllers\Naskah.php(104): CodeIgniter\HTTP\Files\UploadedFile->move('uploads/surat_m...', '')
#2 C:\xampp\htdocs\arsip\vendor\codeigniter4\framework\system\CodeIgniter.php(802): App\Controllers\Naskah->submit_masuk()
#3 C:\xampp\htdocs\arsip\vendor\codeigniter4\framework\system\CodeIgniter.php(399): CodeIgniter\CodeIgniter->runController(Object(App\Controllers\Naskah))
#4 C:\xampp\htdocs\arsip\vendor\codeigniter4\framework\system\CodeIgniter.php(317): CodeIgniter\CodeIgniter->handleRequest(NULL, Object(Config\Cache), false)
#5 C:\xampp\htdocs\arsip\index.php(37): CodeIgniter\CodeIgniter->run()
#6 {main}
CRITICAL - 2022-09-28 09:37:22 --> Undefined property: App\Controllers\Naskah::$NaskahModelModel
#0 C:\xampp\htdocs\arsip\app\Controllers\Naskah.php(218): CodeIgniter\Debug\Exceptions->errorHandler(8, 'Undefined prope...', 'C:\\xampp\\htdocs...', 218, Array)
#1 C:\xampp\htdocs\arsip\vendor\codeigniter4\framework\system\CodeIgniter.php(802): App\Controllers\Naskah->naskah_keluar()
#2 C:\xampp\htdocs\arsip\vendor\codeigniter4\framework\system\CodeIgniter.php(399): CodeIgniter\CodeIgniter->runController(Object(App\Controllers\Naskah))
#3 C:\xampp\htdocs\arsip\vendor\codeigniter4\framework\system\CodeIgniter.php(317): CodeIgniter\CodeIgniter->handleRequest(NULL, Object(Config\Cache), false)
#4 C:\xampp\htdocs\arsip\index.php(37): CodeIgniter\CodeIgniter->run()
#5 {main}
CRITICAL - 2022-09-28 09:37:33 --> Cannot use object of type mysqli as array
#0 C:\xampp\htdocs\arsip\vendor\codeigniter4\framework\system\View\View.php(214): include()
#1 C:\xampp\htdocs\arsip\vendor\codeigniter4\framework\system\View\View.php(217): CodeIgniter\View\View->CodeIgniter\View\{closure}()
#2 C:\xampp\htdocs\arsip\vendor\codeigniter4\framework\system\Common.php(1092): CodeIgniter\View\View->render('daftar_naskah_k...', Array, true)
#3 C:\xampp\htdocs\arsip\app\Controllers\Naskah.php(225): view('daftar_naskah_k...', Array)
#4 C:\xampp\htdocs\arsip\vendor\codeigniter4\framework\system\CodeIgniter.php(802): App\Controllers\Naskah->naskah_keluar()
#5 C:\xampp\htdocs\arsip\vendor\codeigniter4\framework\system\CodeIgniter.php(399): CodeIgniter\CodeIgniter->runController(Object(App\Controllers\Naskah))
#6 C:\xampp\htdocs\arsip\vendor\codeigniter4\framework\system\CodeIgniter.php(317): CodeIgniter\CodeIgniter->handleRequest(NULL, Object(Config\Cache), false)
#7 C:\xampp\htdocs\arsip\index.php(37): CodeIgniter\CodeIgniter->run()
#8 {main}
CRITICAL - 2022-09-28 09:49:37 --> The original file is not a valid file.
#0 C:\xampp\htdocs\arsip\vendor\codeigniter4\framework\system\HTTP\Files\UploadedFile.php(137): CodeIgniter\HTTP\Exceptions\HTTPException::forInvalidFile()
#1 C:\xampp\htdocs\arsip\app\Controllers\Naskah.php(105): CodeIgniter\HTTP\Files\UploadedFile->move('uploads/surat_m...', '')
#2 C:\xampp\htdocs\arsip\vendor\codeigniter4\framework\system\CodeIgniter.php(802): App\Controllers\Naskah->submit_masuk()
#3 C:\xampp\htdocs\arsip\vendor\codeigniter4\framework\system\CodeIgniter.php(399): CodeIgniter\CodeIgniter->runController(Object(App\Controllers\Naskah))
#4 C:\xampp\htdocs\arsip\vendor\codeigniter4\framework\system\CodeIgniter.php(317): CodeIgniter\CodeIgniter->handleRequest(NULL, Object(Config\Cache), false)
#5 C:\xampp\htdocs\arsip\index.php(37): CodeIgniter\CodeIgniter->run()
#6 {main}
ERROR - 2022-09-28 09:56:23 --> Unknown column 'verifikator' in 'field list'
CRITICAL - 2022-09-28 09:56:23 --> Unknown column 'verifikator' in 'field list'
#0 C:\xampp\htdocs\arsip\vendor\codeigniter4\framework\system\Database\MySQLi\Connection.php(280): mysqli->query('INSERT INTO `na...')
#1 C:\xampp\htdocs\arsip\vendor\codeigniter4\framework\system\Database\BaseConnection.php(663): CodeIgniter\Database\MySQLi\Connection->execute('INSERT INTO `na...')
#2 C:\xampp\htdocs\arsip\vendor\codeigniter4\framework\system\Database\BaseConnection.php(591): CodeIgniter\Database\BaseConnection->simpleQuery('INSERT INTO `na...')
#3 C:\xampp\htdocs\arsip\vendor\codeigniter4\framework\system\Database\BaseBuilder.php(1733): CodeIgniter\Database\BaseConnection->query('INSERT INTO `na...', Array, false)
#4 C:\xampp\htdocs\arsip\app\Models\NaskahModel.php(61): CodeIgniter\Database\BaseBuilder->insert(Array)
#5 C:\xampp\htdocs\arsip\app\Controllers\Naskah.php(189): App\Models\NaskahModel->insertNaskahKeluar(Array)
#6 C:\xampp\htdocs\arsip\vendor\codeigniter4\framework\system\CodeIgniter.php(802): App\Controllers\Naskah->submit_keluar()
#7 C:\xampp\htdocs\arsip\vendor\codeigniter4\framework\system\CodeIgniter.php(399): CodeIgniter\CodeIgniter->runController(Object(App\Controllers\Naskah))
#8 C:\xampp\htdocs\arsip\vendor\codeigniter4\framework\system\CodeIgniter.php(317): CodeIgniter\CodeIgniter->handleRequest(NULL, Object(Config\Cache), false)
#9 C:\xampp\htdocs\arsip\index.php(37): CodeIgniter\CodeIgniter->run()
#10 {main}
ERROR - 2022-09-28 09:57:23 --> Unknown column 'penandatangan' in 'field list'
CRITICAL - 2022-09-28 09:57:23 --> Unknown column 'penandatangan' in 'field list'
#0 C:\xampp\htdocs\arsip\vendor\codeigniter4\framework\system\Database\MySQLi\Connection.php(280): mysqli->query('INSERT INTO `na...')
#1 C:\xampp\htdocs\arsip\vendor\codeigniter4\framework\system\Database\BaseConnection.php(663): CodeIgniter\Database\MySQLi\Connection->execute('INSERT INTO `na...')
#2 C:\xampp\htdocs\arsip\vendor\codeigniter4\framework\system\Database\BaseConnection.php(591): CodeIgniter\Database\BaseConnection->simpleQuery('INSERT INTO `na...')
#3 C:\xampp\htdocs\arsip\vendor\codeigniter4\framework\system\Database\BaseBuilder.php(1733): CodeIgniter\Database\BaseConnection->query('INSERT INTO `na...', Array, false)
#4 C:\xampp\htdocs\arsip\app\Models\NaskahModel.php(61): CodeIgniter\Database\BaseBuilder->insert(Array)
#5 C:\xampp\htdocs\arsip\app\Controllers\Naskah.php(189): App\Models\NaskahModel->insertNaskahKeluar(Array)
#6 C:\xampp\htdocs\arsip\vendor\codeigniter4\framework\system\CodeIgniter.php(802): App\Controllers\Naskah->submit_keluar()
#7 C:\xampp\htdocs\arsip\vendor\codeigniter4\framework\system\CodeIgniter.php(399): CodeIgniter\CodeIgniter->runController(Object(App\Controllers\Naskah))
#8 C:\xampp\htdocs\arsip\vendor\codeigniter4\framework\system\CodeIgniter.php(317): CodeIgniter\CodeIgniter->handleRequest(NULL, Object(Config\Cache), false)
#9 C:\xampp\htdocs\arsip\index.php(37): CodeIgniter\CodeIgniter->run()
#10 {main}
CRITICAL - 2022-09-28 09:58:15 --> Undefined index: pengirim
#0 C:\xampp\htdocs\arsip\app\Views\daftar_naskah_keluar.php(48): CodeIgniter\Debug\Exceptions->errorHandler(8, 'Undefined index...', 'C:\\xampp\\htdocs...', 48, Array)
#1 C:\xampp\htdocs\arsip\vendor\codeigniter4\framework\system\View\View.php(214): include('C:\\xampp\\htdocs...')
#2 C:\xampp\htdocs\arsip\vendor\codeigniter4\framework\system\View\View.php(217): CodeIgniter\View\View->CodeIgniter\View\{closure}()
#3 C:\xampp\htdocs\arsip\vendor\codeigniter4\framework\system\Common.php(1092): CodeIgniter\View\View->render('daftar_naskah_k...', Array, true)
#4 C:\xampp\htdocs\arsip\app\Controllers\Naskah.php(226): view('daftar_naskah_k...', Array)
#5 C:\xampp\htdocs\arsip\vendor\codeigniter4\framework\system\CodeIgniter.php(802): App\Controllers\Naskah->naskah_keluar()
#6 C:\xampp\htdocs\arsip\vendor\codeigniter4\framework\system\CodeIgniter.php(399): CodeIgniter\CodeIgniter->runController(Object(App\Controllers\Naskah))
#7 C:\xampp\htdocs\arsip\vendor\codeigniter4\framework\system\CodeIgniter.php(317): CodeIgniter\CodeIgniter->handleRequest(NULL, Object(Config\Cache), false)
#8 C:\xampp\htdocs\arsip\index.php(37): CodeIgniter\CodeIgniter->run()
#9 {main}
CRITICAL - 2022-09-28 15:50:52 --> The original file is not a valid file.
#0 C:\xampp\htdocs\arsip\vendor\codeigniter4\framework\system\HTTP\Files\UploadedFile.php(137): CodeIgniter\HTTP\Exceptions\HTTPException::forInvalidFile()
#1 C:\xampp\htdocs\arsip\app\Controllers\Naskah.php(108): CodeIgniter\HTTP\Files\UploadedFile->move('uploads/surat_m...', '')
#2 C:\xampp\htdocs\arsip\vendor\codeigniter4\framework\system\CodeIgniter.php(802): App\Controllers\Naskah->submit_masuk()
#3 C:\xampp\htdocs\arsip\vendor\codeigniter4\framework\system\CodeIgniter.php(399): CodeIgniter\CodeIgniter->runController(Object(App\Controllers\Naskah))
#4 C:\xampp\htdocs\arsip\vendor\codeigniter4\framework\system\CodeIgniter.php(317): CodeIgniter\CodeIgniter->handleRequest(NULL, Object(Config\Cache), false)
#5 C:\xampp\htdocs\arsip\index.php(37): CodeIgniter\CodeIgniter->run()
#6 {main}
CRITICAL - 2022-09-28 16:07:48 --> The original file is not a valid file.
#0 C:\xampp\htdocs\arsip\vendor\codeigniter4\framework\system\HTTP\Files\UploadedFile.php(137): CodeIgniter\HTTP\Exceptions\HTTPException::forInvalidFile()
#1 C:\xampp\htdocs\arsip\app\Controllers\Naskah.php(108): CodeIgniter\HTTP\Files\UploadedFile->move('uploads/surat_m...', '')
#2 C:\xampp\htdocs\arsip\vendor\codeigniter4\framework\system\CodeIgniter.php(802): App\Controllers\Naskah->submit_masuk()
#3 C:\xampp\htdocs\arsip\vendor\codeigniter4\framework\system\CodeIgniter.php(399): CodeIgniter\CodeIgniter->runController(Object(App\Controllers\Naskah))
#4 C:\xampp\htdocs\arsip\vendor\codeigniter4\framework\system\CodeIgniter.php(317): CodeIgniter\CodeIgniter->handleRequest(NULL, Object(Config\Cache), false)
#5 C:\xampp\htdocs\arsip\index.php(37): CodeIgniter\CodeIgniter->run()
#6 {main}
CRITICAL - 2022-09-28 16:08:18 --> The original file is not a valid file.
#0 C:\xampp\htdocs\arsip\vendor\codeigniter4\framework\system\HTTP\Files\UploadedFile.php(137): CodeIgniter\HTTP\Exceptions\HTTPException::forInvalidFile()
#1 C:\xampp\htdocs\arsip\app\Controllers\Naskah.php(108): CodeIgniter\HTTP\Files\UploadedFile->move('uploads/surat_m...', '')
#2 C:\xampp\htdocs\arsip\vendor\codeigniter4\framework\system\CodeIgniter.php(802): App\Controllers\Naskah->submit_masuk()
#3 C:\xampp\htdocs\arsip\vendor\codeigniter4\framework\system\CodeIgniter.php(399): CodeIgniter\CodeIgniter->runController(Object(App\Controllers\Naskah))
#4 C:\xampp\htdocs\arsip\vendor\codeigniter4\framework\system\CodeIgniter.php(317): CodeIgniter\CodeIgniter->handleRequest(NULL, Object(Config\Cache), false)
#5 C:\xampp\htdocs\arsip\index.php(37): CodeIgniter\CodeIgniter->run()
#6 {main}
CRITICAL - 2022-09-28 16:08:26 --> The original file is not a valid file.
#0 C:\xampp\htdocs\arsip\vendor\codeigniter4\framework\system\HTTP\Files\UploadedFile.php(137): CodeIgniter\HTTP\Exceptions\HTTPException::forInvalidFile()
#1 C:\xampp\htdocs\arsip\app\Controllers\Naskah.php(109): CodeIgniter\HTTP\Files\UploadedFile->move('uploads/surat_m...', '')
#2 C:\xampp\htdocs\arsip\vendor\codeigniter4\framework\system\CodeIgniter.php(802): App\Controllers\Naskah->submit_masuk()
#3 C:\xampp\htdocs\arsip\vendor\codeigniter4\framework\system\CodeIgniter.php(399): CodeIgniter\CodeIgniter->runController(Object(App\Controllers\Naskah))
#4 C:\xampp\htdocs\arsip\vendor\codeigniter4\framework\system\CodeIgniter.php(317): CodeIgniter\CodeIgniter->handleRequest(NULL, Object(Config\Cache), false)
#5 C:\xampp\htdocs\arsip\index.php(37): CodeIgniter\CodeIgniter->run()
#6 {main}
CRITICAL - 2022-09-28 16:09:02 --> The original file is not a valid file.
#0 C:\xampp\htdocs\arsip\vendor\codeigniter4\framework\system\HTTP\Files\UploadedFile.php(137): CodeIgniter\HTTP\Exceptions\HTTPException::forInvalidFile()
#1 C:\xampp\htdocs\arsip\app\Controllers\Naskah.php(109): CodeIgniter\HTTP\Files\UploadedFile->move('uploads/surat_m...', '')
#2 C:\xampp\htdocs\arsip\vendor\codeigniter4\framework\system\CodeIgniter.php(802): App\Controllers\Naskah->submit_masuk()
#3 C:\xampp\htdocs\arsip\vendor\codeigniter4\framework\system\CodeIgniter.php(399): CodeIgniter\CodeIgniter->runController(Object(App\Controllers\Naskah))
#4 C:\xampp\htdocs\arsip\vendor\codeigniter4\framework\system\CodeIgniter.php(317): CodeIgniter\CodeIgniter->handleRequest(NULL, Object(Config\Cache), false)
#5 C:\xampp\htdocs\arsip\index.php(37): CodeIgniter\CodeIgniter->run()
#6 {main}
ERROR - 2022-09-28 16:56:42 --> Table 'arsip.log_naskah_masuk' doesn't exist
CRITICAL - 2022-09-28 16:56:42 --> Table 'arsip.log_naskah_masuk' doesn't exist
#0 C:\xampp\htdocs\arsip\vendor\codeigniter4\framework\system\Database\MySQLi\Connection.php(280): mysqli->query('INSERT INTO `lo...')
#1 C:\xampp\htdocs\arsip\vendor\codeigniter4\framework\system\Database\BaseConnection.php(663): CodeIgniter\Database\MySQLi\Connection->execute('INSERT INTO `lo...')
#2 C:\xampp\htdocs\arsip\vendor\codeigniter4\framework\system\Database\BaseConnection.php(591): CodeIgniter\Database\BaseConnection->simpleQuery('INSERT INTO `lo...')
#3 C:\xampp\htdocs\arsip\vendor\codeigniter4\framework\system\Database\BaseBuilder.php(1733): CodeIgniter\Database\BaseConnection->query('INSERT INTO `lo...', Array, false)
#4 C:\xampp\htdocs\arsip\app\Models\NaskahModel.php(70): CodeIgniter\Database\BaseBuilder->insert(Array)
#5 C:\xampp\htdocs\arsip\app\Controllers\Naskah.php(222): App\Models\NaskahModel->insertLog(Array)
#6 C:\xampp\htdocs\arsip\vendor\codeigniter4\framework\system\CodeIgniter.php(802): App\Controllers\Naskah->submit_keluar()
#7 C:\xampp\htdocs\arsip\vendor\codeigniter4\framework\system\CodeIgniter.php(399): CodeIgniter\CodeIgniter->runController(Object(App\Controllers\Naskah))
#8 C:\xampp\htdocs\arsip\vendor\codeigniter4\framework\system\CodeIgniter.php(317): CodeIgniter\CodeIgniter->handleRequest(NULL, Object(Config\Cache), false)
#9 C:\xampp\htdocs\arsip\index.php(37): CodeIgniter\CodeIgniter->run()
#10 {main}
CRITICAL - 2022-09-28 17:06:58 --> Undefined variable: logmasuk
#0 C:\xampp\htdocs\arsip\app\Views\daftar_log_masuk.php(21): CodeIgniter\Debug\Exceptions->errorHandler(8, 'Undefined varia...', 'C:\\xampp\\htdocs...', 21, Array)
#1 C:\xampp\htdocs\arsip\vendor\codeigniter4\framework\system\View\View.php(214): include('C:\\xampp\\htdocs...')
#2 C:\xampp\htdocs\arsip\vendor\codeigniter4\framework\system\View\View.php(217): CodeIgniter\View\View->CodeIgniter\View\{closure}()
#3 C:\xampp\htdocs\arsip\vendor\codeigniter4\framework\system\Common.php(1092): CodeIgniter\View\View->render('daftar_log_masu...', Array, true)
#4 C:\xampp\htdocs\arsip\app\Controllers\Naskah.php(285): view('daftar_log_masu...', Array)
#5 C:\xampp\htdocs\arsip\vendor\codeigniter4\framework\system\CodeIgniter.php(802): App\Controllers\Naskah->log_naskah_keluar()
#6 C:\xampp\htdocs\arsip\vendor\codeigniter4\framework\system\CodeIgniter.php(399): CodeIgniter\CodeIgniter->runController(Object(App\Controllers\Naskah))
#7 C:\xampp\htdocs\arsip\vendor\codeigniter4\framework\system\CodeIgniter.php(317): CodeIgniter\CodeIgniter->handleRequest(NULL, Object(Config\Cache), false)
#8 C:\xampp\htdocs\arsip\index.php(37): CodeIgniter\CodeIgniter->run()
#9 {main}
CRITICAL - 2022-09-28 17:07:16 --> Undefined variable: logmasuk
#0 C:\xampp\htdocs\arsip\app\Views\daftar_log_masuk.php(21): CodeIgniter\Debug\Exceptions->errorHandler(8, 'Undefined varia...', 'C:\\xampp\\htdocs...', 21, Array)
#1 C:\xampp\htdocs\arsip\vendor\codeigniter4\framework\system\View\View.php(214): include('C:\\xampp\\htdocs...')
#2 C:\xampp\htdocs\arsip\vendor\codeigniter4\framework\system\View\View.php(217): CodeIgniter\View\View->CodeIgniter\View\{closure}()
#3 C:\xampp\htdocs\arsip\vendor\codeigniter4\framework\system\Common.php(1092): CodeIgniter\View\View->render('daftar_log_masu...', Array, true)
#4 C:\xampp\htdocs\arsip\app\Controllers\Naskah.php(285): view('daftar_log_masu...', Array)
#5 C:\xampp\htdocs\arsip\vendor\codeigniter4\framework\system\CodeIgniter.php(802): App\Controllers\Naskah->log_naskah_keluar()
#6 C:\xampp\htdocs\arsip\vendor\codeigniter4\framework\system\CodeIgniter.php(399): CodeIgniter\CodeIgniter->runController(Object(App\Controllers\Naskah))
#7 C:\xampp\htdocs\arsip\vendor\codeigniter4\framework\system\CodeIgniter.php(317): CodeIgniter\CodeIgniter->handleRequest(NULL, Object(Config\Cache), false)
#8 C:\xampp\htdocs\arsip\index.php(37): CodeIgniter\CodeIgniter->run()
#9 {main}
