CRITICAL - 2021-10-29 13:55:40 --> Array to string conversion
#0 C:\xampp\htdocs\monitoring-splf2020\app\Controllers\GetData.php(22): CodeIgniter\Debug\Exceptions->errorHandler(8, 'Array to string...', 'C:\\xampp\\htdocs...', 22, Array)
#1 C:\xampp\htdocs\monitoring-splf2020\vendor\codeigniter4\framework\system\CodeIgniter.php(802): App\Controllers\GetData->getBS()
#2 C:\xampp\htdocs\monitoring-splf2020\vendor\codeigniter4\framework\system\CodeIgniter.php(399): CodeIgniter\CodeIgniter->runController(Object(App\Controllers\GetData))
#3 C:\xampp\htdocs\monitoring-splf2020\vendor\codeigniter4\framework\system\CodeIgniter.php(317): CodeIgniter\CodeIgniter->handleRequest(NULL, Object(Config\Cache), false)
#4 C:\xampp\htdocs\monitoring-splf2020\index.php(37): CodeIgniter\CodeIgniter->run()
#5 {main}
CRITICAL - 2021-10-29 13:56:27 --> Array to string conversion
#0 C:\xampp\htdocs\monitoring-splf2020\app\Controllers\GetData.php(23): CodeIgniter\Debug\Exceptions->errorHandler(8, 'Array to string...', 'C:\\xampp\\htdocs...', 23, Array)
#1 C:\xampp\htdocs\monitoring-splf2020\vendor\codeigniter4\framework\system\CodeIgniter.php(802): App\Controllers\GetData->getBS()
#2 C:\xampp\htdocs\monitoring-splf2020\vendor\codeigniter4\framework\system\CodeIgniter.php(399): CodeIgniter\CodeIgniter->runController(Object(App\Controllers\GetData))
#3 C:\xampp\htdocs\monitoring-splf2020\vendor\codeigniter4\framework\system\CodeIgniter.php(317): CodeIgniter\CodeIgniter->handleRequest(NULL, Object(Config\Cache), false)
#4 C:\xampp\htdocs\monitoring-splf2020\index.php(37): CodeIgniter\CodeIgniter->run()
#5 {main}
CRITICAL - 2021-10-29 13:56:39 --> Array to string conversion
#0 C:\xampp\htdocs\monitoring-splf2020\app\Controllers\GetData.php(23): CodeIgniter\Debug\Exceptions->errorHandler(8, 'Array to string...', 'C:\\xampp\\htdocs...', 23, Array)
#1 C:\xampp\htdocs\monitoring-splf2020\vendor\codeigniter4\framework\system\CodeIgniter.php(802): App\Controllers\GetData->getBS()
#2 C:\xampp\htdocs\monitoring-splf2020\vendor\codeigniter4\framework\system\CodeIgniter.php(399): CodeIgniter\CodeIgniter->runController(Object(App\Controllers\GetData))
#3 C:\xampp\htdocs\monitoring-splf2020\vendor\codeigniter4\framework\system\CodeIgniter.php(317): CodeIgniter\CodeIgniter->handleRequest(NULL, Object(Config\Cache), false)
#4 C:\xampp\htdocs\monitoring-splf2020\index.php(37): CodeIgniter\CodeIgniter->run()
#5 {main}
CRITICAL - 2021-10-29 13:58:45 --> Array to string conversion
#0 C:\xampp\htdocs\monitoring-splf2020\app\Controllers\GetData.php(22): CodeIgniter\Debug\Exceptions->errorHandler(8, 'Array to string...', 'C:\\xampp\\htdocs...', 22, Array)
#1 C:\xampp\htdocs\monitoring-splf2020\vendor\codeigniter4\framework\system\CodeIgniter.php(802): App\Controllers\GetData->getBS()
#2 C:\xampp\htdocs\monitoring-splf2020\vendor\codeigniter4\framework\system\CodeIgniter.php(399): CodeIgniter\CodeIgniter->runController(Object(App\Controllers\GetData))
#3 C:\xampp\htdocs\monitoring-splf2020\vendor\codeigniter4\framework\system\CodeIgniter.php(317): CodeIgniter\CodeIgniter->handleRequest(NULL, Object(Config\Cache), false)
#4 C:\xampp\htdocs\monitoring-splf2020\index.php(37): CodeIgniter\CodeIgniter->run()
#5 {main}
CRITICAL - 2021-10-29 13:59:03 --> Array to string conversion
#0 C:\xampp\htdocs\monitoring-splf2020\app\Controllers\GetData.php(22): CodeIgniter\Debug\Exceptions->errorHandler(8, 'Array to string...', 'C:\\xampp\\htdocs...', 22, Array)
#1 C:\xampp\htdocs\monitoring-splf2020\vendor\codeigniter4\framework\system\CodeIgniter.php(802): App\Controllers\GetData->getBS()
#2 C:\xampp\htdocs\monitoring-splf2020\vendor\codeigniter4\framework\system\CodeIgniter.php(399): CodeIgniter\CodeIgniter->runController(Object(App\Controllers\GetData))
#3 C:\xampp\htdocs\monitoring-splf2020\vendor\codeigniter4\framework\system\CodeIgniter.php(317): CodeIgniter\CodeIgniter->handleRequest(NULL, Object(Config\Cache), false)
#4 C:\xampp\htdocs\monitoring-splf2020\index.php(37): CodeIgniter\CodeIgniter->run()
#5 {main}
CRITICAL - 2021-10-29 14:00:23 --> Array to string conversion
#0 C:\xampp\htdocs\monitoring-splf2020\app\Controllers\GetData.php(22): CodeIgniter\Debug\Exceptions->errorHandler(8, 'Array to string...', 'C:\\xampp\\htdocs...', 22, Array)
#1 C:\xampp\htdocs\monitoring-splf2020\vendor\codeigniter4\framework\system\CodeIgniter.php(802): App\Controllers\GetData->getBS()
#2 C:\xampp\htdocs\monitoring-splf2020\vendor\codeigniter4\framework\system\CodeIgniter.php(399): CodeIgniter\CodeIgniter->runController(Object(App\Controllers\GetData))
#3 C:\xampp\htdocs\monitoring-splf2020\vendor\codeigniter4\framework\system\CodeIgniter.php(317): CodeIgniter\CodeIgniter->handleRequest(NULL, Object(Config\Cache), false)
#4 C:\xampp\htdocs\monitoring-splf2020\index.php(37): CodeIgniter\CodeIgniter->run()
#5 {main}
CRITICAL - 2021-10-29 14:00:45 --> Array to string conversion
#0 C:\xampp\htdocs\monitoring-splf2020\app\Controllers\GetData.php(22): CodeIgniter\Debug\Exceptions->errorHandler(8, 'Array to string...', 'C:\\xampp\\htdocs...', 22, Array)
#1 C:\xampp\htdocs\monitoring-splf2020\vendor\codeigniter4\framework\system\CodeIgniter.php(802): App\Controllers\GetData->getBS()
#2 C:\xampp\htdocs\monitoring-splf2020\vendor\codeigniter4\framework\system\CodeIgniter.php(399): CodeIgniter\CodeIgniter->runController(Object(App\Controllers\GetData))
#3 C:\xampp\htdocs\monitoring-splf2020\vendor\codeigniter4\framework\system\CodeIgniter.php(317): CodeIgniter\CodeIgniter->handleRequest(NULL, Object(Config\Cache), false)
#4 C:\xampp\htdocs\monitoring-splf2020\index.php(37): CodeIgniter\CodeIgniter->run()
#5 {main}
CRITICAL - 2021-10-29 14:01:30 --> Array to string conversion
#0 C:\xampp\htdocs\monitoring-splf2020\app\Controllers\GetData.php(22): CodeIgniter\Debug\Exceptions->errorHandler(8, 'Array to string...', 'C:\\xampp\\htdocs...', 22, Array)
#1 C:\xampp\htdocs\monitoring-splf2020\vendor\codeigniter4\framework\system\CodeIgniter.php(802): App\Controllers\GetData->getBS()
#2 C:\xampp\htdocs\monitoring-splf2020\vendor\codeigniter4\framework\system\CodeIgniter.php(399): CodeIgniter\CodeIgniter->runController(Object(App\Controllers\GetData))
#3 C:\xampp\htdocs\monitoring-splf2020\vendor\codeigniter4\framework\system\CodeIgniter.php(317): CodeIgniter\CodeIgniter->handleRequest(NULL, Object(Config\Cache), false)
#4 C:\xampp\htdocs\monitoring-splf2020\index.php(37): CodeIgniter\CodeIgniter->run()
#5 {main}
CRITICAL - 2021-10-29 14:01:52 --> Array to string conversion
#0 C:\xampp\htdocs\monitoring-splf2020\app\Controllers\GetData.php(22): CodeIgniter\Debug\Exceptions->errorHandler(8, 'Array to string...', 'C:\\xampp\\htdocs...', 22, Array)
#1 C:\xampp\htdocs\monitoring-splf2020\vendor\codeigniter4\framework\system\CodeIgniter.php(802): App\Controllers\GetData->getBS()
#2 C:\xampp\htdocs\monitoring-splf2020\vendor\codeigniter4\framework\system\CodeIgniter.php(399): CodeIgniter\CodeIgniter->runController(Object(App\Controllers\GetData))
#3 C:\xampp\htdocs\monitoring-splf2020\vendor\codeigniter4\framework\system\CodeIgniter.php(317): CodeIgniter\CodeIgniter->handleRequest(NULL, Object(Config\Cache), false)
#4 C:\xampp\htdocs\monitoring-splf2020\index.php(37): CodeIgniter\CodeIgniter->run()
#5 {main}
CRITICAL - 2021-10-29 14:12:16 --> Array to string conversion
#0 C:\xampp\htdocs\monitoring-splf2020\app\Controllers\GetData.php(34): CodeIgniter\Debug\Exceptions->errorHandler(8, 'Array to string...', 'C:\\xampp\\htdocs...', 34, Array)
#1 C:\xampp\htdocs\monitoring-splf2020\vendor\codeigniter4\framework\system\CodeIgniter.php(802): App\Controllers\GetData->getBS()
#2 C:\xampp\htdocs\monitoring-splf2020\vendor\codeigniter4\framework\system\CodeIgniter.php(399): CodeIgniter\CodeIgniter->runController(Object(App\Controllers\GetData))
#3 C:\xampp\htdocs\monitoring-splf2020\vendor\codeigniter4\framework\system\CodeIgniter.php(317): CodeIgniter\CodeIgniter->handleRequest(NULL, Object(Config\Cache), false)
#4 C:\xampp\htdocs\monitoring-splf2020\index.php(37): CodeIgniter\CodeIgniter->run()
#5 {main}
CRITICAL - 2021-10-29 14:15:18 --> Array to string conversion
#0 C:\xampp\htdocs\monitoring-splf2020\app\Controllers\GetData.php(34): CodeIgniter\Debug\Exceptions->errorHandler(8, 'Array to string...', 'C:\\xampp\\htdocs...', 34, Array)
#1 C:\xampp\htdocs\monitoring-splf2020\vendor\codeigniter4\framework\system\CodeIgniter.php(802): App\Controllers\GetData->getBS()
#2 C:\xampp\htdocs\monitoring-splf2020\vendor\codeigniter4\framework\system\CodeIgniter.php(399): CodeIgniter\CodeIgniter->runController(Object(App\Controllers\GetData))
#3 C:\xampp\htdocs\monitoring-splf2020\vendor\codeigniter4\framework\system\CodeIgniter.php(317): CodeIgniter\CodeIgniter->handleRequest(NULL, Object(Config\Cache), false)
#4 C:\xampp\htdocs\monitoring-splf2020\index.php(37): CodeIgniter\CodeIgniter->run()
#5 {main}
CRITICAL - 2021-10-29 14:15:25 --> Array to string conversion
#0 C:\xampp\htdocs\monitoring-splf2020\app\Controllers\GetData.php(34): CodeIgniter\Debug\Exceptions->errorHandler(8, 'Array to string...', 'C:\\xampp\\htdocs...', 34, Array)
#1 C:\xampp\htdocs\monitoring-splf2020\vendor\codeigniter4\framework\system\CodeIgniter.php(802): App\Controllers\GetData->getBS()
#2 C:\xampp\htdocs\monitoring-splf2020\vendor\codeigniter4\framework\system\CodeIgniter.php(399): CodeIgniter\CodeIgniter->runController(Object(App\Controllers\GetData))
#3 C:\xampp\htdocs\monitoring-splf2020\vendor\codeigniter4\framework\system\CodeIgniter.php(317): CodeIgniter\CodeIgniter->handleRequest(NULL, Object(Config\Cache), false)
#4 C:\xampp\htdocs\monitoring-splf2020\index.php(37): CodeIgniter\CodeIgniter->run()
#5 {main}
CRITICAL - 2021-10-29 14:15:46 --> Array to string conversion
#0 C:\xampp\htdocs\monitoring-splf2020\app\Controllers\GetData.php(34): CodeIgniter\Debug\Exceptions->errorHandler(8, 'Array to string...', 'C:\\xampp\\htdocs...', 34, Array)
#1 C:\xampp\htdocs\monitoring-splf2020\vendor\codeigniter4\framework\system\CodeIgniter.php(802): App\Controllers\GetData->getBS()
#2 C:\xampp\htdocs\monitoring-splf2020\vendor\codeigniter4\framework\system\CodeIgniter.php(399): CodeIgniter\CodeIgniter->runController(Object(App\Controllers\GetData))
#3 C:\xampp\htdocs\monitoring-splf2020\vendor\codeigniter4\framework\system\CodeIgniter.php(317): CodeIgniter\CodeIgniter->handleRequest(NULL, Object(Config\Cache), false)
#4 C:\xampp\htdocs\monitoring-splf2020\index.php(37): CodeIgniter\CodeIgniter->run()
#5 {main}
CRITICAL - 2021-10-29 14:15:53 --> Array to string conversion
#0 C:\xampp\htdocs\monitoring-splf2020\app\Controllers\GetData.php(34): CodeIgniter\Debug\Exceptions->errorHandler(8, 'Array to string...', 'C:\\xampp\\htdocs...', 34, Array)
#1 C:\xampp\htdocs\monitoring-splf2020\vendor\codeigniter4\framework\system\CodeIgniter.php(802): App\Controllers\GetData->getBS()
#2 C:\xampp\htdocs\monitoring-splf2020\vendor\codeigniter4\framework\system\CodeIgniter.php(399): CodeIgniter\CodeIgniter->runController(Object(App\Controllers\GetData))
#3 C:\xampp\htdocs\monitoring-splf2020\vendor\codeigniter4\framework\system\CodeIgniter.php(317): CodeIgniter\CodeIgniter->handleRequest(NULL, Object(Config\Cache), false)
#4 C:\xampp\htdocs\monitoring-splf2020\index.php(37): CodeIgniter\CodeIgniter->run()
#5 {main}
CRITICAL - 2021-10-29 14:16:28 --> Array to string conversion
#0 C:\xampp\htdocs\monitoring-splf2020\app\Controllers\GetData.php(34): CodeIgniter\Debug\Exceptions->errorHandler(8, 'Array to string...', 'C:\\xampp\\htdocs...', 34, Array)
#1 C:\xampp\htdocs\monitoring-splf2020\vendor\codeigniter4\framework\system\CodeIgniter.php(802): App\Controllers\GetData->getBS()
#2 C:\xampp\htdocs\monitoring-splf2020\vendor\codeigniter4\framework\system\CodeIgniter.php(399): CodeIgniter\CodeIgniter->runController(Object(App\Controllers\GetData))
#3 C:\xampp\htdocs\monitoring-splf2020\vendor\codeigniter4\framework\system\CodeIgniter.php(317): CodeIgniter\CodeIgniter->handleRequest(NULL, Object(Config\Cache), false)
#4 C:\xampp\htdocs\monitoring-splf2020\index.php(37): CodeIgniter\CodeIgniter->run()
#5 {main}
CRITICAL - 2021-10-29 14:17:31 --> Array to string conversion
#0 C:\xampp\htdocs\monitoring-splf2020\app\Controllers\GetData.php(34): CodeIgniter\Debug\Exceptions->errorHandler(8, 'Array to string...', 'C:\\xampp\\htdocs...', 34, Array)
#1 C:\xampp\htdocs\monitoring-splf2020\vendor\codeigniter4\framework\system\CodeIgniter.php(802): App\Controllers\GetData->getBS()
#2 C:\xampp\htdocs\monitoring-splf2020\vendor\codeigniter4\framework\system\CodeIgniter.php(399): CodeIgniter\CodeIgniter->runController(Object(App\Controllers\GetData))
#3 C:\xampp\htdocs\monitoring-splf2020\vendor\codeigniter4\framework\system\CodeIgniter.php(317): CodeIgniter\CodeIgniter->handleRequest(NULL, Object(Config\Cache), false)
#4 C:\xampp\htdocs\monitoring-splf2020\index.php(37): CodeIgniter\CodeIgniter->run()
#5 {main}
CRITICAL - 2021-10-29 14:30:28 --> Array to string conversion
#0 C:\xampp\htdocs\monitoring-splf2020\app\Controllers\GetData.php(37): CodeIgniter\Debug\Exceptions->errorHandler(8, 'Array to string...', 'C:\\xampp\\htdocs...', 37, Array)
#1 C:\xampp\htdocs\monitoring-splf2020\vendor\codeigniter4\framework\system\CodeIgniter.php(802): App\Controllers\GetData->getBS()
#2 C:\xampp\htdocs\monitoring-splf2020\vendor\codeigniter4\framework\system\CodeIgniter.php(399): CodeIgniter\CodeIgniter->runController(Object(App\Controllers\GetData))
#3 C:\xampp\htdocs\monitoring-splf2020\vendor\codeigniter4\framework\system\CodeIgniter.php(317): CodeIgniter\CodeIgniter->handleRequest(NULL, Object(Config\Cache), false)
#4 C:\xampp\htdocs\monitoring-splf2020\index.php(37): CodeIgniter\CodeIgniter->run()
#5 {main}
CRITICAL - 2021-10-29 14:51:46 --> Undefined variable: dat
#0 C:\xampp\htdocs\monitoring-splf2020\app\Views\home.php(114): CodeIgniter\Debug\Exceptions->errorHandler(8, 'Undefined varia...', 'C:\\xampp\\htdocs...', 114, Array)
#1 C:\xampp\htdocs\monitoring-splf2020\vendor\codeigniter4\framework\system\View\View.php(214): include('C:\\xampp\\htdocs...')
#2 C:\xampp\htdocs\monitoring-splf2020\vendor\codeigniter4\framework\system\View\View.php(217): CodeIgniter\View\View->CodeIgniter\View\{closure}()
#3 C:\xampp\htdocs\monitoring-splf2020\vendor\codeigniter4\framework\system\Common.php(1092): CodeIgniter\View\View->render('home', Array, true)
#4 C:\xampp\htdocs\monitoring-splf2020\app\Controllers\Home.php(43): view('home', Array)
#5 C:\xampp\htdocs\monitoring-splf2020\vendor\codeigniter4\framework\system\CodeIgniter.php(802): App\Controllers\Home->index()
#6 C:\xampp\htdocs\monitoring-splf2020\vendor\codeigniter4\framework\system\CodeIgniter.php(399): CodeIgniter\CodeIgniter->runController(Object(App\Controllers\Home))
#7 C:\xampp\htdocs\monitoring-splf2020\vendor\codeigniter4\framework\system\CodeIgniter.php(317): CodeIgniter\CodeIgniter->handleRequest(NULL, Object(Config\Cache), false)
#8 C:\xampp\htdocs\monitoring-splf2020\index.php(37): CodeIgniter\CodeIgniter->run()
#9 {main}
CRITICAL - 2021-10-29 14:52:29 --> Undefined variable: dat
#0 C:\xampp\htdocs\monitoring-splf2020\app\Views\home.php(114): CodeIgniter\Debug\Exceptions->errorHandler(8, 'Undefined varia...', 'C:\\xampp\\htdocs...', 114, Array)
#1 C:\xampp\htdocs\monitoring-splf2020\vendor\codeigniter4\framework\system\View\View.php(214): include('C:\\xampp\\htdocs...')
#2 C:\xampp\htdocs\monitoring-splf2020\vendor\codeigniter4\framework\system\View\View.php(217): CodeIgniter\View\View->CodeIgniter\View\{closure}()
#3 C:\xampp\htdocs\monitoring-splf2020\vendor\codeigniter4\framework\system\Common.php(1092): CodeIgniter\View\View->render('home', Array, true)
#4 C:\xampp\htdocs\monitoring-splf2020\app\Controllers\Home.php(43): view('home', Array)
#5 C:\xampp\htdocs\monitoring-splf2020\vendor\codeigniter4\framework\system\CodeIgniter.php(802): App\Controllers\Home->index()
#6 C:\xampp\htdocs\monitoring-splf2020\vendor\codeigniter4\framework\system\CodeIgniter.php(399): CodeIgniter\CodeIgniter->runController(Object(App\Controllers\Home))
#7 C:\xampp\htdocs\monitoring-splf2020\vendor\codeigniter4\framework\system\CodeIgniter.php(317): CodeIgniter\CodeIgniter->handleRequest(NULL, Object(Config\Cache), false)
#8 C:\xampp\htdocs\monitoring-splf2020\index.php(37): CodeIgniter\CodeIgniter->run()
#9 {main}
CRITICAL - 2021-10-29 14:52:30 --> Undefined variable: dat
#0 C:\xampp\htdocs\monitoring-splf2020\app\Views\home.php(114): CodeIgniter\Debug\Exceptions->errorHandler(8, 'Undefined varia...', 'C:\\xampp\\htdocs...', 114, Array)
#1 C:\xampp\htdocs\monitoring-splf2020\vendor\codeigniter4\framework\system\View\View.php(214): include('C:\\xampp\\htdocs...')
#2 C:\xampp\htdocs\monitoring-splf2020\vendor\codeigniter4\framework\system\View\View.php(217): CodeIgniter\View\View->CodeIgniter\View\{closure}()
#3 C:\xampp\htdocs\monitoring-splf2020\vendor\codeigniter4\framework\system\Common.php(1092): CodeIgniter\View\View->render('home', Array, true)
#4 C:\xampp\htdocs\monitoring-splf2020\app\Controllers\Home.php(43): view('home', Array)
#5 C:\xampp\htdocs\monitoring-splf2020\vendor\codeigniter4\framework\system\CodeIgniter.php(802): App\Controllers\Home->index()
#6 C:\xampp\htdocs\monitoring-splf2020\vendor\codeigniter4\framework\system\CodeIgniter.php(399): CodeIgniter\CodeIgniter->runController(Object(App\Controllers\Home))
#7 C:\xampp\htdocs\monitoring-splf2020\vendor\codeigniter4\framework\system\CodeIgniter.php(317): CodeIgniter\CodeIgniter->handleRequest(NULL, Object(Config\Cache), false)
#8 C:\xampp\htdocs\monitoring-splf2020\index.php(37): CodeIgniter\CodeIgniter->run()
#9 {main}
CRITICAL - 2021-10-29 14:52:31 --> Undefined variable: dat
#0 C:\xampp\htdocs\monitoring-splf2020\app\Views\home.php(114): CodeIgniter\Debug\Exceptions->errorHandler(8, 'Undefined varia...', 'C:\\xampp\\htdocs...', 114, Array)
#1 C:\xampp\htdocs\monitoring-splf2020\vendor\codeigniter4\framework\system\View\View.php(214): include('C:\\xampp\\htdocs...')
#2 C:\xampp\htdocs\monitoring-splf2020\vendor\codeigniter4\framework\system\View\View.php(217): CodeIgniter\View\View->CodeIgniter\View\{closure}()
#3 C:\xampp\htdocs\monitoring-splf2020\vendor\codeigniter4\framework\system\Common.php(1092): CodeIgniter\View\View->render('home', Array, true)
#4 C:\xampp\htdocs\monitoring-splf2020\app\Controllers\Home.php(43): view('home', Array)
#5 C:\xampp\htdocs\monitoring-splf2020\vendor\codeigniter4\framework\system\CodeIgniter.php(802): App\Controllers\Home->index()
#6 C:\xampp\htdocs\monitoring-splf2020\vendor\codeigniter4\framework\system\CodeIgniter.php(399): CodeIgniter\CodeIgniter->runController(Object(App\Controllers\Home))
#7 C:\xampp\htdocs\monitoring-splf2020\vendor\codeigniter4\framework\system\CodeIgniter.php(317): CodeIgniter\CodeIgniter->handleRequest(NULL, Object(Config\Cache), false)
#8 C:\xampp\htdocs\monitoring-splf2020\index.php(37): CodeIgniter\CodeIgniter->run()
#9 {main}
CRITICAL - 2021-10-29 14:53:00 --> Array to string conversion
#0 C:\xampp\htdocs\monitoring-splf2020\app\Views\home.php(114): CodeIgniter\Debug\Exceptions->errorHandler(8, 'Array to string...', 'C:\\xampp\\htdocs...', 114, Array)
#1 C:\xampp\htdocs\monitoring-splf2020\vendor\codeigniter4\framework\system\View\View.php(214): include('C:\\xampp\\htdocs...')
#2 C:\xampp\htdocs\monitoring-splf2020\vendor\codeigniter4\framework\system\View\View.php(217): CodeIgniter\View\View->CodeIgniter\View\{closure}()
#3 C:\xampp\htdocs\monitoring-splf2020\vendor\codeigniter4\framework\system\Common.php(1092): CodeIgniter\View\View->render('home', Array, true)
#4 C:\xampp\htdocs\monitoring-splf2020\app\Controllers\GetData.php(13): view('home', Array)
#5 C:\xampp\htdocs\monitoring-splf2020\vendor\codeigniter4\framework\system\CodeIgniter.php(802): App\Controllers\GetData->index()
#6 C:\xampp\htdocs\monitoring-splf2020\vendor\codeigniter4\framework\system\CodeIgniter.php(399): CodeIgniter\CodeIgniter->runController(Object(App\Controllers\GetData))
#7 C:\xampp\htdocs\monitoring-splf2020\vendor\codeigniter4\framework\system\CodeIgniter.php(317): CodeIgniter\CodeIgniter->handleRequest(NULL, Object(Config\Cache), false)
#8 C:\xampp\htdocs\monitoring-splf2020\index.php(37): CodeIgniter\CodeIgniter->run()
#9 {main}
CRITICAL - 2021-10-29 14:53:19 --> Undefined variable: _SESSION
#0 C:\xampp\htdocs\monitoring-splf2020\app\Views\home.php(120): CodeIgniter\Debug\Exceptions->errorHandler(8, 'Undefined varia...', 'C:\\xampp\\htdocs...', 120, Array)
#1 C:\xampp\htdocs\monitoring-splf2020\vendor\codeigniter4\framework\system\View\View.php(214): include('C:\\xampp\\htdocs...')
#2 C:\xampp\htdocs\monitoring-splf2020\vendor\codeigniter4\framework\system\View\View.php(217): CodeIgniter\View\View->CodeIgniter\View\{closure}()
#3 C:\xampp\htdocs\monitoring-splf2020\vendor\codeigniter4\framework\system\Common.php(1092): CodeIgniter\View\View->render('home', Array, true)
#4 C:\xampp\htdocs\monitoring-splf2020\app\Controllers\GetData.php(13): view('home', Array)
#5 C:\xampp\htdocs\monitoring-splf2020\vendor\codeigniter4\framework\system\CodeIgniter.php(802): App\Controllers\GetData->index()
#6 C:\xampp\htdocs\monitoring-splf2020\vendor\codeigniter4\framework\system\CodeIgniter.php(399): CodeIgniter\CodeIgniter->runController(Object(App\Controllers\GetData))
#7 C:\xampp\htdocs\monitoring-splf2020\vendor\codeigniter4\framework\system\CodeIgniter.php(317): CodeIgniter\CodeIgniter->handleRequest(NULL, Object(Config\Cache), false)
#8 C:\xampp\htdocs\monitoring-splf2020\index.php(37): CodeIgniter\CodeIgniter->run()
#9 {main}
CRITICAL - 2021-10-29 14:53:27 --> Undefined variable: dat
#0 C:\xampp\htdocs\monitoring-splf2020\app\Views\home.php(114): CodeIgniter\Debug\Exceptions->errorHandler(8, 'Undefined varia...', 'C:\\xampp\\htdocs...', 114, Array)
#1 C:\xampp\htdocs\monitoring-splf2020\vendor\codeigniter4\framework\system\View\View.php(214): include('C:\\xampp\\htdocs...')
#2 C:\xampp\htdocs\monitoring-splf2020\vendor\codeigniter4\framework\system\View\View.php(217): CodeIgniter\View\View->CodeIgniter\View\{closure}()
#3 C:\xampp\htdocs\monitoring-splf2020\vendor\codeigniter4\framework\system\Common.php(1092): CodeIgniter\View\View->render('home', Array, true)
#4 C:\xampp\htdocs\monitoring-splf2020\app\Controllers\Home.php(43): view('home', Array)
#5 C:\xampp\htdocs\monitoring-splf2020\vendor\codeigniter4\framework\system\CodeIgniter.php(802): App\Controllers\Home->index()
#6 C:\xampp\htdocs\monitoring-splf2020\vendor\codeigniter4\framework\system\CodeIgniter.php(399): CodeIgniter\CodeIgniter->runController(Object(App\Controllers\Home))
#7 C:\xampp\htdocs\monitoring-splf2020\vendor\codeigniter4\framework\system\CodeIgniter.php(317): CodeIgniter\CodeIgniter->handleRequest(NULL, Object(Config\Cache), false)
#8 C:\xampp\htdocs\monitoring-splf2020\index.php(37): CodeIgniter\CodeIgniter->run()
#9 {main}
CRITICAL - 2021-10-29 14:53:32 --> Undefined variable: dat
#0 C:\xampp\htdocs\monitoring-splf2020\app\Views\home.php(114): CodeIgniter\Debug\Exceptions->errorHandler(8, 'Undefined varia...', 'C:\\xampp\\htdocs...', 114, Array)
#1 C:\xampp\htdocs\monitoring-splf2020\vendor\codeigniter4\framework\system\View\View.php(214): include('C:\\xampp\\htdocs...')
#2 C:\xampp\htdocs\monitoring-splf2020\vendor\codeigniter4\framework\system\View\View.php(217): CodeIgniter\View\View->CodeIgniter\View\{closure}()
#3 C:\xampp\htdocs\monitoring-splf2020\vendor\codeigniter4\framework\system\Common.php(1092): CodeIgniter\View\View->render('home', Array, true)
#4 C:\xampp\htdocs\monitoring-splf2020\app\Controllers\Home.php(43): view('home', Array)
#5 C:\xampp\htdocs\monitoring-splf2020\vendor\codeigniter4\framework\system\CodeIgniter.php(802): App\Controllers\Home->index()
#6 C:\xampp\htdocs\monitoring-splf2020\vendor\codeigniter4\framework\system\CodeIgniter.php(399): CodeIgniter\CodeIgniter->runController(Object(App\Controllers\Home))
#7 C:\xampp\htdocs\monitoring-splf2020\vendor\codeigniter4\framework\system\CodeIgniter.php(317): CodeIgniter\CodeIgniter->handleRequest(NULL, Object(Config\Cache), false)
#8 C:\xampp\htdocs\monitoring-splf2020\index.php(37): CodeIgniter\CodeIgniter->run()
#9 {main}
