CRITICAL - 2024-07-24 09:05:57 --> Object of class CodeIgniter\HTTP\RedirectResponse could not be converted to string
#0 C:\xampp\htdocs\semmakin\vendor\codeigniter4\framework\system\CodeIgniter.php(331): CodeIgniter\CodeIgniter->display404errors(Object(CodeIgniter\Exceptions\PageNotFoundException))
#1 C:\xampp\htdocs\semmakin\index.php(37): CodeIgniter\CodeIgniter->run()
#2 {main}
CRITICAL - 2024-07-24 09:07:55 --> Object of class CodeIgniter\HTTP\RedirectResponse could not be converted to string
#0 C:\xampp\htdocs\semmakin\vendor\codeigniter4\framework\system\CodeIgniter.php(331): CodeIgniter\CodeIgniter->display404errors(Object(CodeIgniter\Exceptions\PageNotFoundException))
#1 C:\xampp\htdocs\semmakin\index.php(37): CodeIgniter\CodeIgniter->run()
#2 {main}
CRITICAL - 2024-07-24 09:08:16 --> Object of class CodeIgniter\HTTP\RedirectResponse could not be converted to string
#0 C:\xampp\htdocs\semmakin\vendor\codeigniter4\framework\system\CodeIgniter.php(331): CodeIgniter\CodeIgniter->display404errors(Object(CodeIgniter\Exceptions\PageNotFoundException))
#1 C:\xampp\htdocs\semmakin\index.php(37): CodeIgniter\CodeIgniter->run()
#2 {main}
CRITICAL - 2024-07-24 09:09:40 --> Invalid file: laporan_tkpkd.php
#0 C:\xampp\htdocs\semmakin\vendor\codeigniter4\framework\system\View\View.php(198): CodeIgniter\Exceptions\FrameworkException::forInvalidFile('laporan_tkpkd.p...')
#1 C:\xampp\htdocs\semmakin\vendor\codeigniter4\framework\system\Common.php(1092): CodeIgniter\View\View->render('laporan_tkpkd', Array, true)
#2 C:\xampp\htdocs\semmakin\app\Controllers\Kemiskinan.php(77): view('laporan_tkpkd')
#3 C:\xampp\htdocs\semmakin\vendor\codeigniter4\framework\system\CodeIgniter.php(802): App\Controllers\Kemiskinan->show_TKPKD_page()
#4 C:\xampp\htdocs\semmakin\vendor\codeigniter4\framework\system\CodeIgniter.php(399): CodeIgniter\CodeIgniter->runController(Object(App\Controllers\Kemiskinan))
#5 C:\xampp\htdocs\semmakin\vendor\codeigniter4\framework\system\CodeIgniter.php(317): CodeIgniter\CodeIgniter->handleRequest(NULL, Object(Config\Cache), false)
#6 C:\xampp\htdocs\semmakin\index.php(37): CodeIgniter\CodeIgniter->run()
#7 {main}
CRITICAL - 2024-07-24 09:10:00 --> Invalid file: laporan_tkpkd.php
#0 C:\xampp\htdocs\semmakin\vendor\codeigniter4\framework\system\View\View.php(198): CodeIgniter\Exceptions\FrameworkException::forInvalidFile('laporan_tkpkd.p...')
#1 C:\xampp\htdocs\semmakin\vendor\codeigniter4\framework\system\Common.php(1092): CodeIgniter\View\View->render('laporan_tkpkd', Array, true)
#2 C:\xampp\htdocs\semmakin\app\Controllers\Kemiskinan.php(77): view('laporan_tkpkd')
#3 C:\xampp\htdocs\semmakin\vendor\codeigniter4\framework\system\CodeIgniter.php(802): App\Controllers\Kemiskinan->show_TKPKD_page()
#4 C:\xampp\htdocs\semmakin\vendor\codeigniter4\framework\system\CodeIgniter.php(399): CodeIgniter\CodeIgniter->runController(Object(App\Controllers\Kemiskinan))
#5 C:\xampp\htdocs\semmakin\vendor\codeigniter4\framework\system\CodeIgniter.php(317): CodeIgniter\CodeIgniter->handleRequest(NULL, Object(Config\Cache), false)
#6 C:\xampp\htdocs\semmakin\index.php(37): CodeIgniter\CodeIgniter->run()
#7 {main}
CRITICAL - 2024-07-24 09:55:53 --> Object of class CodeIgniter\HTTP\RedirectResponse could not be converted to string
#0 C:\xampp\htdocs\semmakin\vendor\codeigniter4\framework\system\CodeIgniter.php(331): CodeIgniter\CodeIgniter->display404errors(Object(CodeIgniter\Exceptions\PageNotFoundException))
#1 C:\xampp\htdocs\semmakin\index.php(37): CodeIgniter\CodeIgniter->run()
#2 {main}
CRITICAL - 2024-07-24 09:56:38 --> Object of class CodeIgniter\HTTP\RedirectResponse could not be converted to string
#0 C:\xampp\htdocs\semmakin\vendor\codeigniter4\framework\system\CodeIgniter.php(331): CodeIgniter\CodeIgniter->display404errors(Object(CodeIgniter\Exceptions\PageNotFoundException))
#1 C:\xampp\htdocs\semmakin\index.php(37): CodeIgniter\CodeIgniter->run()
#2 {main}
CRITICAL - 2024-07-24 09:57:50 --> Object of class CodeIgniter\HTTP\RedirectResponse could not be converted to string
#0 C:\xampp\htdocs\semmakin\vendor\codeigniter4\framework\system\CodeIgniter.php(331): CodeIgniter\CodeIgniter->display404errors(Object(CodeIgniter\Exceptions\PageNotFoundException))
#1 C:\xampp\htdocs\semmakin\index.php(37): CodeIgniter\CodeIgniter->run()
#2 {main}
